<?xml version="1.0" encoding="UTF-8"?>
<testsuite name="testRunner.RunCukes" tests="0" skipped="0" failures="0" errors="0" timestamp="1970-01-01T00:00:00" hostname="MYNB244-6074Z72" time="0.0">
  <properties/>
  <system-out><![CDATA[@register
Feature: New user signup process
  As a user
  I want to signup for paytm app

  @smoke
  Scenario Outline: check validation message for Invalid mobile number ?[90m# Signup.feature:23?[0m
    ?[36mWhen ?[0m?[36muser enters mobile number "<Invalid number>"?[0m
    ?[36mAnd ?[0m?[36muser hide keyboard?[0m
    ?[36mAnd ?[0m?[36muser click on create new account button2?[0m
    ?[36mThen ?[0m?[36mvalidation of mobile number should be "<validation message>"?[0m

    Examples: 

  Background:                                       ?[90m# Signup.feature:6?[0m
    ?[31mGiven ?[0m?[31muser is on application homepage?[0m           ?[90m# SignUp_stepdefs.user_is_on_application_homepage()?[0m
      ?[31mjava.lang.AssertionError: Expected element not found on screen: Here is your new Paytm Payments Bank expected [true] but found [false]
      	at org.testng.Assert.fail(Assert.java:93)
      	at org.testng.Assert.failNotEquals(Assert.java:512)
      	at org.testng.Assert.assertTrue(Assert.java:41)
      	at utils.Assertion.checkElementExist(Assertion.java:16)
      	at stepDefinitions.SignUp_stepdefs.user_is_on_application_homepage(SignUp_stepdefs.java:30)
      	at ?.Given user is on application homepage(Signup.feature:7)
      ?[0m
    ?[36mWhen ?[0m?[36muser clicks on login icon?[0m                  ?[90m# SignUp_stepdefs.user_clicks_on_login_icon()?[0m
    ?[36mAnd ?[0m?[36muser wait for few seconds?[0m                   ?[90m# Predefined_stepDefs.user_should_wait_for_fewseconds()?[0m
    ?[36mThen ?[0m?[36muser should see "?[0m?[36m?[1mMy Orders?[0m?[36m"?[0m                ?[90m# Predefined_stepDefs.user_should_see(String)?[0m
    ?[36mWhen ?[0m?[36muser click on create a new account button1?[0m ?[90m# SignUp_stepdefs.user_click_on_create_a_new_account()?[0m
    ?[36mAnd ?[0m?[36muser wait for few seconds?[0m                   ?[90m# Predefined_stepDefs.user_should_wait_for_fewseconds()?[0m
    ?[36mAnd ?[0m?[36muser hide keyboard?[0m                          ?[90m# Predefined_stepDefs.user_hide_keyboard()?[0m
After Method Execution Starts
?[34mCurrent Page is null?[0m
[HTTP] --> GET /wd/hub/session/37687d48-e8cc-4b39-85ac-b1c41d24e4c9/screenshot {}
[debug] [MJSONWP] Calling AppiumDriver.getScreenshot() with args: ["37687d48-e8cc-4b39-85ac-b1c41d24e4c9"]
[debug] [ADB] Device API level: 25
[debug] [MJSONWP] Responding to client with driver.getScreenshot() result: "iVBORw0KGgoAAAANSUhEUgAABaAAAAoACAYAAABH9IXPAACAAElEQVR4AezBC5QQdIEv4N/8GRhQeflEELJMx5LRMS3btEAtI91RLLNUTKTWR1TSS4uWUrta4rYarau2W+pm2HNVSkszH6tW7rVE8QWm4fsJzADyEIR7Ovd0jmfOoGj8YQa/72vI4F1XBwAAAAAA1rESAAAAAACooAQAAAAAACooAQAAAACACkoAAAAAAKCCEgAAAAAAqKAEAAAAAAAqKAEAAAAAgApKAAAAAACgghIAAAAAAKigBAAAAAAAKigBAAAAAIAKSgAAAAAAoIISAAAAAACooAQAAAAAACooAQAAAACAChoDAAAAAHRrZ075TN7xtpF5rX5yxbX52YzfZP6CjsD61JiNXN+mpkwYNzbnnT0569Ky5cvzmxv+kKnTLsqf7rwvS5YuCwAAAMC6MGhg/+w2sjmtLc0ZNLB/Bg3on9aWnfNyZs66P+0LF6W9Y1FmzpqdO++enfaORWHttbY0Z+as2emO3vG2kdl/1F55re6d/VB+ec1NgfWtMRu54489LF+fPDHrWt+mprSNGZX37/euTJ12Ub5xzveyZOmyAAAAALxarS3NOeTAfdM6sjmj93l7Bg3sn1dr9D57prP2jkW58Zb/mxtvvT033Xp7Zs6aHbrW2tKc4cOGZOas2QHWncZsxMYfeUjOPfPk1NSnT++c/Jljc831v8stf7gjAAAAAGvjkAP3zdgD983Yg/bLoIH9U8Oggf0z9qD9Mvag/fJX7R2LcsVV1+eKq2/IlVffEP6/1pbmDB82JMC615iNUN+mphx/7GE598yTsz706dM7p5w0Ibf84dMBAAAAWJPR++yZYz56cMYetF8GDeyf9W3QwP4Zf+QhGX/kIWnvWJQrrro+l/xoRm685fa8XrW2NGf4sCEB6mjMRmjCuLH5+uSJWZ/eO3qvAAAAAHTlmCMOzqmnnJjtRwxNdzFoYP+MP/KQjD/ykMx95Imcetb5ueSyGXk9...
[HTTP] <-- GET /wd/hub/session/37687d48-e8cc-4b39-85ac-b1c41d24e4c9/screenshot 200 2208 ms - 93270 
[HTTP] --> GET /wd/hub/session/37687d48-e8cc-4b39-85ac-b1c41d24e4c9/screenshot {}
[debug] [MJSONWP] Calling AppiumDriver.getScreenshot() with args: ["37687d48-e8cc-4b39-85ac-b1c41d24e4c9"]
[debug] [ADB] Device API level: 25
[debug] [MJSONWP] Responding to client with driver.getScreenshot() result: "iVBORw0KGgoAAAANSUhEUgAABaAAAAoACAYAAABH9IXPAACAAElEQVR4AezBC5QQdIEv4N/8GRhQeflEELJMx5LRMS3btEAtI91RLLNUTKTWR1TSS4uWUrta4rYarau2W+pm2HNVSkszH6tW7rVE8QWm4fsJzADyEIR7Ovd0jmfOoGj8YQa/72vI4F1XBwAAAAAA1rESAAAAAACooAQAAAAAACooAQAAAACACkoAAAAAAKCCEgAAAAAAqKAEAAAAAAAqKAEAAAAAgApKAAAAAACgghIAAAAAAKigBAAAAAAAKigBAAAAAIAKSgAAAAAAoIISAAAAAACooAQAAAAAACooAQAAAACAChoDAAAAAHRrZ075TN7xtpF5rX5yxbX52YzfZP6CjsD61JiNXN+mpkwYNzbnnT0569Ky5cvzmxv+kKnTLsqf7rwvS5YuCwAAAMC6MGhg/+w2sjmtLc0ZNLB/Bg3on9aWnfNyZs66P+0LF6W9Y1FmzpqdO++enfaORWHttbY0Z+as2emO3vG2kdl/1F55re6d/VB+ec1NgfWtMRu54489LF+fPDHrWt+mprSNGZX37/euTJ12Ub5xzveyZOmyAAAAALxarS3NOeTAfdM6sjmj93l7Bg3sn1dr9D57prP2jkW58Zb/mxtvvT033Xp7Zs6aHbrW2tKc4cOGZOas2QHWncZsxMYfeUjOPfPk1NSnT++c/Jljc831v8stf7gjAAAAAGvjkAP3zdgD983Yg/bLoIH9U8Oggf0z9qD9Mvag/fJX7R2LcsVV1+eKq2/IlVffEP6/1pbmDB82JMC615iNUN+mphx/7GE598yTsz706dM7p5w0Ibf84dMBAAAAWJPR++yZYz56cMYetF8GDeyf9W3QwP4Zf+QhGX/kIWnvWJQrrro+l/xoRm685fa8XrW2NGf4sCEB6mjMRmjCuLH5+uSJWZ/eO3qvAAAAAHTlmCMOzqmnnJjtRwxNdzFoYP+MP/KQjD/ykMx95Imcetb5ueSyGXk9...
[HTTP] <-- GET /wd/hub/session/37687d48-e8cc-4b39-85ac-b1c41d24e4c9/screenshot 200 1989 ms - 93154 
Screenshot taken forcheck validation message for Invalid mobile numbertest case
[HTTP] --> DELETE /wd/hub/session/37687d48-e8cc-4b39-85ac-b1c41d24e4c9 {}
[debug] [MJSONWP] Calling AppiumDriver.deleteSession() with args: ["37687d48-e8cc-4b39-85ac-b1c41d24e4c9"]
[debug] [BaseDriver] Event 'quitSessionRequested' logged at 1507357214381 (14:20:14 GMT+0800 (Malay Peninsula Standard Time))
[Appium] Removing session 37687d48-e8cc-4b39-85ac-b1c41d24e4c9 from our master session list
[debug] [AndroidDriver] Shutting down Android driver
[debug] [ADB] Getting connected devices...
[debug] [ADB] 1 device(s) connected
[debug] [ADB] Running 'E:\Android\android-sdk-windows\platform-tools\adb.exe' with args: ["-P",5037,"-s","emulator-5554","shell","am","force-stop","net.one97.paytm"]
[debug] [ADB] Pressing the HOME button
[debug] [ADB] Getting connected devices...
[debug] [ADB] 1 device(s) connected
[debug] [ADB] Running 'E:\Android\android-sdk-windows\platform-tools\adb.exe' with args: ["-P",5037,"-s","emulator-5554","shell","input","keyevent",3]
[debug] [AndroidBootstrap] Sending command to android: {"cmd":"shutdown"}
[debug] [AndroidBootstrap] Received command result from bootstrap
[debug] [UiAutomator] Shutting down UiAutomator
[debug] [UiAutomator] Moving to state 'stopping'
[debug] [UiAutomator] UiAutomator shut down normally
[debug] [UiAutomator] Moving to state 'stopped'
[debug] [ADB] Attempting to kill all uiautomator processes
[debug] [ADB] Getting all processes with uiautomator
[debug] [ADB] Getting connected devices...
[debug] [ADB] 1 device(s) connected
[debug] [ADB] Running 'E:\Android\android-sdk-windows\platform-tools\adb.exe' with args: ["-P",5037,"-s","emulator-5554","shell","ps"]
[ADB] No uiautomator process found to kill, continuing...
[debug] [UiAutomator] Moving to state 'stopped'
[debug] [Logcat] Stopping logcat capture
[debug] [ADB] Getting connected devices...
[debug] [ADB] 1 device(s) connected
[debug] [ADB] Running 'E:\Android\android-sdk-windows\platform-tools\adb.exe' with args: ["-P",5037,"-s","emulator-5554","shell","am","force-stop","io.appium.unlock"]
[debug] [AndroidDriver] Not cleaning generated files. Add `clearSystemFiles` capability if wanted.
[debug] [BaseDriver] Event 'quitSessionFinished' logged at 1507357217699 (14:20:17 GMT+0800 (Malay Peninsula Standard Time))
[debug] [MJSONWP] Received response: null
[debug] [MJSONWP] But deleting session, so not returning
[debug] [MJSONWP] Responding to client with driver.deleteSession() result: null
[HTTP] <-- DELETE /wd/hub/session/37687d48-e8cc-4b39-85ac-b1c41d24e4c9 200 3319 ms - 76 
[HTTP] --> POST /wd/hub/session/8d948509-0512-4aa7-adc6-02bdbbc7ce91/timeouts {"type":"implicit","ms":0}
[debug] [MJSONWP] Calling AppiumDriver.timeouts() with args: ["implicit",0,"8d948509-0512-4aa7-adc6-02bdbbc7ce91"]
[debug] [BaseDriver] Set implicit wait to 0ms
[debug] [MJSONWP] Responding to client with driver.timeouts() result: null
[HTTP] <-- POST /wd/hub/session/8d948509-0512-4aa7-adc6-02bdbbc7ce91/timeouts 200 2 ms - 76 
[HTTP] --> GET /wd/hub/session/8d948509-0512-4aa7-adc6-02bdbbc7ce91/context {}
[debug] [MJSONWP] Calling AppiumDriver.getCurrentContext() with args: ["8d948509-0512-4aa7-adc6-02bdbbc7ce91"]
[debug] [MJSONWP] Responding to client with driver.getCurrentContext() result: "NATIVE_APP"
[HTTP] <-- GET /wd/hub/session/8d948509-0512-4aa7-adc6-02bdbbc7ce91/context 200 3 ms - 84 
[HTTP] --> POST /wd/hub/session/8d948509-0512-4aa7-adc6-02bdbbc7ce91/element {"using":"xpath","value":"//android.widget.TextView[@text='Login']"}
[debug] [MJSONWP] Calling AppiumDriver.findElement() with args: ["xpath","//android.widget.TextView[@text='Login']","8d948509-0512-4aa7-adc6-02bdbbc7ce91"]
[debug] [BaseDriver] Valid locator strategies for this request: xpath, id, class name, accessibility id, -android uiautomator
[debug] [BaseDriver] Valid locator strategies for this request: xpath, id, class name, accessibility id, -android uiautomator
[debug] [BaseDriver] Waiting up to 0 ms for condition
[debug] [AndroidBootstrap] Sending command to android: {"cmd":"action","action":"find","params":{"strategy":"xpath","selector":"//android.widget.TextView[@text='Login']","context":"","multiple":false}}
[debug] [AndroidBootstrap] [BOOTSTRAP LOG] [debug] Got data from client: {"cmd":"action","action":"find","params":{"strategy":"xpath","selector":"//android.widget.TextView[@text='Login']","context":"","multiple":false}}
[debug] [AndroidBootstrap] [BOOTSTRAP LOG] [debug] Got command of type ACTION
[debug] [AndroidBootstrap] [BOOTSTRAP LOG] [debug] Got command action: find
[debug] [AndroidBootstrap] [BOOTSTRAP LOG] [debug] Finding '//android.widget.TextView[@text='Login']' using 'XPATH' with the contextId: '' multiple: false
[debug] [AndroidBootstrap] [BOOTSTRAP LOG] [debug] Using: UiSelector[CLASS=android.widget.TextView, INSTANCE=22]
[debug] [AndroidBootstrap] [BOOTSTRAP LOG] [debug] Returning result: {"status":0,"value":{"ELEMENT":"2"}}
[debug] [AndroidBootstrap] Received command result from bootstrap
[debug] [MJSONWP] Responding to client with driver.findElement() result: {"ELEMENT":"2"}
[HTTP] <-- POST /wd/hub/session/8d948509-0512-4aa7-adc6-02bdbbc7ce91/element 200 103 ms - 87 
[HTTP] --> POST /wd/hub/session/8d948509-0512-4aa7-adc6-02bdbbc7ce91/timeouts {"type":"implicit","ms":1000}
[debug] [MJSONWP] Calling AppiumDriver.timeouts() with args: ["implicit",1000,"8d948509-0512-4aa7-adc6-02bdbbc7ce91"]
[debug] [BaseDriver] Set implicit wait to 1000ms
[debug] [MJSONWP] Responding to client with driver.timeouts() result: null
[HTTP] <-- POST /wd/hub/session/8d948509-0512-4aa7-adc6-02bdbbc7ce91/timeouts 200 2 ms - 76 
[HTTP] --> POST /wd/hub/session/8d948509-0512-4aa7-adc6-02bdbbc7ce91/element/2/click {"id":"2"}
[debug] [MJSONWP] Calling AppiumDriver.click() with args: ["2","8d948509-0512-4aa7-adc6-02bdbbc7ce91"]
[debug] [AndroidBootstrap] Sending command to android: {"cmd":"action","action":"element:click","params":{"elementId":"2"}}
[debug] [AndroidBootstrap] [BOOTSTRAP LOG] [debug] Got data from client: {"cmd":"action","action":"element:click","params":{"elementId":"2"}}
[debug] [AndroidBootstrap] [BOOTSTRAP LOG] [debug] Got command of type ACTION
[debug] [AndroidBootstrap] [BOOTSTRAP LOG] [debug] Got command action: click
[debug] [AndroidBootstrap] [BOOTSTRAP LOG] [debug] Returning result: {"status":0,"value":true}
[debug] [AndroidBootstrap] Received command result from bootstrap
[debug] [MJSONWP] Responding to client with driver.click() result: true
[HTTP] <-- POST /wd/hub/session/8d948509-0512-4aa7-adc6-02bdbbc7ce91/element/2/click 200 280 ms - 76 
[HTTP] --> POST /wd/hub/session/8d948509-0512-4aa7-adc6-02bdbbc7ce91/elements {"using":"xpath","value":"//*[@text='My Orders']"}
[debug] [MJSONWP] Calling AppiumDriver.findElements() with args: ["xpath","//*[@text='My Orders']","8d948509-0512-4aa7-adc6-02bdbbc7ce91"]
[debug] [BaseDriver] Valid locator strategies for this request: xpath, id, class name, accessibility id, -android uiautomator
[debug] [BaseDriver] Valid locator strategies for this request: xpath, id, class name, accessibility id, -android uiautomator
[debug] [BaseDriver] Waiting up to 1000 ms for condition
[debug] [AndroidBootstrap] Sending command to android: {"cmd":"action","action":"find","params":{"strategy":"xpath","selector":"//*[@text='My Orders']","context":"","multiple":true}}
[debug] [AndroidBootstrap] [BOOTSTRAP LOG] [debug] Got data from client: {"cmd":"action","action":"find","params":{"strategy":"xpath","selector":"//*[@text='My Orders']","context":"","multiple":true}}
[debug] [AndroidBootstrap] [BOOTSTRAP LOG] [debug] Got command of type ACTION
[debug] [AndroidBootstrap] [BOOTSTRAP LOG] [debug] Got command action: find
[debug] [AndroidBootstrap] [BOOTSTRAP LOG] [debug] Finding '//*[@text='My Orders']' using 'XPATH' with the contextId: '' multiple: true
[debug] [AndroidBootstrap] [BOOTSTRAP LOG] [debug] Using: UiSelector[CLASS=android.widget.TextView, INSTANCE=2]
[debug] [AndroidBootstrap] [BOOTSTRAP LOG] [debug] getElements selector:UiSelector[CLASS=android.widget.TextView, INSTANCE=2]
[debug] [AndroidBootstrap] [BOOTSTRAP LOG] [debug] Selector ends with instance.
[debug] [AndroidBootstrap] [BOOTSTRAP LOG] [debug] Returning result: {"status":0,"value":[{"ELEMENT":"3"}]}
[debug] [AndroidBootstrap] Received command result from bootstrap
[debug] [MJSONWP] Responding to client with driver.findElements() result: [{"ELEMENT":"3"}]
[HTTP] <-- POST /wd/hub/session/8d948509-0512-4aa7-adc6-02bdbbc7ce91/elements 200 87 ms - 89 
[HTTP] --> POST /wd/hub/session/8d948509-0512-4aa7-adc6-02bdbbc7ce91/timeouts {"type":"implicit","ms":0}
[debug] [MJSONWP] Calling AppiumDriver.timeouts() with args: ["implicit",0,"8d948509-0512-4aa7-adc6-02bdbbc7ce91"]
[debug] [BaseDriver] Set implicit wait to 0ms
[debug] [MJSONWP] Responding to client with driver.timeouts() result: null
[HTTP] <-- POST /wd/hub/session/8d948509-0512-4aa7-adc6-02bdbbc7ce91/timeouts 200 2 ms - 76 
[HTTP] --> GET /wd/hub/session/8d948509-0512-4aa7-adc6-02bdbbc7ce91/context {}
[debug] [MJSONWP] Calling AppiumDriver.getCurrentContext() with args: ["8d948509-0512-4aa7-adc6-02bdbbc7ce91"]
[debug] [MJSONWP] Responding to client with driver.getCurrentContext() result: "NATIVE_APP"
[HTTP] <-- GET /wd/hub/session/8d948509-0512-4aa7-adc6-02bdbbc7ce91/context 200 2 ms - 84 
[HTTP] --> POST /wd/hub/session/8d948509-0512-4aa7-adc6-02bdbbc7ce91/element {"using":"id","value":"net.one97.paytm:id/profile_signup"}
[debug] [MJSONWP] Calling AppiumDriver.findElement() with args: ["id","net.one97.paytm:id/profile_signup","8d948509-0512-4aa7-adc6-02bdbbc7ce91"]
[debug] [BaseDriver] Valid locator strategies for this request: xpath, id, class name, accessibility id, -android uiautomator
[debug] [BaseDriver] Valid locator strategies for this request: xpath, id, class name, accessibility id, -android uiautomator
[debug] [BaseDriver] Waiting up to 0 ms for condition
[debug] [AndroidBootstrap] Sending command to android: {"cmd":"action","action":"find","params":{"strategy":"id","selector":"net.one97.paytm:id/profile_signup","context":"","multiple":false}}
[debug] [AndroidBootstrap] [BOOTSTRAP LOG] [debug] Got data from client: {"cmd":"action","action":"find","params":{"strategy":"id","selector":"net.one97.paytm:id/profile_signup","context":"","multiple":false}}
[debug] [AndroidBootstrap] [BOOTSTRAP LOG] [debug] Got command of type ACTION
[debug] [AndroidBootstrap] [BOOTSTRAP LOG] [debug] Got command action: find
[debug] [AndroidBootstrap] [BOOTSTRAP LOG] [debug] Finding 'net.one97.paytm:id/profile_signup' using 'ID' with the contextId: '' multiple: false
[debug] [AndroidBootstrap] [BOOTSTRAP LOG] [debug] Using: UiSelector[INSTANCE=0, RESOURCE_ID=net.one97.paytm:id/profile_signup]
[debug] [AndroidBootstrap] [BOOTSTRAP LOG] [debug] Returning result: {"status":0,"value":{"ELEMENT":"4"}}
[debug] [AndroidBootstrap] Received command result from bootstrap
[debug] [MJSONWP] Responding to client with driver.findElement() result: {"ELEMENT":"4"}
[HTTP] <-- POST /wd/hub/session/8d948509-0512-4aa7-adc6-02bdbbc7ce91/element 200 43 ms - 87 
[HTTP] --> POST /wd/hub/session/8d948509-0512-4aa7-adc6-02bdbbc7ce91/timeouts {"type":"implicit","ms":1000}
[debug] [MJSONWP] Calling AppiumDriver.timeouts() with args: ["implicit",1000,"8d948509-0512-4aa7-adc6-02bdbbc7ce91"]
[debug] [BaseDriver] Set implicit wait to 1000ms
[debug] [MJSONWP] Responding to client with driver.timeouts() result: null
[HTTP] <-- POST /wd/hub/session/8d948509-0512-4aa7-adc6-02bdbbc7ce91/timeouts 200 1 ms - 76 
[HTTP] --> POST /wd/hub/session/8d948509-0512-4aa7-adc6-02bdbbc7ce91/element/4/click {"id":"4"}
[debug] [MJSONWP] Calling AppiumDriver.click() with args: ["4","8d948509-0512-4aa7-adc6-02bdbbc7ce91"]
[debug] [AndroidBootstrap] Sending command to android: {"cmd":"action","action":"element:click","params":{"elementId":"4"}}
[debug] [AndroidBootstrap] [BOOTSTRAP LOG] [debug] Got data from client: {"cmd":"action","action":"element:click","params":{"elementId":"4"}}
[debug] [AndroidBootstrap] [BOOTSTRAP LOG] [debug] Got command of type ACTION
[debug] [AndroidBootstrap] [BOOTSTRAP LOG] [debug] Got command action: click
[debug] [AndroidBootstrap] Received command result from bootstrap
[debug] [MJSONWP] Responding to client with driver.click() result: true
[HTTP] <-- POST /wd/hub/session/8d948509-0512-4aa7-adc6-02bdbbc7ce91/element/4/click 200 158 ms - 76 
[debug] [AndroidBootstrap] [BOOTSTRAP LOG] [debug] Returning result: {"status":0,"value":true}
[HTTP] --> POST /wd/hub/session/8d948509-0512-4aa7-adc6-02bdbbc7ce91/appium/device/hide_keyboard {}
[debug] [MJSONWP] Calling AppiumDriver.hideKeyboard() with args: [null,null,null,null,"8d948509-0512-4aa7-adc6-02bdbbc7ce91"]
[debug] [ADB] Getting connected devices...
[debug] [ADB] 1 device(s) connected
[debug] [ADB] Running 'E:\Android\android-sdk-windows\platform-tools\adb.exe' with args: ["-P",5037,"-s","emulator-5554","shell","dumpsys","input_method"]
[MJSONWP] Encountered internal error running command: Error: Soft keyboard not present, cannot hide keyboard
    at AndroidDriver.callee$0$0$ (../../../lib/commands/general.js:58:11)
    at tryCatch (C:\Users\vinayak\AppData\Roaming\npm\node_modules\appium\node_modules\babel-runtime\regenerator\runtime.js:67:40)
    at GeneratorFunctionPrototype.invoke [as _invoke] (C:\Users\vinayak\AppData\Roaming\npm\node_modules\appium\node_modules\babel-runtime\regenerator\runtime.js:315:22)
    at GeneratorFunctionPrototype.prototype.(anonymous function) [as next] (C:\Users\vinayak\AppData\Roaming\npm\node_modules\appium\node_modules\babel-runtime\regenerator\runtime.js:100:21)
    at GeneratorFunctionPrototype.invoke (C:\Users\vinayak\AppData\Roaming\npm\node_modules\appium\node_modules\babel-runtime\regenerator\runtime.js:136:37)
    at process._tickCallback (internal/process/next_tick.js:103:7)
[HTTP] <-- POST /wd/hub/session/8d948509-0512-4aa7-adc6-02bdbbc7ce91/appium/device/hide_keyboard 500 1448 ms - 218 
Keyboard is not present

  Background:                                       ?[90m# Signup.feature:6?[0m
    ?[32mGiven ?[0m?[32muser is on application homepage?[0m           ?[90m# SignUp_stepdefs.user_is_on_application_homepage()?[0m
    ?[32mWhen ?[0m?[32muser clicks on login icon?[0m                  ?[90m# SignUp_stepdefs.user_clicks_on_login_icon()?[0m
    ?[32mAnd ?[0m?[32muser wait for few seconds?[0m                   ?[90m# Predefined_stepDefs.user_should_wait_for_fewseconds()?[0m
    ?[32mThen ?[0m?[32muser should see "?[0m?[32m?[1mMy Orders?[0m?[32m"?[0m                ?[90m# Predefined_stepDefs.user_should_see(String)?[0m
    ?[32mWhen ?[0m?[32muser click on create a new account button1?[0m ?[90m# SignUp_stepdefs.user_click_on_create_a_new_account()?[0m
    ?[32mAnd ?[0m?[32muser wait for few seconds?[0m                   ?[90m# Predefined_stepDefs.user_should_wait_for_fewseconds()?[0m
    ?[32mAnd ?[0m?[32muser hide keyboard?[0m                          ?[90m# Predefined_stepDefs.user_hide_keyboard()?[0m
[HTTP] --> POST /wd/hub/session/8d948509-0512-4aa7-adc6-02bdbbc7ce91/timeouts {"type":"implicit","ms":0}
[debug] [MJSONWP] Calling AppiumDriver.timeouts() with args: ["implicit",0,"8d948509-0512-4aa7-adc6-02bdbbc7ce91"]
[debug] [BaseDriver] Set implicit wait to 0ms
[debug] [MJSONWP] Responding to client with driver.timeouts() result: null
[HTTP] <-- POST /wd/hub/session/8d948509-0512-4aa7-adc6-02bdbbc7ce91/timeouts 200 1 ms - 76 
[HTTP] --> GET /wd/hub/session/8d948509-0512-4aa7-adc6-02bdbbc7ce91/context {}
[debug] [MJSONWP] Calling AppiumDriver.getCurrentContext() with args: ["8d948509-0512-4aa7-adc6-02bdbbc7ce91"]
[debug] [MJSONWP] Responding to client with driver.getCurrentContext() result: "NATIVE_APP"
[HTTP] <-- GET /wd/hub/session/8d948509-0512-4aa7-adc6-02bdbbc7ce91/context 200 2 ms - 84 
[HTTP] --> POST /wd/hub/session/8d948509-0512-4aa7-adc6-02bdbbc7ce91/element {"using":"id","value":"net.one97.paytm:id/edit_mob_number"}
[debug] [MJSONWP] Calling AppiumDriver.findElement() with args: ["id","net.one97.paytm:id/edit_mob_number","8d948509-0512-4aa7-adc6-02bdbbc7ce91"]
[debug] [BaseDriver] Valid locator strategies for this request: xpath, id, class name, accessibility id, -android uiautomator
[debug] [BaseDriver] Valid locator strategies for this request: xpath, id, class name, accessibility id, -android uiautomator
[debug] [BaseDriver] Waiting up to 0 ms for condition
[debug] [AndroidBootstrap] Sending command to android: {"cmd":"action","action":"find","params":{"strategy":"id","selector":"net.one97.paytm:id/edit_mob_number","context":"","multiple":false}}
[debug] [AndroidBootstrap] [BOOTSTRAP LOG] [debug] Got data from client: {"cmd":"action","action":"find","params":{"strategy":"id","selector":"net.one97.paytm:id/edit_mob_number","context":"","multiple":false}}
[debug] [AndroidBootstrap] [BOOTSTRAP LOG] [debug] Got command of type ACTION
[debug] [AndroidBootstrap] [BOOTSTRAP LOG] [debug] Got command action: find
[debug] [AndroidBootstrap] [BOOTSTRAP LOG] [debug] Finding 'net.one97.paytm:id/edit_mob_number' using 'ID' with the contextId: '' multiple: false
[debug] [AndroidBootstrap] [BOOTSTRAP LOG] [debug] Using: UiSelector[INSTANCE=0, RESOURCE_ID=net.one97.paytm:id/edit_mob_number]
[debug] [AndroidBootstrap] Received command result from bootstrap
[debug] [MJSONWP] Responding to client with driver.findElement() result: {"ELEMENT":"5"}
[HTTP] <-- POST /wd/hub/session/8d948509-0512-4aa7-adc6-02bdbbc7ce91/element 200 719 ms - 87 
[debug] [AndroidBootstrap] [BOOTSTRAP LOG] [debug] Returning result: {"status":0,"value":{"ELEMENT":"5"}}
[HTTP] --> POST /wd/hub/session/8d948509-0512-4aa7-adc6-02bdbbc7ce91/timeouts {"type":"implicit","ms":1000}
[debug] [MJSONWP] Calling AppiumDriver.timeouts() with args: ["implicit",1000,"8d948509-0512-4aa7-adc6-02bdbbc7ce91"]
[debug] [BaseDriver] Set implicit wait to 1000ms
[debug] [MJSONWP] Responding to client with driver.timeouts() result: null
[HTTP] <-- POST /wd/hub/session/8d948509-0512-4aa7-adc6-02bdbbc7ce91/timeouts 200 2 ms - 76 
[HTTP] --> POST /wd/hub/session/8d948509-0512-4aa7-adc6-02bdbbc7ce91/element/5/click {"id":"5"}
[debug] [MJSONWP] Calling AppiumDriver.click() with args: ["5","8d948509-0512-4aa7-adc6-02bdbbc7ce91"]
[debug] [AndroidBootstrap] Sending command to android: {"cmd":"action","action":"element:click","params":{"elementId":"5"}}
[debug] [AndroidBootstrap] [BOOTSTRAP LOG] [debug] Got data from client: {"cmd":"action","action":"element:click","params":{"elementId":"5"}}
[debug] [AndroidBootstrap] [BOOTSTRAP LOG] [debug] Got command of type ACTION
[debug] [AndroidBootstrap] [BOOTSTRAP LOG] [debug] Got command action: click
[debug] [AndroidBootstrap] Received command result from bootstrap
[debug] [MJSONWP] Responding to client with driver.click() result: true
[HTTP] <-- POST /wd/hub/session/8d948509-0512-4aa7-adc6-02bdbbc7ce91/element/5/click 200 3176 ms - 76 
[debug] [AndroidBootstrap] [BOOTSTRAP LOG] [debug] Returning result: {"status":0,"value":true}
[HTTP] --> POST /wd/hub/session/8d948509-0512-4aa7-adc6-02bdbbc7ce91/timeouts {"type":"implicit","ms":0}
[debug] [MJSONWP] Calling AppiumDriver.timeouts() with args: ["implicit",0,"8d948509-0512-4aa7-adc6-02bdbbc7ce91"]
[debug] [BaseDriver] Set implicit wait to 0ms
[debug] [MJSONWP] Responding to client with driver.timeouts() result: null
[HTTP] <-- POST /wd/hub/session/8d948509-0512-4aa7-adc6-02bdbbc7ce91/timeouts 200 1 ms - 76 
[HTTP] --> GET /wd/hub/session/8d948509-0512-4aa7-adc6-02bdbbc7ce91/context {}
[debug] [MJSONWP] Calling AppiumDriver.getCurrentContext() with args: ["8d948509-0512-4aa7-adc6-02bdbbc7ce91"]
[debug] [MJSONWP] Responding to client with driver.getCurrentContext() result: "NATIVE_APP"
[HTTP] <-- GET /wd/hub/session/8d948509-0512-4aa7-adc6-02bdbbc7ce91/context 200 4 ms - 84 
[HTTP] --> POST /wd/hub/session/8d948509-0512-4aa7-adc6-02bdbbc7ce91/element {"using":"id","value":"net.one97.paytm:id/edit_mob_number"}
[debug] [MJSONWP] Calling AppiumDriver.findElement() with args: ["id","net.one97.paytm:id/edit_mob_number","8d948509-0512-4aa7-adc6-02bdbbc7ce91"]
[debug] [BaseDriver] Valid locator strategies for this request: xpath, id, class name, accessibility id, -android uiautomator
[debug] [BaseDriver] Valid locator strategies for this request: xpath, id, class name, accessibility id, -android uiautomator
[debug] [BaseDriver] Waiting up to 0 ms for condition
[debug] [AndroidBootstrap] Sending command to android: {"cmd":"action","action":"find","params":{"strategy":"id","selector":"net.one97.paytm:id/edit_mob_number","context":"","multiple":false}}
[debug] [AndroidBootstrap] [BOOTSTRAP LOG] [debug] Got data from client: {"cmd":"action","action":"find","params":{"strategy":"id","selector":"net.one97.paytm:id/edit_mob_number","context":"","multiple":false}}
[debug] [AndroidBootstrap] [BOOTSTRAP LOG] [debug] Got command of type ACTION
[debug] [AndroidBootstrap] [BOOTSTRAP LOG] [debug] Got command action: find
[debug] [AndroidBootstrap] [BOOTSTRAP LOG] [debug] Finding 'net.one97.paytm:id/edit_mob_number' using 'ID' with the contextId: '' multiple: false
[debug] [AndroidBootstrap] [BOOTSTRAP LOG] [debug] Using: UiSelector[INSTANCE=0, RESOURCE_ID=net.one97.paytm:id/edit_mob_number]
[debug] [AndroidBootstrap] [BOOTSTRAP LOG] [debug] Returning result: {"status":0,"value":{"ELEMENT":"6"}}
[debug] [AndroidBootstrap] Received command result from bootstrap
[debug] [MJSONWP] Responding to client with driver.findElement() result: {"ELEMENT":"6"}
[HTTP] <-- POST /wd/hub/session/8d948509-0512-4aa7-adc6-02bdbbc7ce91/element 200 19 ms - 87 
[HTTP] --> POST /wd/hub/session/8d948509-0512-4aa7-adc6-02bdbbc7ce91/timeouts {"type":"implicit","ms":1000}
[debug] [MJSONWP] Calling AppiumDriver.timeouts() with args: ["implicit",1000,"8d948509-0512-4aa7-adc6-02bdbbc7ce91"]
[debug] [BaseDriver] Set implicit wait to 1000ms
[debug] [MJSONWP] Responding to client with driver.timeouts() result: null
[HTTP] <-- POST /wd/hub/session/8d948509-0512-4aa7-adc6-02bdbbc7ce91/timeouts 200 3 ms - 76 
[HTTP] --> POST /wd/hub/session/8d948509-0512-4aa7-adc6-02bdbbc7ce91/element/6/clear {"id":"6"}
[debug] [MJSONWP] Calling AppiumDriver.clear() with args: ["6","8d948509-0512-4aa7-adc6-02bdbbc7ce91"]
[debug] [AndroidBootstrap] Sending command to android: {"cmd":"action","action":"element:getText","params":{"elementId":"6"}}
[debug] [AndroidBootstrap] [BOOTSTRAP LOG] [debug] Got data from client: {"cmd":"action","action":"element:getText","params":{"elementId":"6"}}
[debug] [AndroidBootstrap] [BOOTSTRAP LOG] [debug] Got command of type ACTION
[debug] [AndroidBootstrap] [BOOTSTRAP LOG] [debug] Got command action: getText
[debug] [AndroidBootstrap] Received command result from bootstrap
[debug] [AndroidBootstrap] Sending command to android: {"cmd":"action","action":"element:click","params":{"elementId":"6"}}
[debug] [AndroidBootstrap] [BOOTSTRAP LOG] [debug] Returning result: {"status":0,"value":""}
[debug] [AndroidBootstrap] [BOOTSTRAP LOG] [debug] Got data from client: {"cmd":"action","action":"element:click","params":{"elementId":"6"}}
[debug] [AndroidBootstrap] [BOOTSTRAP LOG] [debug] Got command of type ACTION
[debug] [AndroidBootstrap] [BOOTSTRAP LOG] [debug] Got command action: click
[debug] [AndroidBootstrap] Received command result from bootstrap
[debug] [AndroidDriver] Sending up to 100 clear characters to device
[debug] [AndroidDriver] Sending 50 clear characters to device
[debug] [ADB] Clearing up to 50 characters
[debug] [ADB] Getting connected devices...
[debug] [AndroidBootstrap] [BOOTSTRAP LOG] [debug] Returning result: {"status":0,"value":true}
[debug] [ADB] 1 device(s) connected
[debug] [ADB] Running 'E:\Android\android-sdk-windows\platform-tools\adb.exe' with args: ["-P",5037,"-s","emulator-5554","shell","input","keyevent","67","112","67","112","67","112","67","112","67","112","67","112","67","112","67","112","67","112","67","112","67","112","67","112","67","112","67","112","67","112","67","112","67","112","67","112","67","112","67","112","67","112","67","112","67","112","67","112","67","112","67","112","67","112","67","112","67","112","67","112","67","112","67","112","67","112","67","112","67","112","67","112","67","112","67","112","67","112","67","112","67","112","67","112","67","112","67","112","67","112","67","112","67","112","67","112","67","112","67","112"]
[debug] [AndroidDriver] Sending 50 clear characters to device
[debug] [ADB] Clearing up to 50 characters
[debug] [ADB] Getting connected devices...
[debug] [ADB] 1 device(s) connected
[debug] [ADB] Running 'E:\Android\android-sdk-windows\platform-tools\adb.exe' with args: ["-P",5037,"-s","emulator-5554","shell","input","keyevent","67","112","67","112","67","112","67","112","67","112","67","112","67","112","67","112","67","112","67","112","67","112","67","112","67","112","67","112","67","112","67","112","67","112","67","112","67","112","67","112","67","112","67","112","67","112","67","112","67","112","67","112","67","112","67","112","67","112","67","112","67","112","67","112","67","112","67","112","67","112","67","112","67","112","67","112","67","112","67","112","67","112","67","112","67","112","67","112","67","112","67","112","67","112","67","112","67","112","67","112"]
[debug] [MJSONWP] Responding to client with driver.clear() result: null
[HTTP] <-- POST /wd/hub/session/8d948509-0512-4aa7-adc6-02bdbbc7ce91/element/6/clear 200 5787 ms - 76 
[HTTP] --> POST /wd/hub/session/8d948509-0512-4aa7-adc6-02bdbbc7ce91/timeouts {"type":"implicit","ms":0}
[debug] [MJSONWP] Calling AppiumDriver.timeouts() with args: ["implicit",0,"8d948509-0512-4aa7-adc6-02bdbbc7ce91"]
[debug] [BaseDriver] Set implicit wait to 0ms
[debug] [MJSONWP] Responding to client with driver.timeouts() result: null
[HTTP] <-- POST /wd/hub/session/8d948509-0512-4aa7-adc6-02bdbbc7ce91/timeouts 200 5 ms - 76 
[HTTP] --> GET /wd/hub/session/8d948509-0512-4aa7-adc6-02bdbbc7ce91/context {}
[debug] [MJSONWP] Calling AppiumDriver.getCurrentContext() with args: ["8d948509-0512-4aa7-adc6-02bdbbc7ce91"]
[debug] [MJSONWP] Responding to client with driver.getCurrentContext() result: "NATIVE_APP"
[HTTP] <-- GET /wd/hub/session/8d948509-0512-4aa7-adc6-02bdbbc7ce91/context 200 1 ms - 84 
[HTTP] --> POST /wd/hub/session/8d948509-0512-4aa7-adc6-02bdbbc7ce91/element {"using":"id","value":"net.one97.paytm:id/edit_mob_number"}
[debug] [MJSONWP] Calling AppiumDriver.findElement() with args: ["id","net.one97.paytm:id/edit_mob_number","8d948509-0512-4aa7-adc6-02bdbbc7ce91"]
[debug] [BaseDriver] Valid locator strategies for this request: xpath, id, class name, accessibility id, -android uiautomator
[debug] [BaseDriver] Valid locator strategies for this request: xpath, id, class name, accessibility id, -android uiautomator
[debug] [BaseDriver] Waiting up to 0 ms for condition
[debug] [AndroidBootstrap] Sending command to android: {"cmd":"action","action":"find","params":{"strategy":"id","selector":"net.one97.paytm:id/edit_mob_number","context":"","multiple":false}}
[debug] [AndroidBootstrap] [BOOTSTRAP LOG] [debug] Got data from client: {"cmd":"action","action":"find","params":{"strategy":"id","selector":"net.one97.paytm:id/edit_mob_number","context":"","multiple":false}}
[debug] [AndroidBootstrap] [BOOTSTRAP LOG] [debug] Got command of type ACTION
[debug] [AndroidBootstrap] [BOOTSTRAP LOG] [debug] Got command action: find
[debug] [AndroidBootstrap] [BOOTSTRAP LOG] [debug] Finding 'net.one97.paytm:id/edit_mob_number' using 'ID' with the contextId: '' multiple: false
[debug] [AndroidBootstrap] [BOOTSTRAP LOG] [debug] Using: UiSelector[INSTANCE=0, RESOURCE_ID=net.one97.paytm:id/edit_mob_number]
[debug] [AndroidBootstrap] Received command result from bootstrap
[debug] [MJSONWP] Responding to client with driver.findElement() result: {"ELEMENT":"7"}
[HTTP] <-- POST /wd/hub/session/8d948509-0512-4aa7-adc6-02bdbbc7ce91/element 200 31 ms - 87 
[debug] [AndroidBootstrap] [BOOTSTRAP LOG] [debug] Returning result: {"status":0,"value":{"ELEMENT":"7"}}
[HTTP] --> POST /wd/hub/session/8d948509-0512-4aa7-adc6-02bdbbc7ce91/timeouts {"type":"implicit","ms":1000}
[debug] [MJSONWP] Calling AppiumDriver.timeouts() with args: ["implicit",1000,"8d948509-0512-4aa7-adc6-02bdbbc7ce91"]
[debug] [BaseDriver] Set implicit wait to 1000ms
[debug] [MJSONWP] Responding to client with driver.timeouts() result: null
[HTTP] <-- POST /wd/hub/session/8d948509-0512-4aa7-adc6-02bdbbc7ce91/timeouts 200 3 ms - 76 
[HTTP] --> POST /wd/hub/session/8d948509-0512-4aa7-adc6-02bdbbc7ce91/element/7/value {"id":"7","value":["1231"]}
[debug] [MJSONWP] Calling AppiumDriver.setValue() with args: [["1231"],"7","8d948509-0512-4aa7-adc6-02bdbbc7ce91"]
[debug] [AndroidBootstrap] Sending command to android: {"cmd":"action","action":"element:setText","params":{"elementId":"7","text":"1231","replace":false}}
[debug] [AndroidBootstrap] [BOOTSTRAP LOG] [debug] Got data from client: {"cmd":"action","action":"element:setText","params":{"elementId":"7","text":"1231","replace":false}}
[debug] [AndroidBootstrap] [BOOTSTRAP LOG] [debug] Got command of type ACTION
[debug] [AndroidBootstrap] [BOOTSTRAP LOG] [debug] Got command action: setText
[debug] [AndroidBootstrap] [BOOTSTRAP LOG] [debug] Using element passed in: 7
[debug] [AndroidBootstrap] [BOOTSTRAP LOG] [debug] Attempting to clear using UiObject.clearText().
[debug] [AndroidBootstrap] [BOOTSTRAP LOG] [debug] Sending plain text to element: 1231
[debug] [AndroidBootstrap] [BOOTSTRAP LOG] [debug] Returning result: {"status":0,"value":true}
[debug] [AndroidBootstrap] Received command result from bootstrap
[debug] [MJSONWP] Responding to client with driver.setValue() result: true
[HTTP] <-- POST /wd/hub/session/8d948509-0512-4aa7-adc6-02bdbbc7ce91/element/7/value 200 5141 ms - 76 
[HTTP] --> POST /wd/hub/session/8d948509-0512-4aa7-adc6-02bdbbc7ce91/timeouts {"type":"implicit","ms":0}
[debug] [MJSONWP] Calling AppiumDriver.timeouts() with args: ["implicit",0,"8d948509-0512-4aa7-adc6-02bdbbc7ce91"]
[debug] [BaseDriver] Set implicit wait to 0ms
[debug] [MJSONWP] Responding to client with driver.timeouts() result: null
[HTTP] <-- POST /wd/hub/session/8d948509-0512-4aa7-adc6-02bdbbc7ce91/timeouts 200 4 ms - 76 
[HTTP] --> GET /wd/hub/session/8d948509-0512-4aa7-adc6-02bdbbc7ce91/context {}
[debug] [MJSONWP] Calling AppiumDriver.getCurrentContext() with args: ["8d948509-0512-4aa7-adc6-02bdbbc7ce91"]
[debug] [MJSONWP] Responding to client with driver.getCurrentContext() result: "NATIVE_APP"
[HTTP] <-- GET /wd/hub/session/8d948509-0512-4aa7-adc6-02bdbbc7ce91/context 200 3 ms - 84 
[HTTP] --> POST /wd/hub/session/8d948509-0512-4aa7-adc6-02bdbbc7ce91/element {"using":"id","value":"net.one97.paytm:id/edit_mob_number"}
[debug] [MJSONWP] Calling AppiumDriver.findElement() with args: ["id","net.one97.paytm:id/edit_mob_number","8d948509-0512-4aa7-adc6-02bdbbc7ce91"]
[debug] [BaseDriver] Valid locator strategies for this request: xpath, id, class name, accessibility id, -android uiautomator
[debug] [BaseDriver] Valid locator strategies for this request: xpath, id, class name, accessibility id, -android uiautomator
[debug] [BaseDriver] Waiting up to 0 ms for condition
[debug] [AndroidBootstrap] Sending command to android: {"cmd":"action","action":"find","params":{"strategy":"id","selector":"net.one97.paytm:id/edit_mob_number","context":"","multiple":false}}
[debug] [AndroidBootstrap] [BOOTSTRAP LOG] [debug] Got data from client: {"cmd":"action","action":"find","params":{"strategy":"id","selector":"net.one97.paytm:id/edit_mob_number","context":"","multiple":false}}
[debug] [AndroidBootstrap] [BOOTSTRAP LOG] [debug] Got command of type ACTION
[debug] [AndroidBootstrap] [BOOTSTRAP LOG] [debug] Got command action: find
[debug] [AndroidBootstrap] [BOOTSTRAP LOG] [debug] Finding 'net.one97.paytm:id/edit_mob_number' using 'ID' with the contextId: '' multiple: false
[debug] [AndroidBootstrap] [BOOTSTRAP LOG] [debug] Using: UiSelector[INSTANCE=0, RESOURCE_ID=net.one97.paytm:id/edit_mob_number]
[debug] [AndroidBootstrap] [BOOTSTRAP LOG] [debug] Returning result: {"status":0,"value":{"ELEMENT":"8"}}
[debug] [AndroidBootstrap] Received command result from bootstrap
[debug] [MJSONWP] Responding to client with driver.findElement() result: {"ELEMENT":"8"}
[HTTP] <-- POST /wd/hub/session/8d948509-0512-4aa7-adc6-02bdbbc7ce91/element 200 363 ms - 87 
[HTTP] --> POST /wd/hub/session/8d948509-0512-4aa7-adc6-02bdbbc7ce91/timeouts {"type":"implicit","ms":1000}
[debug] [MJSONWP] Calling AppiumDriver.timeouts() with args: ["implicit",1000,"8d948509-0512-4aa7-adc6-02bdbbc7ce91"]
[debug] [BaseDriver] Set implicit wait to 1000ms
[debug] [MJSONWP] Responding to client with driver.timeouts() result: null
[HTTP] <-- POST /wd/hub/session/8d948509-0512-4aa7-adc6-02bdbbc7ce91/timeouts 200 2 ms - 76 
[HTTP] --> GET /wd/hub/session/8d948509-0512-4aa7-adc6-02bdbbc7ce91/element/8/text {}
[debug] [MJSONWP] Calling AppiumDriver.getText() with args: ["8","8d948509-0512-4aa7-adc6-02bdbbc7ce91"]
[debug] [AndroidBootstrap] Sending command to android: {"cmd":"action","action":"element:getText","params":{"elementId":"8"}}
[debug] [AndroidBootstrap] [BOOTSTRAP LOG] [debug] Got data from client: {"cmd":"action","action":"element:getText","params":{"elementId":"8"}}
[debug] [AndroidBootstrap] [BOOTSTRAP LOG] [debug] Got command of type ACTION
[debug] [AndroidBootstrap] [BOOTSTRAP LOG] [debug] Got command action: getText
[debug] [AndroidBootstrap] Received command result from bootstrap
[debug] [MJSONWP] Responding to client with driver.getText() result: "1231"
[HTTP] <-- GET /wd/hub/session/8d948509-0512-4aa7-adc6-02bdbbc7ce91/element/8/text 200 14 ms - 78 
[debug] [AndroidBootstrap] [BOOTSTRAP LOG] [debug] Returning result: {"status":0,"value":"1231"}
[HTTP] --> POST /wd/hub/session/8d948509-0512-4aa7-adc6-02bdbbc7ce91/appium/device/hide_keyboard {}
[debug] [MJSONWP] Calling AppiumDriver.hideKeyboard() with args: [null,null,null,null,"8d948509-0512-4aa7-adc6-02bdbbc7ce91"]
[debug] [ADB] Getting connected devices...
[debug] [ADB] 1 device(s) connected
[debug] [ADB] Running 'E:\Android\android-sdk-windows\platform-tools\adb.exe' with args: ["-P",5037,"-s","emulator-5554","shell","dumpsys","input_method"]
[debug] [AndroidBootstrap] Sending command to android: {"cmd":"action","action":"pressBack","params":{}}
[debug] [AndroidBootstrap] [BOOTSTRAP LOG] [debug] Got data from client: {"cmd":"action","action":"pressBack","params":{}}
[debug] [AndroidBootstrap] [BOOTSTRAP LOG] [debug] Got command of type ACTION
[debug] [AndroidBootstrap] [BOOTSTRAP LOG] [debug] Got command action: pressBack
[debug] [AndroidBootstrap] Received command result from bootstrap
[debug] [MJSONWP] Responding to client with driver.hideKeyboard() result: true
[HTTP] <-- POST /wd/hub/session/8d948509-0512-4aa7-adc6-02bdbbc7ce91/appium/device/hide_keyboard 200 324 ms - 76 
[debug] [AndroidBootstrap] [BOOTSTRAP LOG] [debug] Returning result: {"status":0,"value":true}
[HTTP] --> POST /wd/hub/session/8d948509-0512-4aa7-adc6-02bdbbc7ce91/timeouts {"type":"implicit","ms":0}
[debug] [MJSONWP] Calling AppiumDriver.timeouts() with args: ["implicit",0,"8d948509-0512-4aa7-adc6-02bdbbc7ce91"]
[debug] [BaseDriver] Set implicit wait to 0ms
[debug] [MJSONWP] Responding to client with driver.timeouts() result: null
[HTTP] <-- POST /wd/hub/session/8d948509-0512-4aa7-adc6-02bdbbc7ce91/timeouts 200 5 ms - 76 
[HTTP] --> GET /wd/hub/session/8d948509-0512-4aa7-adc6-02bdbbc7ce91/context {}
[debug] [MJSONWP] Calling AppiumDriver.getCurrentContext() with args: ["8d948509-0512-4aa7-adc6-02bdbbc7ce91"]
[debug] [MJSONWP] Responding to client with driver.getCurrentContext() result: "NATIVE_APP"
[HTTP] <-- GET /wd/hub/session/8d948509-0512-4aa7-adc6-02bdbbc7ce91/context 200 9 ms - 84 
[HTTP] --> POST /wd/hub/session/8d948509-0512-4aa7-adc6-02bdbbc7ce91/element {"using":"id","value":"net.one97.paytm:id/sign_up_btn"}
[debug] [MJSONWP] Calling AppiumDriver.findElement() with args: ["id","net.one97.paytm:id/sign_up_btn","8d948509-0512-4aa7-adc6-02bdbbc7ce91"]
[debug] [BaseDriver] Valid locator strategies for this request: xpath, id, class name, accessibility id, -android uiautomator
[debug] [BaseDriver] Valid locator strategies for this request: xpath, id, class name, accessibility id, -android uiautomator
[debug] [BaseDriver] Waiting up to 0 ms for condition
[debug] [AndroidBootstrap] Sending command to android: {"cmd":"action","action":"find","params":{"strategy":"id","selector":"net.one97.paytm:id/sign_up_btn","context":"","multiple":false}}
[debug] [AndroidBootstrap] [BOOTSTRAP LOG] [debug] Got data from client: {"cmd":"action","action":"find","params":{"strategy":"id","selector":"net.one97.paytm:id/sign_up_btn","context":"","multiple":false}}
[debug] [AndroidBootstrap] [BOOTSTRAP LOG] [debug] Got command of type ACTION
[debug] [AndroidBootstrap] [BOOTSTRAP LOG] [debug] Got command action: find
[debug] [AndroidBootstrap] [BOOTSTRAP LOG] [debug] Finding 'net.one97.paytm:id/sign_up_btn' using 'ID' with the contextId: '' multiple: false
[debug] [AndroidBootstrap] [BOOTSTRAP LOG] [debug] Using: UiSelector[INSTANCE=0, RESOURCE_ID=net.one97.paytm:id/sign_up_btn]
[debug] [AndroidBootstrap] Received command result from bootstrap
[debug] [MJSONWP] Responding to client with driver.findElement() result: {"ELEMENT":"9"}
[HTTP] <-- POST /wd/hub/session/8d948509-0512-4aa7-adc6-02bdbbc7ce91/element 200 746 ms - 87 
[debug] [AndroidBootstrap] [BOOTSTRAP LOG] [debug] Returning result: {"status":0,"value":{"ELEMENT":"9"}}
[HTTP] --> POST /wd/hub/session/8d948509-0512-4aa7-adc6-02bdbbc7ce91/timeouts {"type":"implicit","ms":1000}
[debug] [MJSONWP] Calling AppiumDriver.timeouts() with args: ["implicit",1000,"8d948509-0512-4aa7-adc6-02bdbbc7ce91"]
[debug] [BaseDriver] Set implicit wait to 1000ms
[debug] [MJSONWP] Responding to client with driver.timeouts() result: null
[HTTP] <-- POST /wd/hub/session/8d948509-0512-4aa7-adc6-02bdbbc7ce91/timeouts 200 2 ms - 76 
[HTTP] --> POST /wd/hub/session/8d948509-0512-4aa7-adc6-02bdbbc7ce91/element/9/click {"id":"9"}
[debug] [MJSONWP] Calling AppiumDriver.click() with args: ["9","8d948509-0512-4aa7-adc6-02bdbbc7ce91"]
[debug] [AndroidBootstrap] Sending command to android: {"cmd":"action","action":"element:click","params":{"elementId":"9"}}
[debug] [AndroidBootstrap] [BOOTSTRAP LOG] [debug] Got data from client: {"cmd":"action","action":"element:click","params":{"elementId":"9"}}
[debug] [AndroidBootstrap] [BOOTSTRAP LOG] [debug] Got command of type ACTION
[debug] [AndroidBootstrap] [BOOTSTRAP LOG] [debug] Got command action: click
[debug] [AndroidBootstrap] Received command result from bootstrap
[debug] [MJSONWP] Responding to client with driver.click() result: true
[HTTP] <-- POST /wd/hub/session/8d948509-0512-4aa7-adc6-02bdbbc7ce91/element/9/click 200 142 ms - 76 
[debug] [AndroidBootstrap] [BOOTSTRAP LOG] [debug] Returning result: {"status":0,"value":true}
[HTTP] --> POST /wd/hub/session/8d948509-0512-4aa7-adc6-02bdbbc7ce91/timeouts {"type":"implicit","ms":0}
[debug] [MJSONWP] Calling AppiumDriver.timeouts() with args: ["implicit",0,"8d948509-0512-4aa7-adc6-02bdbbc7ce91"]
[debug] [BaseDriver] Set implicit wait to 0ms
[debug] [MJSONWP] Responding to client with driver.timeouts() result: null
[HTTP] <-- POST /wd/hub/session/8d948509-0512-4aa7-adc6-02bdbbc7ce91/timeouts 200 2 ms - 76 
[HTTP] --> GET /wd/hub/session/8d948509-0512-4aa7-adc6-02bdbbc7ce91/context {}
[debug] [MJSONWP] Calling AppiumDriver.getCurrentContext() with args: ["8d948509-0512-4aa7-adc6-02bdbbc7ce91"]
[debug] [MJSONWP] Responding to client with driver.getCurrentContext() result: "NATIVE_APP"
[HTTP] <-- GET /wd/hub/session/8d948509-0512-4aa7-adc6-02bdbbc7ce91/context 200 9 ms - 84 
[HTTP] --> POST /wd/hub/session/8d948509-0512-4aa7-adc6-02bdbbc7ce91/element {"using":"id","value":"net.one97.paytm:id/textinput_error"}
[debug] [MJSONWP] Calling AppiumDriver.findElement() with args: ["id","net.one97.paytm:id/textinput_error","8d948509-0512-4aa7-adc6-02bdbbc7ce91"]
[debug] [BaseDriver] Valid locator strategies for this request: xpath, id, class name, accessibility id, -android uiautomator
[debug] [BaseDriver] Valid locator strategies for this request: xpath, id, class name, accessibility id, -android uiautomator
[debug] [BaseDriver] Waiting up to 0 ms for condition
[debug] [AndroidBootstrap] Sending command to android: {"cmd":"action","action":"find","params":{"strategy":"id","selector":"net.one97.paytm:id/textinput_error","context":"","multiple":false}}
[debug] [AndroidBootstrap] [BOOTSTRAP LOG] [debug] Got data from client: {"cmd":"action","action":"find","params":{"strategy":"id","selector":"net.one97.paytm:id/textinput_error","context":"","multiple":false}}
[debug] [AndroidBootstrap] [BOOTSTRAP LOG] [debug] Got command of type ACTION
[debug] [AndroidBootstrap] [BOOTSTRAP LOG] [debug] Got command action: find
[debug] [AndroidBootstrap] [BOOTSTRAP LOG] [debug] Finding 'net.one97.paytm:id/textinput_error' using 'ID' with the contextId: '' multiple: false
[debug] [AndroidBootstrap] [BOOTSTRAP LOG] [debug] Using: UiSelector[INSTANCE=0, RESOURCE_ID=net.one97.paytm:id/textinput_error]
[debug] [AndroidBootstrap] Received command result from bootstrap
[debug] [MJSONWP] Responding to client with driver.findElement() result: {"ELEMENT":"10"}
[HTTP] <-- POST /wd/hub/session/8d948509-0512-4aa7-adc6-02bdbbc7ce91/element 200 615 ms - 88 
[debug] [AndroidBootstrap] [BOOTSTRAP LOG] [debug] Returning result: {"status":0,"value":{"ELEMENT":"10"}}
[HTTP] --> POST /wd/hub/session/8d948509-0512-4aa7-adc6-02bdbbc7ce91/timeouts {"type":"implicit","ms":1000}
[debug] [MJSONWP] Calling AppiumDriver.timeouts() with args: ["implicit",1000,"8d948509-0512-4aa7-adc6-02bdbbc7ce91"]
[debug] [BaseDriver] Set implicit wait to 1000ms
[debug] [MJSONWP] Responding to client with driver.timeouts() result: null
[HTTP] <-- POST /wd/hub/session/8d948509-0512-4aa7-adc6-02bdbbc7ce91/timeouts 200 2 ms - 76 
[HTTP] --> GET /wd/hub/session/8d948509-0512-4aa7-adc6-02bdbbc7ce91/element/10/text {}
[debug] [MJSONWP] Calling AppiumDriver.getText() with args: ["10","8d948509-0512-4aa7-adc6-02bdbbc7ce91"]
[debug] [AndroidBootstrap] Sending command to android: {"cmd":"action","action":"element:getText","params":{"elementId":"10"}}
[debug] [AndroidBootstrap] [BOOTSTRAP LOG] [debug] Got data from client: {"cmd":"action","action":"element:getText","params":{"elementId":"10"}}
[debug] [AndroidBootstrap] [BOOTSTRAP LOG] [debug] Got command of type ACTION
[debug] [AndroidBootstrap] [BOOTSTRAP LOG] [debug] Got command action: getText
[debug] [AndroidBootstrap] Received command result from bootstrap
[debug] [MJSONWP] Responding to client with driver.getText() result: "Please enter valid Mobile Number"
[HTTP] <-- GET /wd/hub/session/8d948509-0512-4aa7-adc6-02bdbbc7ce91/element/10/text 200 12 ms - 106 
[debug] [AndroidBootstrap] [BOOTSTRAP LOG] [debug] Returning result: {"status":0,"value":"Please enter valid Mobile Number"}
After Method Execution Starts
[HTTP] --> DELETE /wd/hub/session/8d948509-0512-4aa7-adc6-02bdbbc7ce91 {}
[debug] [MJSONWP] Calling AppiumDriver.deleteSession() with args: ["8d948509-0512-4aa7-adc6-02bdbbc7ce91"]
[debug] [BaseDriver] Event 'quitSessionRequested' logged at 1507357268433 (14:21:08 GMT+0800 (Malay Peninsula Standard Time))
[Appium] Removing session 8d948509-0512-4aa7-adc6-02bdbbc7ce91 from our master session list
[debug] [AndroidDriver] Shutting down Android driver
[debug] [ADB] Getting connected devices...
[debug] [ADB] 1 device(s) connected
[debug] [ADB] Running 'E:\Android\android-sdk-windows\platform-tools\adb.exe' with args: ["-P",5037,"-s","emulator-5554","shell","am","force-stop","net.one97.paytm"]
[debug] [ADB] Pressing the HOME button
[debug] [ADB] Getting connected devices...
[debug] [ADB] 1 device(s) connected
[debug] [ADB] Running 'E:\Android\android-sdk-windows\platform-tools\adb.exe' with args: ["-P",5037,"-s","emulator-5554","shell","input","keyevent",3]
[debug] [AndroidBootstrap] Sending command to android: {"cmd":"shutdown"}
[debug] [AndroidBootstrap] Received command result from bootstrap
[debug] [UiAutomator] Shutting down UiAutomator
[debug] [UiAutomator] Moving to state 'stopping'
[debug] [UiAutomator] UiAutomator shut down normally
[debug] [UiAutomator] Moving to state 'stopped'
[debug] [ADB] Attempting to kill all uiautomator processes
[debug] [ADB] Getting all processes with uiautomator
[debug] [ADB] Getting connected devices...
[debug] [ADB] 1 device(s) connected
[debug] [ADB] Running 'E:\Android\android-sdk-windows\platform-tools\adb.exe' with args: ["-P",5037,"-s","emulator-5554","shell","ps"]
[ADB] No uiautomator process found to kill, continuing...
[debug] [UiAutomator] Moving to state 'stopped'
[debug] [Logcat] Stopping logcat capture
[debug] [ADB] Getting connected devices...
[debug] [ADB] 1 device(s) connected
[debug] [ADB] Running 'E:\Android\android-sdk-windows\platform-tools\adb.exe' with args: ["-P",5037,"-s","emulator-5554","shell","am","force-stop","io.appium.unlock"]
[debug] [AndroidDriver] Not cleaning generated files. Add `clearSystemFiles` capability if wanted.
[debug] [BaseDriver] Event 'quitSessionFinished' logged at 1507357271478 (14:21:11 GMT+0800 (Malay Peninsula Standard Time))
[debug] [MJSONWP] Received response: null
[debug] [MJSONWP] But deleting session, so not returning
[debug] [MJSONWP] Responding to client with driver.deleteSession() result: null
[HTTP] <-- DELETE /wd/hub/session/8d948509-0512-4aa7-adc6-02bdbbc7ce91 200 3052 ms - 76 

  @smoke @register
  Scenario Outline: check validation message for Invalid mobile number            ?[90m# Signup.feature:32?[0m
    ?[32mWhen ?[0m?[32muser enters mobile number "?[0m?[32m?[1m1231?[0m?[32m"?[0m                                         ?[90m# SignUp_stepdefs.user_enters_mobile_number(String)?[0m
    ?[32mAnd ?[0m?[32muser hide keyboard?[0m                                                        ?[90m# Predefined_stepDefs.user_hide_keyboard()?[0m
    ?[32mAnd ?[0m?[32muser click on create new account button2?[0m                                  ?[90m# SignUp_stepdefs.user_click_on_create_new_account()?[0m
    ?[32mThen ?[0m?[32mvalidation of mobile number should be "?[0m?[32m?[1mPlease enter valid Mobile Number?[0m?[32m"?[0m ?[90m# SignUp_stepdefs.should_display_mobile_validation_message(String)?[0m

  @smoke
  Scenario Outline: check validation message for Invalid Password ?[90m# Signup.feature:36?[0m
    ?[36mWhen ?[0m?[36muser enters mobile number "9290927170"?[0m
    ?[36mWhen ?[0m?[36muser enters password "<Invalid number>"?[0m
    ?[36mAnd ?[0m?[36muser hide keyboard?[0m
    ?[36mAnd ?[0m?[36muser click on create new account button2?[0m
    ?[36mAnd ?[0m?[36muser wait for few seconds?[0m
    ?[36mThen ?[0m?[36mThe validation message should be "<validation message>"?[0m
    ?[36mAnd ?[0m?[36muser click Ok button?[0m

    Examples: 
[HTTP] --> POST /wd/hub/session/a103dc64-f731-4686-a1fe-f17fc0c05f3c/timeouts {"type":"implicit","ms":0}
[debug] [MJSONWP] Calling AppiumDriver.timeouts() with args: ["implicit",0,"a103dc64-f731-4686-a1fe-f17fc0c05f3c"]
[debug] [BaseDriver] Set implicit wait to 0ms
[debug] [MJSONWP] Responding to client with driver.timeouts() result: null
[HTTP] <-- POST /wd/hub/session/a103dc64-f731-4686-a1fe-f17fc0c05f3c/timeouts 200 8 ms - 76 
[HTTP] --> GET /wd/hub/session/a103dc64-f731-4686-a1fe-f17fc0c05f3c/context {}
[debug] [MJSONWP] Calling AppiumDriver.getCurrentContext() with args: ["a103dc64-f731-4686-a1fe-f17fc0c05f3c"]
[debug] [MJSONWP] Responding to client with driver.getCurrentContext() result: "NATIVE_APP"
[HTTP] <-- GET /wd/hub/session/a103dc64-f731-4686-a1fe-f17fc0c05f3c/context 200 10 ms - 84 
[HTTP] --> POST /wd/hub/session/a103dc64-f731-4686-a1fe-f17fc0c05f3c/element {"using":"xpath","value":"//android.widget.TextView[@text='Login']"}
[debug] [MJSONWP] Calling AppiumDriver.findElement() with args: ["xpath","//android.widget.TextView[@text='Login']","a103dc64-f731-4686-a1fe-f17fc0c05f3c"]
[debug] [BaseDriver] Valid locator strategies for this request: xpath, id, class name, accessibility id, -android uiautomator
[debug] [BaseDriver] Valid locator strategies for this request: xpath, id, class name, accessibility id, -android uiautomator
[debug] [BaseDriver] Waiting up to 0 ms for condition
[debug] [AndroidBootstrap] Sending command to android: {"cmd":"action","action":"find","params":{"strategy":"xpath","selector":"//android.widget.TextView[@text='Login']","context":"","multiple":false}}
[debug] [AndroidBootstrap] [BOOTSTRAP LOG] [debug] Got data from client: {"cmd":"action","action":"find","params":{"strategy":"xpath","selector":"//android.widget.TextView[@text='Login']","context":"","multiple":false}}
[debug] [AndroidBootstrap] [BOOTSTRAP LOG] [debug] Got command of type ACTION
[debug] [AndroidBootstrap] [BOOTSTRAP LOG] [debug] Got command action: find
[debug] [AndroidBootstrap] [BOOTSTRAP LOG] [debug] Finding '//android.widget.TextView[@text='Login']' using 'XPATH' with the contextId: '' multiple: false
[debug] [AndroidBootstrap] [BOOTSTRAP LOG] [debug] Using: UiSelector[CLASS=android.widget.TextView, INSTANCE=22]
[debug] [AndroidBootstrap] Received command result from bootstrap
[debug] [MJSONWP] Responding to client with driver.findElement() result: {"ELEMENT":"2"}
[HTTP] <-- POST /wd/hub/session/a103dc64-f731-4686-a1fe-f17fc0c05f3c/element 200 337 ms - 87 
[debug] [AndroidBootstrap] [BOOTSTRAP LOG] [debug] Returning result: {"status":0,"value":{"ELEMENT":"2"}}
[HTTP] --> POST /wd/hub/session/a103dc64-f731-4686-a1fe-f17fc0c05f3c/timeouts {"type":"implicit","ms":1000}
[debug] [MJSONWP] Calling AppiumDriver.timeouts() with args: ["implicit",1000,"a103dc64-f731-4686-a1fe-f17fc0c05f3c"]
[debug] [BaseDriver] Set implicit wait to 1000ms
[debug] [MJSONWP] Responding to client with driver.timeouts() result: null
[HTTP] <-- POST /wd/hub/session/a103dc64-f731-4686-a1fe-f17fc0c05f3c/timeouts 200 2 ms - 76 
[HTTP] --> POST /wd/hub/session/a103dc64-f731-4686-a1fe-f17fc0c05f3c/element/2/click {"id":"2"}
[debug] [MJSONWP] Calling AppiumDriver.click() with args: ["2","a103dc64-f731-4686-a1fe-f17fc0c05f3c"]
[debug] [AndroidBootstrap] Sending command to android: {"cmd":"action","action":"element:click","params":{"elementId":"2"}}
[debug] [AndroidBootstrap] [BOOTSTRAP LOG] [debug] Got data from client: {"cmd":"action","action":"element:click","params":{"elementId":"2"}}
[debug] [AndroidBootstrap] [BOOTSTRAP LOG] [debug] Got command of type ACTION
[debug] [AndroidBootstrap] [BOOTSTRAP LOG] [debug] Got command action: click
[debug] [AndroidBootstrap] Received command result from bootstrap
[debug] [MJSONWP] Responding to client with driver.click() result: true
[HTTP] <-- POST /wd/hub/session/a103dc64-f731-4686-a1fe-f17fc0c05f3c/element/2/click 200 280 ms - 76 
[debug] [AndroidBootstrap] [BOOTSTRAP LOG] [debug] Returning result: {"status":0,"value":true}
[HTTP] --> POST /wd/hub/session/a103dc64-f731-4686-a1fe-f17fc0c05f3c/elements {"using":"xpath","value":"//*[@text='My Orders']"}
[debug] [MJSONWP] Calling AppiumDriver.findElements() with args: ["xpath","//*[@text='My Orders']","a103dc64-f731-4686-a1fe-f17fc0c05f3c"]
[debug] [BaseDriver] Valid locator strategies for this request: xpath, id, class name, accessibility id, -android uiautomator
[debug] [BaseDriver] Valid locator strategies for this request: xpath, id, class name, accessibility id, -android uiautomator
[debug] [BaseDriver] Waiting up to 1000 ms for condition
[debug] [AndroidBootstrap] Sending command to android: {"cmd":"action","action":"find","params":{"strategy":"xpath","selector":"//*[@text='My Orders']","context":"","multiple":true}}
[debug] [AndroidBootstrap] [BOOTSTRAP LOG] [debug] Got data from client: {"cmd":"action","action":"find","params":{"strategy":"xpath","selector":"//*[@text='My Orders']","context":"","multiple":true}}
[debug] [AndroidBootstrap] [BOOTSTRAP LOG] [debug] Got command of type ACTION
[debug] [AndroidBootstrap] [BOOTSTRAP LOG] [debug] Got command action: find
[debug] [AndroidBootstrap] [BOOTSTRAP LOG] [debug] Finding '//*[@text='My Orders']' using 'XPATH' with the contextId: '' multiple: true
[debug] [AndroidBootstrap] [BOOTSTRAP LOG] [debug] Using: UiSelector[CLASS=android.widget.TextView, INSTANCE=2]
[debug] [AndroidBootstrap] [BOOTSTRAP LOG] [debug] getElements selector:UiSelector[CLASS=android.widget.TextView, INSTANCE=2]
[debug] [AndroidBootstrap] [BOOTSTRAP LOG] [debug] Selector ends with instance.
[debug] [AndroidBootstrap] Received command result from bootstrap
[debug] [MJSONWP] Responding to client with driver.findElements() result: [{"ELEMENT":"3"}]
[HTTP] <-- POST /wd/hub/session/a103dc64-f731-4686-a1fe-f17fc0c05f3c/elements 200 175 ms - 89 
[debug] [AndroidBootstrap] [BOOTSTRAP LOG] [debug] Returning result: {"status":0,"value":[{"ELEMENT":"3"}]}
[HTTP] --> POST /wd/hub/session/a103dc64-f731-4686-a1fe-f17fc0c05f3c/timeouts {"type":"implicit","ms":0}
[debug] [MJSONWP] Calling AppiumDriver.timeouts() with args: ["implicit",0,"a103dc64-f731-4686-a1fe-f17fc0c05f3c"]
[debug] [BaseDriver] Set implicit wait to 0ms
[debug] [MJSONWP] Responding to client with driver.timeouts() result: null
[HTTP] <-- POST /wd/hub/session/a103dc64-f731-4686-a1fe-f17fc0c05f3c/timeouts 200 2 ms - 76 
[HTTP] --> GET /wd/hub/session/a103dc64-f731-4686-a1fe-f17fc0c05f3c/context {}
[debug] [MJSONWP] Calling AppiumDriver.getCurrentContext() with args: ["a103dc64-f731-4686-a1fe-f17fc0c05f3c"]
[debug] [MJSONWP] Responding to client with driver.getCurrentContext() result: "NATIVE_APP"
[HTTP] <-- GET /wd/hub/session/a103dc64-f731-4686-a1fe-f17fc0c05f3c/context 200 2 ms - 84 
[HTTP] --> POST /wd/hub/session/a103dc64-f731-4686-a1fe-f17fc0c05f3c/element {"using":"id","value":"net.one97.paytm:id/profile_signup"}
[debug] [MJSONWP] Calling AppiumDriver.findElement() with args: ["id","net.one97.paytm:id/profile_signup","a103dc64-f731-4686-a1fe-f17fc0c05f3c"]
[debug] [BaseDriver] Valid locator strategies for this request: xpath, id, class name, accessibility id, -android uiautomator
[debug] [BaseDriver] Valid locator strategies for this request: xpath, id, class name, accessibility id, -android uiautomator
[debug] [BaseDriver] Waiting up to 0 ms for condition
[debug] [AndroidBootstrap] Sending command to android: {"cmd":"action","action":"find","params":{"strategy":"id","selector":"net.one97.paytm:id/profile_signup","context":"","multiple":false}}
[debug] [AndroidBootstrap] [BOOTSTRAP LOG] [debug] Got data from client: {"cmd":"action","action":"find","params":{"strategy":"id","selector":"net.one97.paytm:id/profile_signup","context":"","multiple":false}}
[debug] [AndroidBootstrap] [BOOTSTRAP LOG] [debug] Got command of type ACTION
[debug] [AndroidBootstrap] [BOOTSTRAP LOG] [debug] Got command action: find
[debug] [AndroidBootstrap] [BOOTSTRAP LOG] [debug] Finding 'net.one97.paytm:id/profile_signup' using 'ID' with the contextId: '' multiple: false
[debug] [AndroidBootstrap] [BOOTSTRAP LOG] [debug] Using: UiSelector[INSTANCE=0, RESOURCE_ID=net.one97.paytm:id/profile_signup]
[debug] [AndroidBootstrap] Received command result from bootstrap
[debug] [MJSONWP] Responding to client with driver.findElement() result: {"ELEMENT":"4"}
[HTTP] <-- POST /wd/hub/session/a103dc64-f731-4686-a1fe-f17fc0c05f3c/element 200 29 ms - 87 
[debug] [AndroidBootstrap] [BOOTSTRAP LOG] [debug] Returning result: {"status":0,"value":{"ELEMENT":"4"}}
[HTTP] --> POST /wd/hub/session/a103dc64-f731-4686-a1fe-f17fc0c05f3c/timeouts {"type":"implicit","ms":1000}
[debug] [MJSONWP] Calling AppiumDriver.timeouts() with args: ["implicit",1000,"a103dc64-f731-4686-a1fe-f17fc0c05f3c"]
[debug] [BaseDriver] Set implicit wait to 1000ms
[debug] [MJSONWP] Responding to client with driver.timeouts() result: null
[HTTP] <-- POST /wd/hub/session/a103dc64-f731-4686-a1fe-f17fc0c05f3c/timeouts 200 2 ms - 76 
[HTTP] --> POST /wd/hub/session/a103dc64-f731-4686-a1fe-f17fc0c05f3c/element/4/click {"id":"4"}
[debug] [MJSONWP] Calling AppiumDriver.click() with args: ["4","a103dc64-f731-4686-a1fe-f17fc0c05f3c"]
[debug] [AndroidBootstrap] Sending command to android: {"cmd":"action","action":"element:click","params":{"elementId":"4"}}
[debug] [AndroidBootstrap] [BOOTSTRAP LOG] [debug] Got data from client: {"cmd":"action","action":"element:click","params":{"elementId":"4"}}
[debug] [AndroidBootstrap] [BOOTSTRAP LOG] [debug] Got command of type ACTION
[debug] [AndroidBootstrap] [BOOTSTRAP LOG] [debug] Got command action: click
[debug] [AndroidBootstrap] Received command result from bootstrap
[debug] [MJSONWP] Responding to client with driver.click() result: true
[HTTP] <-- POST /wd/hub/session/a103dc64-f731-4686-a1fe-f17fc0c05f3c/element/4/click 200 133 ms - 76 
[debug] [AndroidBootstrap] [BOOTSTRAP LOG] [debug] Returning result: {"status":0,"value":true}
[HTTP] --> POST /wd/hub/session/a103dc64-f731-4686-a1fe-f17fc0c05f3c/appium/device/hide_keyboard {}
[debug] [MJSONWP] Calling AppiumDriver.hideKeyboard() with args: [null,null,null,null,"a103dc64-f731-4686-a1fe-f17fc0c05f3c"]
[debug] [ADB] Getting connected devices...
[debug] [ADB] 1 device(s) connected
[debug] [ADB] Running 'E:\Android\android-sdk-windows\platform-tools\adb.exe' with args: ["-P",5037,"-s","emulator-5554","shell","dumpsys","input_method"]
[MJSONWP] Encountered internal error running command: Error: Soft keyboard not present, cannot hide keyboard
    at AndroidDriver.callee$0$0$ (../../../lib/commands/general.js:58:11)
    at tryCatch (C:\Users\vinayak\AppData\Roaming\npm\node_modules\appium\node_modules\babel-runtime\regenerator\runtime.js:67:40)
    at GeneratorFunctionPrototype.invoke [as _invoke] (C:\Users\vinayak\AppData\Roaming\npm\node_modules\appium\node_modules\babel-runtime\regenerator\runtime.js:315:22)
    at GeneratorFunctionPrototype.prototype.(anonymous function) [as next] (C:\Users\vinayak\AppData\Roaming\npm\node_modules\appium\node_modules\babel-runtime\regenerator\runtime.js:100:21)
    at GeneratorFunctionPrototype.invoke (C:\Users\vinayak\AppData\Roaming\npm\node_modules\appium\node_modules\babel-runtime\regenerator\runtime.js:136:37)
    at process._tickCallback (internal/process/next_tick.js:103:7)
[HTTP] <-- POST /wd/hub/session/a103dc64-f731-4686-a1fe-f17fc0c05f3c/appium/device/hide_keyboard 500 1724 ms - 218 
Keyboard is not present

  Background:                                       ?[90m# Signup.feature:6?[0m
    ?[32mGiven ?[0m?[32muser is on application homepage?[0m           ?[90m# SignUp_stepdefs.user_is_on_application_homepage()?[0m
    ?[32mWhen ?[0m?[32muser clicks on login icon?[0m                  ?[90m# SignUp_stepdefs.user_clicks_on_login_icon()?[0m
    ?[32mAnd ?[0m?[32muser wait for few seconds?[0m                   ?[90m# Predefined_stepDefs.user_should_wait_for_fewseconds()?[0m
    ?[32mThen ?[0m?[32muser should see "?[0m?[32m?[1mMy Orders?[0m?[32m"?[0m                ?[90m# Predefined_stepDefs.user_should_see(String)?[0m
    ?[32mWhen ?[0m?[32muser click on create a new account button1?[0m ?[90m# SignUp_stepdefs.user_click_on_create_a_new_account()?[0m
    ?[32mAnd ?[0m?[32muser wait for few seconds?[0m                   ?[90m# Predefined_stepDefs.user_should_wait_for_fewseconds()?[0m
    ?[32mAnd ?[0m?[32muser hide keyboard?[0m                          ?[90m# Predefined_stepDefs.user_hide_keyboard()?[0m
[HTTP] --> POST /wd/hub/session/a103dc64-f731-4686-a1fe-f17fc0c05f3c/timeouts {"type":"implicit","ms":0}
[debug] [MJSONWP] Calling AppiumDriver.timeouts() with args: ["implicit",0,"a103dc64-f731-4686-a1fe-f17fc0c05f3c"]
[debug] [BaseDriver] Set implicit wait to 0ms
[debug] [MJSONWP] Responding to client with driver.timeouts() result: null
[HTTP] <-- POST /wd/hub/session/a103dc64-f731-4686-a1fe-f17fc0c05f3c/timeouts 200 2 ms - 76 
[HTTP] --> GET /wd/hub/session/a103dc64-f731-4686-a1fe-f17fc0c05f3c/context {}
[debug] [MJSONWP] Calling AppiumDriver.getCurrentContext() with args: ["a103dc64-f731-4686-a1fe-f17fc0c05f3c"]
[debug] [MJSONWP] Responding to client with driver.getCurrentContext() result: "NATIVE_APP"
[HTTP] <-- GET /wd/hub/session/a103dc64-f731-4686-a1fe-f17fc0c05f3c/context 200 2 ms - 84 
[HTTP] --> POST /wd/hub/session/a103dc64-f731-4686-a1fe-f17fc0c05f3c/element {"using":"id","value":"net.one97.paytm:id/edit_mob_number"}
[debug] [MJSONWP] Calling AppiumDriver.findElement() with args: ["id","net.one97.paytm:id/edit_mob_number","a103dc64-f731-4686-a1fe-f17fc0c05f3c"]
[debug] [BaseDriver] Valid locator strategies for this request: xpath, id, class name, accessibility id, -android uiautomator
[debug] [BaseDriver] Valid locator strategies for this request: xpath, id, class name, accessibility id, -android uiautomator
[debug] [BaseDriver] Waiting up to 0 ms for condition
[debug] [AndroidBootstrap] Sending command to android: {"cmd":"action","action":"find","params":{"strategy":"id","selector":"net.one97.paytm:id/edit_mob_number","context":"","multiple":false}}
[debug] [AndroidBootstrap] [BOOTSTRAP LOG] [debug] Got data from client: {"cmd":"action","action":"find","params":{"strategy":"id","selector":"net.one97.paytm:id/edit_mob_number","context":"","multiple":false}}
[debug] [AndroidBootstrap] [BOOTSTRAP LOG] [debug] Got command of type ACTION
[debug] [AndroidBootstrap] [BOOTSTRAP LOG] [debug] Got command action: find
[debug] [AndroidBootstrap] [BOOTSTRAP LOG] [debug] Finding 'net.one97.paytm:id/edit_mob_number' using 'ID' with the contextId: '' multiple: false
[debug] [AndroidBootstrap] [BOOTSTRAP LOG] [debug] Using: UiSelector[INSTANCE=0, RESOURCE_ID=net.one97.paytm:id/edit_mob_number]
[debug] [AndroidBootstrap] Received command result from bootstrap
[debug] [MJSONWP] Responding to client with driver.findElement() result: {"ELEMENT":"5"}
[HTTP] <-- POST /wd/hub/session/a103dc64-f731-4686-a1fe-f17fc0c05f3c/element 200 907 ms - 87 
[debug] [AndroidBootstrap] [BOOTSTRAP LOG] [debug] Returning result: {"status":0,"value":{"ELEMENT":"5"}}
[HTTP] --> POST /wd/hub/session/a103dc64-f731-4686-a1fe-f17fc0c05f3c/timeouts {"type":"implicit","ms":1000}
[debug] [MJSONWP] Calling AppiumDriver.timeouts() with args: ["implicit",1000,"a103dc64-f731-4686-a1fe-f17fc0c05f3c"]
[debug] [BaseDriver] Set implicit wait to 1000ms
[debug] [MJSONWP] Responding to client with driver.timeouts() result: null
[HTTP] <-- POST /wd/hub/session/a103dc64-f731-4686-a1fe-f17fc0c05f3c/timeouts 200 2 ms - 76 
[HTTP] --> POST /wd/hub/session/a103dc64-f731-4686-a1fe-f17fc0c05f3c/element/5/click {"id":"5"}
[debug] [MJSONWP] Calling AppiumDriver.click() with args: ["5","a103dc64-f731-4686-a1fe-f17fc0c05f3c"]
[debug] [AndroidBootstrap] Sending command to android: {"cmd":"action","action":"element:click","params":{"elementId":"5"}}
[debug] [AndroidBootstrap] [BOOTSTRAP LOG] [debug] Got data from client: {"cmd":"action","action":"element:click","params":{"elementId":"5"}}
[debug] [AndroidBootstrap] [BOOTSTRAP LOG] [debug] Got command of type ACTION
[debug] [AndroidBootstrap] [BOOTSTRAP LOG] [debug] Got command action: click
[debug] [AndroidBootstrap] [BOOTSTRAP LOG] [debug] Returning result: {"status":0,"value":true}
[debug] [AndroidBootstrap] Received command result from bootstrap
[debug] [MJSONWP] Responding to client with driver.click() result: true
[HTTP] <-- POST /wd/hub/session/a103dc64-f731-4686-a1fe-f17fc0c05f3c/element/5/click 200 3160 ms - 76 
[HTTP] --> POST /wd/hub/session/a103dc64-f731-4686-a1fe-f17fc0c05f3c/timeouts {"type":"implicit","ms":0}
[debug] [MJSONWP] Calling AppiumDriver.timeouts() with args: ["implicit",0,"a103dc64-f731-4686-a1fe-f17fc0c05f3c"]
[debug] [BaseDriver] Set implicit wait to 0ms
[debug] [MJSONWP] Responding to client with driver.timeouts() result: null
[HTTP] <-- POST /wd/hub/session/a103dc64-f731-4686-a1fe-f17fc0c05f3c/timeouts 200 4 ms - 76 
[HTTP] --> GET /wd/hub/session/a103dc64-f731-4686-a1fe-f17fc0c05f3c/context {}
[debug] [MJSONWP] Calling AppiumDriver.getCurrentContext() with args: ["a103dc64-f731-4686-a1fe-f17fc0c05f3c"]
[debug] [MJSONWP] Responding to client with driver.getCurrentContext() result: "NATIVE_APP"
[HTTP] <-- GET /wd/hub/session/a103dc64-f731-4686-a1fe-f17fc0c05f3c/context 200 2 ms - 84 
[HTTP] --> POST /wd/hub/session/a103dc64-f731-4686-a1fe-f17fc0c05f3c/element {"using":"id","value":"net.one97.paytm:id/edit_mob_number"}
[debug] [MJSONWP] Calling AppiumDriver.findElement() with args: ["id","net.one97.paytm:id/edit_mob_number","a103dc64-f731-4686-a1fe-f17fc0c05f3c"]
[debug] [BaseDriver] Valid locator strategies for this request: xpath, id, class name, accessibility id, -android uiautomator
[debug] [BaseDriver] Valid locator strategies for this request: xpath, id, class name, accessibility id, -android uiautomator
[debug] [BaseDriver] Waiting up to 0 ms for condition
[debug] [AndroidBootstrap] Sending command to android: {"cmd":"action","action":"find","params":{"strategy":"id","selector":"net.one97.paytm:id/edit_mob_number","context":"","multiple":false}}
[debug] [AndroidBootstrap] [BOOTSTRAP LOG] [debug] Got data from client: {"cmd":"action","action":"find","params":{"strategy":"id","selector":"net.one97.paytm:id/edit_mob_number","context":"","multiple":false}}
[debug] [AndroidBootstrap] [BOOTSTRAP LOG] [debug] Got command of type ACTION
[debug] [AndroidBootstrap] [BOOTSTRAP LOG] [debug] Got command action: find
[debug] [AndroidBootstrap] [BOOTSTRAP LOG] [debug] Finding 'net.one97.paytm:id/edit_mob_number' using 'ID' with the contextId: '' multiple: false
[debug] [AndroidBootstrap] [BOOTSTRAP LOG] [debug] Using: UiSelector[INSTANCE=0, RESOURCE_ID=net.one97.paytm:id/edit_mob_number]
[debug] [AndroidBootstrap] Received command result from bootstrap
[debug] [MJSONWP] Responding to client with driver.findElement() result: {"ELEMENT":"6"}
[HTTP] <-- POST /wd/hub/session/a103dc64-f731-4686-a1fe-f17fc0c05f3c/element 200 15 ms - 87 
[debug] [AndroidBootstrap] [BOOTSTRAP LOG] [debug] Returning result: {"status":0,"value":{"ELEMENT":"6"}}
[HTTP] --> POST /wd/hub/session/a103dc64-f731-4686-a1fe-f17fc0c05f3c/timeouts {"type":"implicit","ms":1000}
[debug] [MJSONWP] Calling AppiumDriver.timeouts() with args: ["implicit",1000,"a103dc64-f731-4686-a1fe-f17fc0c05f3c"]
[debug] [BaseDriver] Set implicit wait to 1000ms
[debug] [MJSONWP] Responding to client with driver.timeouts() result: null
[HTTP] <-- POST /wd/hub/session/a103dc64-f731-4686-a1fe-f17fc0c05f3c/timeouts 200 2 ms - 76 
[HTTP] --> POST /wd/hub/session/a103dc64-f731-4686-a1fe-f17fc0c05f3c/element/6/clear {"id":"6"}
[debug] [MJSONWP] Calling AppiumDriver.clear() with args: ["6","a103dc64-f731-4686-a1fe-f17fc0c05f3c"]
[debug] [AndroidBootstrap] Sending command to android: {"cmd":"action","action":"element:getText","params":{"elementId":"6"}}
[debug] [AndroidBootstrap] [BOOTSTRAP LOG] [debug] Got data from client: {"cmd":"action","action":"element:getText","params":{"elementId":"6"}}
[debug] [AndroidBootstrap] [BOOTSTRAP LOG] [debug] Got command of type ACTION
[debug] [AndroidBootstrap] [BOOTSTRAP LOG] [debug] Got command action: getText
[debug] [AndroidBootstrap] Received command result from bootstrap
[debug] [AndroidBootstrap] Sending command to android: {"cmd":"action","action":"element:click","params":{"elementId":"6"}}
[debug] [AndroidBootstrap] [BOOTSTRAP LOG] [debug] Returning result: {"status":0,"value":""}
[debug] [AndroidBootstrap] [BOOTSTRAP LOG] [debug] Got data from client: {"cmd":"action","action":"element:click","params":{"elementId":"6"}}
[debug] [AndroidBootstrap] [BOOTSTRAP LOG] [debug] Got command of type ACTION
[debug] [AndroidBootstrap] [BOOTSTRAP LOG] [debug] Got command action: click
[debug] [AndroidBootstrap] Received command result from bootstrap
[debug] [AndroidDriver] Sending up to 100 clear characters to device
[debug] [AndroidDriver] Sending 50 clear characters to device
[debug] [ADB] Clearing up to 50 characters
[debug] [ADB] Getting connected devices...
[debug] [AndroidBootstrap] [BOOTSTRAP LOG] [debug] Returning result: {"status":0,"value":true}
[debug] [ADB] 1 device(s) connected
[debug] [ADB] Running 'E:\Android\android-sdk-windows\platform-tools\adb.exe' with args: ["-P",5037,"-s","emulator-5554","shell","input","keyevent","67","112","67","112","67","112","67","112","67","112","67","112","67","112","67","112","67","112","67","112","67","112","67","112","67","112","67","112","67","112","67","112","67","112","67","112","67","112","67","112","67","112","67","112","67","112","67","112","67","112","67","112","67","112","67","112","67","112","67","112","67","112","67","112","67","112","67","112","67","112","67","112","67","112","67","112","67","112","67","112","67","112","67","112","67","112","67","112","67","112","67","112","67","112","67","112","67","112","67","112"]
[debug] [AndroidDriver] Sending 50 clear characters to device
[debug] [ADB] Clearing up to 50 characters
[debug] [ADB] Getting connected devices...
[debug] [ADB] 1 device(s) connected
[debug] [ADB] Running 'E:\Android\android-sdk-windows\platform-tools\adb.exe' with args: ["-P",5037,"-s","emulator-5554","shell","input","keyevent","67","112","67","112","67","112","67","112","67","112","67","112","67","112","67","112","67","112","67","112","67","112","67","112","67","112","67","112","67","112","67","112","67","112","67","112","67","112","67","112","67","112","67","112","67","112","67","112","67","112","67","112","67","112","67","112","67","112","67","112","67","112","67","112","67","112","67","112","67","112","67","112","67","112","67","112","67","112","67","112","67","112","67","112","67","112","67","112","67","112","67","112","67","112","67","112","67","112","67","112"]
[debug] [MJSONWP] Responding to client with driver.clear() result: null
[HTTP] <-- POST /wd/hub/session/a103dc64-f731-4686-a1fe-f17fc0c05f3c/element/6/clear 200 6339 ms - 76 
[HTTP] --> POST /wd/hub/session/a103dc64-f731-4686-a1fe-f17fc0c05f3c/timeouts {"type":"implicit","ms":0}
[debug] [MJSONWP] Calling AppiumDriver.timeouts() with args: ["implicit",0,"a103dc64-f731-4686-a1fe-f17fc0c05f3c"]
[debug] [BaseDriver] Set implicit wait to 0ms
[debug] [MJSONWP] Responding to client with driver.timeouts() result: null
[HTTP] <-- POST /wd/hub/session/a103dc64-f731-4686-a1fe-f17fc0c05f3c/timeouts 200 6 ms - 76 
[HTTP] --> GET /wd/hub/session/a103dc64-f731-4686-a1fe-f17fc0c05f3c/context {}
[debug] [MJSONWP] Calling AppiumDriver.getCurrentContext() with args: ["a103dc64-f731-4686-a1fe-f17fc0c05f3c"]
[debug] [MJSONWP] Responding to client with driver.getCurrentContext() result: "NATIVE_APP"
[HTTP] <-- GET /wd/hub/session/a103dc64-f731-4686-a1fe-f17fc0c05f3c/context 200 2 ms - 84 
[HTTP] --> POST /wd/hub/session/a103dc64-f731-4686-a1fe-f17fc0c05f3c/element {"using":"id","value":"net.one97.paytm:id/edit_mob_number"}
[debug] [MJSONWP] Calling AppiumDriver.findElement() with args: ["id","net.one97.paytm:id/edit_mob_number","a103dc64-f731-4686-a1fe-f17fc0c05f3c"]
[debug] [BaseDriver] Valid locator strategies for this request: xpath, id, class name, accessibility id, -android uiautomator
[debug] [BaseDriver] Valid locator strategies for this request: xpath, id, class name, accessibility id, -android uiautomator
[debug] [BaseDriver] Waiting up to 0 ms for condition
[debug] [AndroidBootstrap] Sending command to android: {"cmd":"action","action":"find","params":{"strategy":"id","selector":"net.one97.paytm:id/edit_mob_number","context":"","multiple":false}}
[debug] [AndroidBootstrap] [BOOTSTRAP LOG] [debug] Got data from client: {"cmd":"action","action":"find","params":{"strategy":"id","selector":"net.one97.paytm:id/edit_mob_number","context":"","multiple":false}}
[debug] [AndroidBootstrap] [BOOTSTRAP LOG] [debug] Got command of type ACTION
[debug] [AndroidBootstrap] [BOOTSTRAP LOG] [debug] Got command action: find
[debug] [AndroidBootstrap] [BOOTSTRAP LOG] [debug] Finding 'net.one97.paytm:id/edit_mob_number' using 'ID' with the contextId: '' multiple: false
[debug] [AndroidBootstrap] [BOOTSTRAP LOG] [debug] Using: UiSelector[INSTANCE=0, RESOURCE_ID=net.one97.paytm:id/edit_mob_number]
[debug] [AndroidBootstrap] Received command result from bootstrap
[debug] [MJSONWP] Responding to client with driver.findElement() result: {"ELEMENT":"7"}
[HTTP] <-- POST /wd/hub/session/a103dc64-f731-4686-a1fe-f17fc0c05f3c/element 200 23 ms - 87 
[debug] [AndroidBootstrap] [BOOTSTRAP LOG] [debug] Returning result: {"status":0,"value":{"ELEMENT":"7"}}
[HTTP] --> POST /wd/hub/session/a103dc64-f731-4686-a1fe-f17fc0c05f3c/timeouts {"type":"implicit","ms":1000}
[debug] [MJSONWP] Calling AppiumDriver.timeouts() with args: ["implicit",1000,"a103dc64-f731-4686-a1fe-f17fc0c05f3c"]
[debug] [BaseDriver] Set implicit wait to 1000ms
[debug] [MJSONWP] Responding to client with driver.timeouts() result: null
[HTTP] <-- POST /wd/hub/session/a103dc64-f731-4686-a1fe-f17fc0c05f3c/timeouts 200 3 ms - 76 
[HTTP] --> POST /wd/hub/session/a103dc64-f731-4686-a1fe-f17fc0c05f3c/element/7/value {"id":"7","value":["9290927170"]}
[debug] [MJSONWP] Calling AppiumDriver.setValue() with args: [["9290927170"],"7","a103dc64-f731-4686-a1fe-f17fc0c05f3c"]
[debug] [AndroidBootstrap] Sending command to android: {"cmd":"action","action":"element:setText","params":{"elementId":"7","text":"9290927170","replace":false}}
[debug] [AndroidBootstrap] [BOOTSTRAP LOG] [debug] Got data from client: {"cmd":"action","action":"element:setText","params":{"elementId":"7","text":"9290927170","replace":false}}
[debug] [AndroidBootstrap] [BOOTSTRAP LOG] [debug] Got command of type ACTION
[debug] [AndroidBootstrap] [BOOTSTRAP LOG] [debug] Got command action: setText
[debug] [AndroidBootstrap] [BOOTSTRAP LOG] [debug] Using element passed in: 7
[debug] [AndroidBootstrap] [BOOTSTRAP LOG] [debug] Attempting to clear using UiObject.clearText().
[debug] [AndroidBootstrap] [BOOTSTRAP LOG] [debug] Sending plain text to element: 9290927170
[debug] [AndroidBootstrap] [BOOTSTRAP LOG] [debug] Returning result: {"status":0,"value":true}
[debug] [AndroidBootstrap] Received command result from bootstrap
[debug] [MJSONWP] Responding to client with driver.setValue() result: true
[HTTP] <-- POST /wd/hub/session/a103dc64-f731-4686-a1fe-f17fc0c05f3c/element/7/value 200 5663 ms - 76 
[HTTP] --> POST /wd/hub/session/a103dc64-f731-4686-a1fe-f17fc0c05f3c/timeouts {"type":"implicit","ms":0}
[debug] [MJSONWP] Calling AppiumDriver.timeouts() with args: ["implicit",0,"a103dc64-f731-4686-a1fe-f17fc0c05f3c"]
[debug] [BaseDriver] Set implicit wait to 0ms
[debug] [MJSONWP] Responding to client with driver.timeouts() result: null
[HTTP] <-- POST /wd/hub/session/a103dc64-f731-4686-a1fe-f17fc0c05f3c/timeouts 200 8 ms - 76 
[HTTP] --> GET /wd/hub/session/a103dc64-f731-4686-a1fe-f17fc0c05f3c/context {}
[debug] [MJSONWP] Calling AppiumDriver.getCurrentContext() with args: ["a103dc64-f731-4686-a1fe-f17fc0c05f3c"]
[debug] [MJSONWP] Responding to client with driver.getCurrentContext() result: "NATIVE_APP"
[HTTP] <-- GET /wd/hub/session/a103dc64-f731-4686-a1fe-f17fc0c05f3c/context 200 3 ms - 84 
[HTTP] --> POST /wd/hub/session/a103dc64-f731-4686-a1fe-f17fc0c05f3c/element {"using":"id","value":"net.one97.paytm:id/edit_mob_number"}
[debug] [MJSONWP] Calling AppiumDriver.findElement() with args: ["id","net.one97.paytm:id/edit_mob_number","a103dc64-f731-4686-a1fe-f17fc0c05f3c"]
[debug] [BaseDriver] Valid locator strategies for this request: xpath, id, class name, accessibility id, -android uiautomator
[debug] [BaseDriver] Valid locator strategies for this request: xpath, id, class name, accessibility id, -android uiautomator
[debug] [BaseDriver] Waiting up to 0 ms for condition
[debug] [AndroidBootstrap] Sending command to android: {"cmd":"action","action":"find","params":{"strategy":"id","selector":"net.one97.paytm:id/edit_mob_number","context":"","multiple":false}}
[debug] [AndroidBootstrap] [BOOTSTRAP LOG] [debug] Got data from client: {"cmd":"action","action":"find","params":{"strategy":"id","selector":"net.one97.paytm:id/edit_mob_number","context":"","multiple":false}}
[debug] [AndroidBootstrap] [BOOTSTRAP LOG] [debug] Got command of type ACTION
[debug] [AndroidBootstrap] [BOOTSTRAP LOG] [debug] Got command action: find
[debug] [AndroidBootstrap] [BOOTSTRAP LOG] [debug] Finding 'net.one97.paytm:id/edit_mob_number' using 'ID' with the contextId: '' multiple: false
[debug] [AndroidBootstrap] [BOOTSTRAP LOG] [debug] Using: UiSelector[INSTANCE=0, RESOURCE_ID=net.one97.paytm:id/edit_mob_number]
[debug] [AndroidBootstrap] [BOOTSTRAP LOG] [debug] Returning result: {"status":0,"value":{"ELEMENT":"8"}}
[debug] [AndroidBootstrap] Received command result from bootstrap
[debug] [MJSONWP] Responding to client with driver.findElement() result: {"ELEMENT":"8"}
[HTTP] <-- POST /wd/hub/session/a103dc64-f731-4686-a1fe-f17fc0c05f3c/element 200 487 ms - 87 
[HTTP] --> POST /wd/hub/session/a103dc64-f731-4686-a1fe-f17fc0c05f3c/timeouts {"type":"implicit","ms":1000}
[debug] [MJSONWP] Calling AppiumDriver.timeouts() with args: ["implicit",1000,"a103dc64-f731-4686-a1fe-f17fc0c05f3c"]
[debug] [BaseDriver] Set implicit wait to 1000ms
[debug] [MJSONWP] Responding to client with driver.timeouts() result: null
[HTTP] <-- POST /wd/hub/session/a103dc64-f731-4686-a1fe-f17fc0c05f3c/timeouts 200 9 ms - 76 
[HTTP] --> GET /wd/hub/session/a103dc64-f731-4686-a1fe-f17fc0c05f3c/element/8/text {}
[debug] [MJSONWP] Calling AppiumDriver.getText() with args: ["8","a103dc64-f731-4686-a1fe-f17fc0c05f3c"]
[debug] [AndroidBootstrap] Sending command to android: {"cmd":"action","action":"element:getText","params":{"elementId":"8"}}
[debug] [AndroidBootstrap] [BOOTSTRAP LOG] [debug] Got data from client: {"cmd":"action","action":"element:getText","params":{"elementId":"8"}}
[debug] [AndroidBootstrap] [BOOTSTRAP LOG] [debug] Got command of type ACTION
[debug] [AndroidBootstrap] [BOOTSTRAP LOG] [debug] Got command action: getText
[debug] [AndroidBootstrap] Received command result from bootstrap
[debug] [MJSONWP] Responding to client with driver.getText() result: "9290927170"
[HTTP] <-- GET /wd/hub/session/a103dc64-f731-4686-a1fe-f17fc0c05f3c/element/8/text 200 35 ms - 84 
[debug] [AndroidBootstrap] [BOOTSTRAP LOG] [debug] Returning result: {"status":0,"value":"9290927170"}
[HTTP] --> POST /wd/hub/session/a103dc64-f731-4686-a1fe-f17fc0c05f3c/timeouts {"type":"implicit","ms":0}
[debug] [MJSONWP] Calling AppiumDriver.timeouts() with args: ["implicit",0,"a103dc64-f731-4686-a1fe-f17fc0c05f3c"]
[debug] [BaseDriver] Set implicit wait to 0ms
[debug] [MJSONWP] Responding to client with driver.timeouts() result: null
[HTTP] <-- POST /wd/hub/session/a103dc64-f731-4686-a1fe-f17fc0c05f3c/timeouts 200 2 ms - 76 
[HTTP] --> GET /wd/hub/session/a103dc64-f731-4686-a1fe-f17fc0c05f3c/context {}
[debug] [MJSONWP] Calling AppiumDriver.getCurrentContext() with args: ["a103dc64-f731-4686-a1fe-f17fc0c05f3c"]
[debug] [MJSONWP] Responding to client with driver.getCurrentContext() result: "NATIVE_APP"
[HTTP] <-- GET /wd/hub/session/a103dc64-f731-4686-a1fe-f17fc0c05f3c/context 200 2 ms - 84 
[HTTP] --> POST /wd/hub/session/a103dc64-f731-4686-a1fe-f17fc0c05f3c/element {"using":"id","value":"net.one97.paytm:id/edit_password"}
[debug] [MJSONWP] Calling AppiumDriver.findElement() with args: ["id","net.one97.paytm:id/edit_password","a103dc64-f731-4686-a1fe-f17fc0c05f3c"]
[debug] [BaseDriver] Valid locator strategies for this request: xpath, id, class name, accessibility id, -android uiautomator
[debug] [BaseDriver] Valid locator strategies for this request: xpath, id, class name, accessibility id, -android uiautomator
[debug] [BaseDriver] Waiting up to 0 ms for condition
[debug] [AndroidBootstrap] Sending command to android: {"cmd":"action","action":"find","params":{"strategy":"id","selector":"net.one97.paytm:id/edit_password","context":"","multiple":false}}
[debug] [AndroidBootstrap] [BOOTSTRAP LOG] [debug] Got data from client: {"cmd":"action","action":"find","params":{"strategy":"id","selector":"net.one97.paytm:id/edit_password","context":"","multiple":false}}
[debug] [AndroidBootstrap] [BOOTSTRAP LOG] [debug] Got command of type ACTION
[debug] [AndroidBootstrap] [BOOTSTRAP LOG] [debug] Got command action: find
[debug] [AndroidBootstrap] [BOOTSTRAP LOG] [debug] Finding 'net.one97.paytm:id/edit_password' using 'ID' with the contextId: '' multiple: false
[debug] [AndroidBootstrap] [BOOTSTRAP LOG] [debug] Using: UiSelector[INSTANCE=0, RESOURCE_ID=net.one97.paytm:id/edit_password]
[debug] [AndroidBootstrap] Received command result from bootstrap
[debug] [MJSONWP] Responding to client with driver.findElement() result: {"ELEMENT":"9"}
[HTTP] <-- POST /wd/hub/session/a103dc64-f731-4686-a1fe-f17fc0c05f3c/element 200 41 ms - 87 
[debug] [AndroidBootstrap] [BOOTSTRAP LOG] [debug] Returning result: {"status":0,"value":{"ELEMENT":"9"}}
[HTTP] --> POST /wd/hub/session/a103dc64-f731-4686-a1fe-f17fc0c05f3c/timeouts {"type":"implicit","ms":1000}
[debug] [MJSONWP] Calling AppiumDriver.timeouts() with args: ["implicit",1000,"a103dc64-f731-4686-a1fe-f17fc0c05f3c"]
[debug] [BaseDriver] Set implicit wait to 1000ms
[debug] [MJSONWP] Responding to client with driver.timeouts() result: null
[HTTP] <-- POST /wd/hub/session/a103dc64-f731-4686-a1fe-f17fc0c05f3c/timeouts 200 2 ms - 76 
[HTTP] --> POST /wd/hub/session/a103dc64-f731-4686-a1fe-f17fc0c05f3c/element/9/clear {"id":"9"}
[debug] [MJSONWP] Calling AppiumDriver.clear() with args: ["9","a103dc64-f731-4686-a1fe-f17fc0c05f3c"]
[debug] [AndroidBootstrap] Sending command to android: {"cmd":"action","action":"element:getText","params":{"elementId":"9"}}
[debug] [AndroidBootstrap] [BOOTSTRAP LOG] [debug] Got data from client: {"cmd":"action","action":"element:getText","params":{"elementId":"9"}}
[debug] [AndroidBootstrap] [BOOTSTRAP LOG] [debug] Got command of type ACTION
[debug] [AndroidBootstrap] [BOOTSTRAP LOG] [debug] Got command action: getText
[debug] [AndroidBootstrap] Received command result from bootstrap
[debug] [AndroidBootstrap] Sending command to android: {"cmd":"action","action":"element:click","params":{"elementId":"9"}}
[debug] [AndroidBootstrap] [BOOTSTRAP LOG] [debug] Returning result: {"status":0,"value":""}
[debug] [AndroidBootstrap] [BOOTSTRAP LOG] [debug] Got data from client: {"cmd":"action","action":"element:click","params":{"elementId":"9"}}
[debug] [AndroidBootstrap] [BOOTSTRAP LOG] [debug] Got command of type ACTION
[debug] [AndroidBootstrap] [BOOTSTRAP LOG] [debug] Got command action: click
[debug] [AndroidBootstrap] [BOOTSTRAP LOG] [debug] Returning result: {"status":0,"value":true}
[debug] [AndroidBootstrap] Received command result from bootstrap
[debug] [AndroidDriver] Sending up to 100 clear characters to device
[debug] [AndroidDriver] Sending 50 clear characters to device
[debug] [ADB] Clearing up to 50 characters
[debug] [ADB] Getting connected devices...
[debug] [ADB] 1 device(s) connected
[debug] [ADB] Running 'E:\Android\android-sdk-windows\platform-tools\adb.exe' with args: ["-P",5037,"-s","emulator-5554","shell","input","keyevent","67","112","67","112","67","112","67","112","67","112","67","112","67","112","67","112","67","112","67","112","67","112","67","112","67","112","67","112","67","112","67","112","67","112","67","112","67","112","67","112","67","112","67","112","67","112","67","112","67","112","67","112","67","112","67","112","67","112","67","112","67","112","67","112","67","112","67","112","67","112","67","112","67","112","67","112","67","112","67","112","67","112","67","112","67","112","67","112","67","112","67","112","67","112","67","112","67","112","67","112"]
[debug] [AndroidDriver] Sending 50 clear characters to device
[debug] [ADB] Clearing up to 50 characters
[debug] [ADB] Getting connected devices...
[debug] [ADB] 1 device(s) connected
[debug] [ADB] Running 'E:\Android\android-sdk-windows\platform-tools\adb.exe' with args: ["-P",5037,"-s","emulator-5554","shell","input","keyevent","67","112","67","112","67","112","67","112","67","112","67","112","67","112","67","112","67","112","67","112","67","112","67","112","67","112","67","112","67","112","67","112","67","112","67","112","67","112","67","112","67","112","67","112","67","112","67","112","67","112","67","112","67","112","67","112","67","112","67","112","67","112","67","112","67","112","67","112","67","112","67","112","67","112","67","112","67","112","67","112","67","112","67","112","67","112","67","112","67","112","67","112","67","112","67","112","67","112","67","112"]
[debug] [MJSONWP] Responding to client with driver.clear() result: null
[HTTP] <-- POST /wd/hub/session/a103dc64-f731-4686-a1fe-f17fc0c05f3c/element/9/clear 200 4767 ms - 76 
[HTTP] --> POST /wd/hub/session/a103dc64-f731-4686-a1fe-f17fc0c05f3c/timeouts {"type":"implicit","ms":0}
[debug] [MJSONWP] Calling AppiumDriver.timeouts() with args: ["implicit",0,"a103dc64-f731-4686-a1fe-f17fc0c05f3c"]
[debug] [BaseDriver] Set implicit wait to 0ms
[debug] [MJSONWP] Responding to client with driver.timeouts() result: null
[HTTP] <-- POST /wd/hub/session/a103dc64-f731-4686-a1fe-f17fc0c05f3c/timeouts 200 4 ms - 76 
[HTTP] --> GET /wd/hub/session/a103dc64-f731-4686-a1fe-f17fc0c05f3c/context {}
[debug] [MJSONWP] Calling AppiumDriver.getCurrentContext() with args: ["a103dc64-f731-4686-a1fe-f17fc0c05f3c"]
[debug] [MJSONWP] Responding to client with driver.getCurrentContext() result: "NATIVE_APP"
[HTTP] <-- GET /wd/hub/session/a103dc64-f731-4686-a1fe-f17fc0c05f3c/context 200 2 ms - 84 
[HTTP] --> POST /wd/hub/session/a103dc64-f731-4686-a1fe-f17fc0c05f3c/element {"using":"id","value":"net.one97.paytm:id/edit_password"}
[debug] [MJSONWP] Calling AppiumDriver.findElement() with args: ["id","net.one97.paytm:id/edit_password","a103dc64-f731-4686-a1fe-f17fc0c05f3c"]
[debug] [BaseDriver] Valid locator strategies for this request: xpath, id, class name, accessibility id, -android uiautomator
[debug] [BaseDriver] Valid locator strategies for this request: xpath, id, class name, accessibility id, -android uiautomator
[debug] [BaseDriver] Waiting up to 0 ms for condition
[debug] [AndroidBootstrap] Sending command to android: {"cmd":"action","action":"find","params":{"strategy":"id","selector":"net.one97.paytm:id/edit_password","context":"","multiple":false}}
[debug] [AndroidBootstrap] [BOOTSTRAP LOG] [debug] Got data from client: {"cmd":"action","action":"find","params":{"strategy":"id","selector":"net.one97.paytm:id/edit_password","context":"","multiple":false}}
[debug] [AndroidBootstrap] [BOOTSTRAP LOG] [debug] Got command of type ACTION
[debug] [AndroidBootstrap] [BOOTSTRAP LOG] [debug] Got command action: find
[debug] [AndroidBootstrap] [BOOTSTRAP LOG] [debug] Finding 'net.one97.paytm:id/edit_password' using 'ID' with the contextId: '' multiple: false
[debug] [AndroidBootstrap] [BOOTSTRAP LOG] [debug] Using: UiSelector[INSTANCE=0, RESOURCE_ID=net.one97.paytm:id/edit_password]
[debug] [AndroidBootstrap] Received command result from bootstrap
[debug] [MJSONWP] Responding to client with driver.findElement() result: {"ELEMENT":"10"}
[HTTP] <-- POST /wd/hub/session/a103dc64-f731-4686-a1fe-f17fc0c05f3c/element 200 18 ms - 88 
[debug] [AndroidBootstrap] [BOOTSTRAP LOG] [debug] Returning result: {"status":0,"value":{"ELEMENT":"10"}}
[HTTP] --> POST /wd/hub/session/a103dc64-f731-4686-a1fe-f17fc0c05f3c/timeouts {"type":"implicit","ms":1000}
[debug] [MJSONWP] Calling AppiumDriver.timeouts() with args: ["implicit",1000,"a103dc64-f731-4686-a1fe-f17fc0c05f3c"]
[debug] [BaseDriver] Set implicit wait to 1000ms
[debug] [MJSONWP] Responding to client with driver.timeouts() result: null
[HTTP] <-- POST /wd/hub/session/a103dc64-f731-4686-a1fe-f17fc0c05f3c/timeouts 200 4 ms - 76 
[HTTP] --> POST /wd/hub/session/a103dc64-f731-4686-a1fe-f17fc0c05f3c/element/10/value {"id":"10","value":["abcde"]}
[debug] [MJSONWP] Calling AppiumDriver.setValue() with args: [["abcde"],"10","a103dc64-f731-4686-a1fe-f17fc0c05f3c"]
[debug] [AndroidBootstrap] Sending command to android: {"cmd":"action","action":"element:setText","params":{"elementId":"10","text":"abcde","replace":false}}
[debug] [AndroidBootstrap] [BOOTSTRAP LOG] [debug] Got data from client: {"cmd":"action","action":"element:setText","params":{"elementId":"10","text":"abcde","replace":false}}
[debug] [AndroidBootstrap] [BOOTSTRAP LOG] [debug] Got command of type ACTION
[debug] [AndroidBootstrap] [BOOTSTRAP LOG] [debug] Got command action: setText
[debug] [AndroidBootstrap] [BOOTSTRAP LOG] [debug] Using element passed in: 10
[debug] [AndroidBootstrap] [BOOTSTRAP LOG] [debug] Attempting to clear using UiObject.clearText().
[debug] [AndroidBootstrap] [BOOTSTRAP LOG] [debug] Sending plain text to element: abcde
[debug] [AndroidBootstrap] Received command result from bootstrap
[debug] [MJSONWP] Responding to client with driver.setValue() result: true
[HTTP] <-- POST /wd/hub/session/a103dc64-f731-4686-a1fe-f17fc0c05f3c/element/10/value 200 5484 ms - 76 
[debug] [AndroidBootstrap] [BOOTSTRAP LOG] [debug] Returning result: {"status":0,"value":true}
[HTTP] --> POST /wd/hub/session/a103dc64-f731-4686-a1fe-f17fc0c05f3c/timeouts {"type":"implicit","ms":0}
[debug] [MJSONWP] Calling AppiumDriver.timeouts() with args: ["implicit",0,"a103dc64-f731-4686-a1fe-f17fc0c05f3c"]
[debug] [BaseDriver] Set implicit wait to 0ms
[debug] [MJSONWP] Responding to client with driver.timeouts() result: null
[HTTP] <-- POST /wd/hub/session/a103dc64-f731-4686-a1fe-f17fc0c05f3c/timeouts 200 8 ms - 76 
[HTTP] --> GET /wd/hub/session/a103dc64-f731-4686-a1fe-f17fc0c05f3c/context {}
[debug] [MJSONWP] Calling AppiumDriver.getCurrentContext() with args: ["a103dc64-f731-4686-a1fe-f17fc0c05f3c"]
[debug] [MJSONWP] Responding to client with driver.getCurrentContext() result: "NATIVE_APP"
[HTTP] <-- GET /wd/hub/session/a103dc64-f731-4686-a1fe-f17fc0c05f3c/context 200 4 ms - 84 
[HTTP] --> POST /wd/hub/session/a103dc64-f731-4686-a1fe-f17fc0c05f3c/element {"using":"id","value":"net.one97.paytm:id/edit_password"}
[debug] [MJSONWP] Calling AppiumDriver.findElement() with args: ["id","net.one97.paytm:id/edit_password","a103dc64-f731-4686-a1fe-f17fc0c05f3c"]
[debug] [BaseDriver] Valid locator strategies for this request: xpath, id, class name, accessibility id, -android uiautomator
[debug] [BaseDriver] Valid locator strategies for this request: xpath, id, class name, accessibility id, -android uiautomator
[debug] [BaseDriver] Waiting up to 0 ms for condition
[debug] [AndroidBootstrap] Sending command to android: {"cmd":"action","action":"find","params":{"strategy":"id","selector":"net.one97.paytm:id/edit_password","context":"","multiple":false}}
[debug] [AndroidBootstrap] [BOOTSTRAP LOG] [debug] Got data from client: {"cmd":"action","action":"find","params":{"strategy":"id","selector":"net.one97.paytm:id/edit_password","context":"","multiple":false}}
[debug] [AndroidBootstrap] [BOOTSTRAP LOG] [debug] Got command of type ACTION
[debug] [AndroidBootstrap] [BOOTSTRAP LOG] [debug] Got command action: find
[debug] [AndroidBootstrap] [BOOTSTRAP LOG] [debug] Finding 'net.one97.paytm:id/edit_password' using 'ID' with the contextId: '' multiple: false
[debug] [AndroidBootstrap] [BOOTSTRAP LOG] [debug] Using: UiSelector[INSTANCE=0, RESOURCE_ID=net.one97.paytm:id/edit_password]
[debug] [AndroidBootstrap] [BOOTSTRAP LOG] [debug] Returning result: {"status":0,"value":{"ELEMENT":"11"}}
[debug] [AndroidBootstrap] Received command result from bootstrap
[debug] [MJSONWP] Responding to client with driver.findElement() result: {"ELEMENT":"11"}
[HTTP] <-- POST /wd/hub/session/a103dc64-f731-4686-a1fe-f17fc0c05f3c/element 200 430 ms - 88 
[HTTP] --> POST /wd/hub/session/a103dc64-f731-4686-a1fe-f17fc0c05f3c/timeouts {"type":"implicit","ms":1000}
[debug] [MJSONWP] Calling AppiumDriver.timeouts() with args: ["implicit",1000,"a103dc64-f731-4686-a1fe-f17fc0c05f3c"]
[debug] [BaseDriver] Set implicit wait to 1000ms
[debug] [MJSONWP] Responding to client with driver.timeouts() result: null
[HTTP] <-- POST /wd/hub/session/a103dc64-f731-4686-a1fe-f17fc0c05f3c/timeouts 200 3 ms - 76 
[HTTP] --> GET /wd/hub/session/a103dc64-f731-4686-a1fe-f17fc0c05f3c/element/11/text {}
[debug] [MJSONWP] Calling AppiumDriver.getText() with args: ["11","a103dc64-f731-4686-a1fe-f17fc0c05f3c"]
[debug] [AndroidBootstrap] Sending command to android: {"cmd":"action","action":"element:getText","params":{"elementId":"11"}}
[debug] [AndroidBootstrap] [BOOTSTRAP LOG] [debug] Got data from client: {"cmd":"action","action":"element:getText","params":{"elementId":"11"}}
[debug] [AndroidBootstrap] [BOOTSTRAP LOG] [debug] Got command of type ACTION
[debug] [AndroidBootstrap] [BOOTSTRAP LOG] [debug] Got command action: getText
[debug] [AndroidBootstrap] [BOOTSTRAP LOG] [debug] Returning result: {"status":0,"value":"abcde"}
[debug] [AndroidBootstrap] Received command result from bootstrap
[debug] [MJSONWP] Responding to client with driver.getText() result: "abcde"
[HTTP] <-- GET /wd/hub/session/a103dc64-f731-4686-a1fe-f17fc0c05f3c/element/11/text 200 30 ms - 79 
[HTTP] --> POST /wd/hub/session/a103dc64-f731-4686-a1fe-f17fc0c05f3c/appium/device/hide_keyboard {}
[debug] [MJSONWP] Calling AppiumDriver.hideKeyboard() with args: [null,null,null,null,"a103dc64-f731-4686-a1fe-f17fc0c05f3c"]
[debug] [ADB] Getting connected devices...
[debug] [ADB] 1 device(s) connected
[debug] [ADB] Running 'E:\Android\android-sdk-windows\platform-tools\adb.exe' with args: ["-P",5037,"-s","emulator-5554","shell","dumpsys","input_method"]
[debug] [AndroidBootstrap] Sending command to android: {"cmd":"action","action":"pressBack","params":{}}
[debug] [AndroidBootstrap] [BOOTSTRAP LOG] [debug] Got data from client: {"cmd":"action","action":"pressBack","params":{}}
[debug] [AndroidBootstrap] [BOOTSTRAP LOG] [debug] Got command of type ACTION
[debug] [AndroidBootstrap] [BOOTSTRAP LOG] [debug] Got command action: pressBack
[debug] [AndroidBootstrap] Received command result from bootstrap
[debug] [MJSONWP] Responding to client with driver.hideKeyboard() result: true
[HTTP] <-- POST /wd/hub/session/a103dc64-f731-4686-a1fe-f17fc0c05f3c/appium/device/hide_keyboard 200 315 ms - 76 
[debug] [AndroidBootstrap] [BOOTSTRAP LOG] [debug] Returning result: {"status":0,"value":true}
[HTTP] --> POST /wd/hub/session/a103dc64-f731-4686-a1fe-f17fc0c05f3c/timeouts {"type":"implicit","ms":0}
[debug] [MJSONWP] Calling AppiumDriver.timeouts() with args: ["implicit",0,"a103dc64-f731-4686-a1fe-f17fc0c05f3c"]
[debug] [BaseDriver] Set implicit wait to 0ms
[debug] [MJSONWP] Responding to client with driver.timeouts() result: null
[HTTP] <-- POST /wd/hub/session/a103dc64-f731-4686-a1fe-f17fc0c05f3c/timeouts 200 2 ms - 76 
[HTTP] --> GET /wd/hub/session/a103dc64-f731-4686-a1fe-f17fc0c05f3c/context {}
[debug] [MJSONWP] Calling AppiumDriver.getCurrentContext() with args: ["a103dc64-f731-4686-a1fe-f17fc0c05f3c"]
[debug] [MJSONWP] Responding to client with driver.getCurrentContext() result: "NATIVE_APP"
[HTTP] <-- GET /wd/hub/session/a103dc64-f731-4686-a1fe-f17fc0c05f3c/context 200 3 ms - 84 
[HTTP] --> POST /wd/hub/session/a103dc64-f731-4686-a1fe-f17fc0c05f3c/element {"using":"id","value":"net.one97.paytm:id/sign_up_btn"}
[debug] [MJSONWP] Calling AppiumDriver.findElement() with args: ["id","net.one97.paytm:id/sign_up_btn","a103dc64-f731-4686-a1fe-f17fc0c05f3c"]
[debug] [BaseDriver] Valid locator strategies for this request: xpath, id, class name, accessibility id, -android uiautomator
[debug] [BaseDriver] Valid locator strategies for this request: xpath, id, class name, accessibility id, -android uiautomator
[debug] [BaseDriver] Waiting up to 0 ms for condition
[debug] [AndroidBootstrap] Sending command to android: {"cmd":"action","action":"find","params":{"strategy":"id","selector":"net.one97.paytm:id/sign_up_btn","context":"","multiple":false}}
[debug] [AndroidBootstrap] [BOOTSTRAP LOG] [debug] Got data from client: {"cmd":"action","action":"find","params":{"strategy":"id","selector":"net.one97.paytm:id/sign_up_btn","context":"","multiple":false}}
[debug] [AndroidBootstrap] [BOOTSTRAP LOG] [debug] Got command of type ACTION
[debug] [AndroidBootstrap] [BOOTSTRAP LOG] [debug] Got command action: find
[debug] [AndroidBootstrap] [BOOTSTRAP LOG] [debug] Finding 'net.one97.paytm:id/sign_up_btn' using 'ID' with the contextId: '' multiple: false
[debug] [AndroidBootstrap] [BOOTSTRAP LOG] [debug] Using: UiSelector[INSTANCE=0, RESOURCE_ID=net.one97.paytm:id/sign_up_btn]
[debug] [AndroidBootstrap] Received command result from bootstrap
[debug] [MJSONWP] Responding to client with driver.findElement() result: {"ELEMENT":"12"}
[HTTP] <-- POST /wd/hub/session/a103dc64-f731-4686-a1fe-f17fc0c05f3c/element 200 721 ms - 88 
[HTTP] --> POST /wd/hub/session/a103dc64-f731-4686-a1fe-f17fc0c05f3c/timeouts {"type":"implicit","ms":1000}
[debug] [MJSONWP] Calling AppiumDriver.timeouts() with args: ["implicit",1000,"a103dc64-f731-4686-a1fe-f17fc0c05f3c"]
[debug] [BaseDriver] Set implicit wait to 1000ms
[debug] [MJSONWP] Responding to client with driver.timeouts() result: null
[HTTP] <-- POST /wd/hub/session/a103dc64-f731-4686-a1fe-f17fc0c05f3c/timeouts 200 1 ms - 76 
[debug] [AndroidBootstrap] [BOOTSTRAP LOG] [debug] Returning result: {"status":0,"value":{"ELEMENT":"12"}}
[HTTP] --> POST /wd/hub/session/a103dc64-f731-4686-a1fe-f17fc0c05f3c/element/12/click {"id":"12"}
[debug] [MJSONWP] Calling AppiumDriver.click() with args: ["12","a103dc64-f731-4686-a1fe-f17fc0c05f3c"]
[debug] [AndroidBootstrap] Sending command to android: {"cmd":"action","action":"element:click","params":{"elementId":"12"}}
[debug] [AndroidBootstrap] [BOOTSTRAP LOG] [debug] Got data from client: {"cmd":"action","action":"element:click","params":{"elementId":"12"}}
[debug] [AndroidBootstrap] [BOOTSTRAP LOG] [debug] Got command of type ACTION
[debug] [AndroidBootstrap] [BOOTSTRAP LOG] [debug] Got command action: click
[debug] [AndroidBootstrap] Received command result from bootstrap
[debug] [MJSONWP] Responding to client with driver.click() result: true
[HTTP] <-- POST /wd/hub/session/a103dc64-f731-4686-a1fe-f17fc0c05f3c/element/12/click 200 480 ms - 76 
[debug] [AndroidBootstrap] [BOOTSTRAP LOG] [debug] Returning result: {"status":0,"value":true}
[HTTP] --> POST /wd/hub/session/a103dc64-f731-4686-a1fe-f17fc0c05f3c/timeouts {"type":"implicit","ms":0}
[debug] [MJSONWP] Calling AppiumDriver.timeouts() with args: ["implicit",0,"a103dc64-f731-4686-a1fe-f17fc0c05f3c"]
[debug] [BaseDriver] Set implicit wait to 0ms
[debug] [MJSONWP] Responding to client with driver.timeouts() result: null
[HTTP] <-- POST /wd/hub/session/a103dc64-f731-4686-a1fe-f17fc0c05f3c/timeouts 200 8 ms - 76 
[HTTP] --> GET /wd/hub/session/a103dc64-f731-4686-a1fe-f17fc0c05f3c/context {}
[debug] [MJSONWP] Calling AppiumDriver.getCurrentContext() with args: ["a103dc64-f731-4686-a1fe-f17fc0c05f3c"]
[debug] [MJSONWP] Responding to client with driver.getCurrentContext() result: "NATIVE_APP"
[HTTP] <-- GET /wd/hub/session/a103dc64-f731-4686-a1fe-f17fc0c05f3c/context 200 7 ms - 84 
[HTTP] --> POST /wd/hub/session/a103dc64-f731-4686-a1fe-f17fc0c05f3c/element {"using":"id","value":"net.one97.paytm:id/w_custom_dialog_message"}
[debug] [MJSONWP] Calling AppiumDriver.findElement() with args: ["id","net.one97.paytm:id/w_custom_dialog_message","a103dc64-f731-4686-a1fe-f17fc0c05f3c"]
[debug] [BaseDriver] Valid locator strategies for this request: xpath, id, class name, accessibility id, -android uiautomator
[debug] [BaseDriver] Valid locator strategies for this request: xpath, id, class name, accessibility id, -android uiautomator
[debug] [BaseDriver] Waiting up to 0 ms for condition
[debug] [AndroidBootstrap] Sending command to android: {"cmd":"action","action":"find","params":{"strategy":"id","selector":"net.one97.paytm:id/w_custom_dialog_message","context":"","multiple":false}}
[debug] [AndroidBootstrap] [BOOTSTRAP LOG] [debug] Got data from client: {"cmd":"action","action":"find","params":{"strategy":"id","selector":"net.one97.paytm:id/w_custom_dialog_message","context":"","multiple":false}}
[debug] [AndroidBootstrap] [BOOTSTRAP LOG] [debug] Got command of type ACTION
[debug] [AndroidBootstrap] [BOOTSTRAP LOG] [debug] Got command action: find
[debug] [AndroidBootstrap] [BOOTSTRAP LOG] [debug] Finding 'net.one97.paytm:id/w_custom_dialog_message' using 'ID' with the contextId: '' multiple: false
[debug] [AndroidBootstrap] [BOOTSTRAP LOG] [debug] Using: UiSelector[INSTANCE=0, RESOURCE_ID=net.one97.paytm:id/w_custom_dialog_message]
[debug] [AndroidBootstrap] [BOOTSTRAP LOG] [debug] Failed to locate element. Clearing Accessibility cache and retrying.
[debug] [AndroidBootstrap] [BOOTSTRAP LOG] [debug] Finding 'net.one97.paytm:id/w_custom_dialog_message' using 'ID' with the contextId: '' multiple: false
[debug] [AndroidBootstrap] [BOOTSTRAP LOG] [debug] Using: UiSelector[INSTANCE=0, RESOURCE_ID=net.one97.paytm:id/w_custom_dialog_message]
[debug] [AndroidBootstrap] [BOOTSTRAP LOG] [debug] Returning result: {"status":7,"value":"No element found"}
[debug] [AndroidBootstrap] Received command result from bootstrap
[HTTP] <-- POST /wd/hub/session/a103dc64-f731-4686-a1fe-f17fc0c05f3c/element 500 135 ms - 164 
[HTTP] --> POST /wd/hub/session/a103dc64-f731-4686-a1fe-f17fc0c05f3c/element {"using":"id","value":"net.one97.paytm:id/w_custom_dialog_message"}
[debug] [MJSONWP] Calling AppiumDriver.findElement() with args: ["id","net.one97.paytm:id/w_custom_dialog_message","a103dc64-f731-4686-a1fe-f17fc0c05f3c"]
[debug] [BaseDriver] Valid locator strategies for this request: xpath, id, class name, accessibility id, -android uiautomator
[debug] [BaseDriver] Valid locator strategies for this request: xpath, id, class name, accessibility id, -android uiautomator
[debug] [BaseDriver] Waiting up to 0 ms for condition
[debug] [AndroidBootstrap] Sending command to android: {"cmd":"action","action":"find","params":{"strategy":"id","selector":"net.one97.paytm:id/w_custom_dialog_message","context":"","multiple":false}}
[debug] [AndroidBootstrap] [BOOTSTRAP LOG] [debug] Got data from client: {"cmd":"action","action":"find","params":{"strategy":"id","selector":"net.one97.paytm:id/w_custom_dialog_message","context":"","multiple":false}}
[debug] [AndroidBootstrap] [BOOTSTRAP LOG] [debug] Got command of type ACTION
[debug] [AndroidBootstrap] [BOOTSTRAP LOG] [debug] Got command action: find
[debug] [AndroidBootstrap] [BOOTSTRAP LOG] [debug] Finding 'net.one97.paytm:id/w_custom_dialog_message' using 'ID' with the contextId: '' multiple: false
[debug] [AndroidBootstrap] [BOOTSTRAP LOG] [debug] Using: UiSelector[INSTANCE=0, RESOURCE_ID=net.one97.paytm:id/w_custom_dialog_message]
[debug] [AndroidBootstrap] [BOOTSTRAP LOG] [debug] Failed to locate element. Clearing Accessibility cache and retrying.
[debug] [AndroidBootstrap] [BOOTSTRAP LOG] [debug] Finding 'net.one97.paytm:id/w_custom_dialog_message' using 'ID' with the contextId: '' multiple: false
[debug] [AndroidBootstrap] [BOOTSTRAP LOG] [debug] Using: UiSelector[INSTANCE=0, RESOURCE_ID=net.one97.paytm:id/w_custom_dialog_message]
[debug] [AndroidBootstrap] [BOOTSTRAP LOG] [debug] Returning result: {"status":7,"value":"No element found"}
[debug] [AndroidBootstrap] Received command result from bootstrap
[HTTP] <-- POST /wd/hub/session/a103dc64-f731-4686-a1fe-f17fc0c05f3c/element 500 53 ms - 164 
[HTTP] --> GET /wd/hub/session/a103dc64-f731-4686-a1fe-f17fc0c05f3c/context {}
[debug] [MJSONWP] Calling AppiumDriver.getCurrentContext() with args: ["a103dc64-f731-4686-a1fe-f17fc0c05f3c"]
[debug] [MJSONWP] Responding to client with driver.getCurrentContext() result: "NATIVE_APP"
[HTTP] <-- GET /wd/hub/session/a103dc64-f731-4686-a1fe-f17fc0c05f3c/context 200 2 ms - 84 
[HTTP] --> POST /wd/hub/session/a103dc64-f731-4686-a1fe-f17fc0c05f3c/element {"using":"id","value":"net.one97.paytm:id/w_custom_dialog_message"}
[debug] [MJSONWP] Calling AppiumDriver.findElement() with args: ["id","net.one97.paytm:id/w_custom_dialog_message","a103dc64-f731-4686-a1fe-f17fc0c05f3c"]
[debug] [BaseDriver] Valid locator strategies for this request: xpath, id, class name, accessibility id, -android uiautomator
[debug] [BaseDriver] Valid locator strategies for this request: xpath, id, class name, accessibility id, -android uiautomator
[debug] [BaseDriver] Waiting up to 0 ms for condition
[debug] [AndroidBootstrap] Sending command to android: {"cmd":"action","action":"find","params":{"strategy":"id","selector":"net.one97.paytm:id/w_custom_dialog_message","context":"","multiple":false}}
[debug] [AndroidBootstrap] [BOOTSTRAP LOG] [debug] Got data from client: {"cmd":"action","action":"find","params":{"strategy":"id","selector":"net.one97.paytm:id/w_custom_dialog_message","context":"","multiple":false}}
[debug] [AndroidBootstrap] [BOOTSTRAP LOG] [debug] Got command of type ACTION
[debug] [AndroidBootstrap] [BOOTSTRAP LOG] [debug] Got command action: find
[debug] [AndroidBootstrap] [BOOTSTRAP LOG] [debug] Finding 'net.one97.paytm:id/w_custom_dialog_message' using 'ID' with the contextId: '' multiple: false
[debug] [AndroidBootstrap] [BOOTSTRAP LOG] [debug] Using: UiSelector[INSTANCE=0, RESOURCE_ID=net.one97.paytm:id/w_custom_dialog_message]
[debug] [AndroidBootstrap] [BOOTSTRAP LOG] [debug] Failed to locate element. Clearing Accessibility cache and retrying.
[debug] [AndroidBootstrap] [BOOTSTRAP LOG] [debug] Finding 'net.one97.paytm:id/w_custom_dialog_message' using 'ID' with the contextId: '' multiple: false
[debug] [AndroidBootstrap] [BOOTSTRAP LOG] [debug] Using: UiSelector[INSTANCE=0, RESOURCE_ID=net.one97.paytm:id/w_custom_dialog_message]
[debug] [AndroidBootstrap] Received command result from bootstrap
[HTTP] <-- POST /wd/hub/session/a103dc64-f731-4686-a1fe-f17fc0c05f3c/element 500 65 ms - 164 
[debug] [AndroidBootstrap] [BOOTSTRAP LOG] [debug] Returning result: {"status":7,"value":"No element found"}
[HTTP] --> POST /wd/hub/session/a103dc64-f731-4686-a1fe-f17fc0c05f3c/element {"using":"id","value":"net.one97.paytm:id/w_custom_dialog_message"}
[debug] [MJSONWP] Calling AppiumDriver.findElement() with args: ["id","net.one97.paytm:id/w_custom_dialog_message","a103dc64-f731-4686-a1fe-f17fc0c05f3c"]
[debug] [BaseDriver] Valid locator strategies for this request: xpath, id, class name, accessibility id, -android uiautomator
[debug] [BaseDriver] Valid locator strategies for this request: xpath, id, class name, accessibility id, -android uiautomator
[debug] [BaseDriver] Waiting up to 0 ms for condition
[debug] [AndroidBootstrap] Sending command to android: {"cmd":"action","action":"find","params":{"strategy":"id","selector":"net.one97.paytm:id/w_custom_dialog_message","context":"","multiple":false}}
[debug] [AndroidBootstrap] [BOOTSTRAP LOG] [debug] Got data from client: {"cmd":"action","action":"find","params":{"strategy":"id","selector":"net.one97.paytm:id/w_custom_dialog_message","context":"","multiple":false}}
[debug] [AndroidBootstrap] [BOOTSTRAP LOG] [debug] Got command of type ACTION
[debug] [AndroidBootstrap] [BOOTSTRAP LOG] [debug] Got command action: find
[debug] [AndroidBootstrap] [BOOTSTRAP LOG] [debug] Finding 'net.one97.paytm:id/w_custom_dialog_message' using 'ID' with the contextId: '' multiple: false
[debug] [AndroidBootstrap] [BOOTSTRAP LOG] [debug] Using: UiSelector[INSTANCE=0, RESOURCE_ID=net.one97.paytm:id/w_custom_dialog_message]
[debug] [AndroidBootstrap] [BOOTSTRAP LOG] [debug] Failed to locate element. Clearing Accessibility cache and retrying.
[debug] [AndroidBootstrap] [BOOTSTRAP LOG] [debug] Finding 'net.one97.paytm:id/w_custom_dialog_message' using 'ID' with the contextId: '' multiple: false
[debug] [AndroidBootstrap] [BOOTSTRAP LOG] [debug] Using: UiSelector[INSTANCE=0, RESOURCE_ID=net.one97.paytm:id/w_custom_dialog_message]
[debug] [AndroidBootstrap] [BOOTSTRAP LOG] [debug] Returning result: {"status":7,"value":"No element found"}
[debug] [AndroidBootstrap] Received command result from bootstrap
[HTTP] <-- POST /wd/hub/session/a103dc64-f731-4686-a1fe-f17fc0c05f3c/element 500 63 ms - 164 
[HTTP] --> POST /wd/hub/session/a103dc64-f731-4686-a1fe-f17fc0c05f3c/timeouts {"type":"implicit","ms":1000}
[debug] [MJSONWP] Calling AppiumDriver.timeouts() with args: ["implicit",1000,"a103dc64-f731-4686-a1fe-f17fc0c05f3c"]
[debug] [BaseDriver] Set implicit wait to 1000ms
[debug] [MJSONWP] Responding to client with driver.timeouts() result: null
[HTTP] <-- POST /wd/hub/session/a103dc64-f731-4686-a1fe-f17fc0c05f3c/timeouts 200 5 ms - 76 
After Method Execution Starts
?[34mCurrent Page is null?[0m
[HTTP] --> GET /wd/hub/session/a103dc64-f731-4686-a1fe-f17fc0c05f3c/screenshot {}
[debug] [MJSONWP] Calling AppiumDriver.getScreenshot() with args: ["a103dc64-f731-4686-a1fe-f17fc0c05f3c"]
[debug] [ADB] Device API level: 25
[debug] [MJSONWP] Responding to client with driver.getScreenshot() result: "iVBORw0KGgoAAAANSUhEUgAABaAAAAoACAYAAABH9IXPAACAAElEQVR4AezBCXjUhaHv7+/8mKxkA7KRQJAxEIQEg4KxShvEWqn+U0JrrQq2gNaltAXbU6300LpcbcGeI6X1uvRa9WjxnrZehWqrCGULwihLQggmIQyQPRDCJJNlJjOZ/B+e+/hcn3mywgyZxM/7mjRmZrcAAAAAAAAAAPAzQwAAAAAAAAAABIAhAAAAAAAAAAACwBAAAAAAAAAAAAFgCAAAAAAAAACAADAEAAAAAAAAAEAAGAIAAAAAAAAAIAAMAQAAAAAAAAAQAIYAAAAAAAAAAAgAQwAAAAAAAAAABIAhAAAAAAAAAAACwBAAAAAAAAAAAAFgCAAAAAAAAACAADAEAAAAAAAAAEAAGAIAAAAAAAAAIAAMAQAAAAAAAAAQAGYBAAAAAAAACGpPr/mxrrkqUxfqL+9s0d82f6imc80CLiWzRrjwsDAtX5Kv555ZLX9yulz6cPs+rdvwig4Wfar2DqcAAAAAAAD8IS42WldmZig7K0NxsdGKi4lWdtY09aWwuFT2FofszQ4VFpep6EiZ7M0OYeCyszJUWFymYHTNVZm6MTdHF+pomU3vfrBTwKVm1gh3/7Lb9OTqFfK38LAw5S3I1c3zr9O6Da/o18++rPYOpwAAAAAAAAYrOytDC2+5QdmZGZo3d47iYqM1WPPmzpYve7NDOwo+0Y49+7Vzz34VFpcJPcvOytDE1GQVFpcJgP+YNYItvWuh1j/9sAIpNDRED/94mT7410cq2HdIAAAAAAAAA7HwlhuUf8sNyr91vuJioxUIcbHRyr91vvJvna/z7M0OvfPev/TOP7Zr0z+2C/9XdlaGJqYmC4D/mTUChYeF6f5lt2n90w/rUggNDdEjK5erYN+PBAAAAAAA0Jt5c2fre3d8Q/m3zldcbLQutbjYaC29a6GW3rVQ9maH3nnvX3rtf2/WjoL9+qLKzsrQxNRkAQgMs0ag5Uvy9eTqFbqUvjov...
[HTTP] <-- GET /wd/hub/session/a103dc64-f731-4686-a1fe-f17fc0c05f3c/screenshot 200 3915 ms - 212582 
[HTTP] --> GET /wd/hub/session/a103dc64-f731-4686-a1fe-f17fc0c05f3c/screenshot {}
[debug] [MJSONWP] Calling AppiumDriver.getScreenshot() with args: ["a103dc64-f731-4686-a1fe-f17fc0c05f3c"]
[debug] [ADB] Device API level: 25
[debug] [MJSONWP] Responding to client with driver.getScreenshot() result: "iVBORw0KGgoAAAANSUhEUgAABaAAAAoACAYAAABH9IXPAACAAElEQVR4AezBC1TUBcL//898uSooeFdAM4XSBgXTtMRLlhnWskptdvm1pj7btm6lXfaStW1rraVbbZft2f+Wu1YPXbRaCx9LdE1FjLygIDKkXERQAUW5w+AMw/yP53c6v84cQFBGBnq/XibTwBinAAAAAAAAAADoYIYAAAAAAAAAAHADQwAAAAAAAAAAuIEhAAAAAAAAAADcwBAAAAAAAAAAAG5gCAAAAAAAAAAANzAEAAAAAAAAAIAbGAIAAAAAAAAAwA0MAQAAAAAAAADgBoYAAAAAAAAAAHADQwAAAAAAAAAAuIEhAAAAAAAAAADcwBAAAAAAAAAAAG5gCAAAAAAAAAAANzAEAAAAAAAAAIAbGAIAAAAAAAAAwA28BQAAAAAAAMCjrXj6IU28drQu1qeJ2/TZ/+5QeWW1gMvJW92cv5+vFt13u95a+aQ6UsM5m/6TvE8vv/WhDmTmqN7aIAAAAAAAgI4QHBSoKHO4os0RCg7qpaCgQEVHRqg1GVm5qqqqVWVVjTIsuTpoyVNlVa3QdtGREcrIypUnmnjtaN08dYIuVvaRY9r4n1QBl5u3urmH5s/R8089qI7m7+eruFkxunXGRP3lrY+08o0E1VsbBAAAAAAA0F7RkRGaEztVUZHhunHytQoOClR73Th5nFxVVtVqR+oBJX+TruRvM5SRlSs0LzoyQkNDBiojK1cAOo63urEF99ym1/68VO7k6+Oj3z1yn7Zs36NdezIFAAAAAADQFnNip2rO7KmaO3uagoMC5Q7BQYGaO3ua5s6epvMqq2r1xaadStyUosSkFOH/io6M0NCQgQLQ8bzVDfn7+eqh+XP02p+X6nLw9fHR7x69X7v2/E4AAAAAAAAtuXHyOM2/e7bmzp6m4KBAXW7BQYFacM9tWnDPbaqsqtUXm3bqf9Zt0o7UdP1YRUdGaGjIQAFwD291Q4vuu13PP/WgLqeZ0yYIAAAA...
[HTTP] <-- GET /wd/hub/session/a103dc64-f731-4686-a1fe-f17fc0c05f3c/screenshot 200 2426 ms - 242702 
Screenshot taken forcheck validation message for Invalid Passwordtest case
[HTTP] --> DELETE /wd/hub/session/a103dc64-f731-4686-a1fe-f17fc0c05f3c {}
[debug] [MJSONWP] Calling AppiumDriver.deleteSession() with args: ["a103dc64-f731-4686-a1fe-f17fc0c05f3c"]
[debug] [BaseDriver] Event 'quitSessionRequested' logged at 1507357341151 (14:22:21 GMT+0800 (Malay Peninsula Standard Time))
[Appium] Removing session a103dc64-f731-4686-a1fe-f17fc0c05f3c from our master session list
[debug] [AndroidDriver] Shutting down Android driver
[debug] [ADB] Getting connected devices...
[debug] [ADB] 1 device(s) connected
[debug] [ADB] Running 'E:\Android\android-sdk-windows\platform-tools\adb.exe' with args: ["-P",5037,"-s","emulator-5554","shell","am","force-stop","net.one97.paytm"]
[debug] [ADB] Pressing the HOME button
[debug] [ADB] Getting connected devices...
[debug] [ADB] 1 device(s) connected
[debug] [ADB] Running 'E:\Android\android-sdk-windows\platform-tools\adb.exe' with args: ["-P",5037,"-s","emulator-5554","shell","input","keyevent",3]
[debug] [AndroidBootstrap] Sending command to android: {"cmd":"shutdown"}
[debug] [AndroidBootstrap] Received command result from bootstrap
[debug] [UiAutomator] Shutting down UiAutomator
[debug] [UiAutomator] Moving to state 'stopping'
[debug] [UiAutomator] UiAutomator shut down normally
[debug] [UiAutomator] Moving to state 'stopped'
[debug] [ADB] Attempting to kill all uiautomator processes
[debug] [ADB] Getting all processes with uiautomator
[debug] [ADB] Getting connected devices...
[debug] [ADB] 1 device(s) connected
[debug] [ADB] Running 'E:\Android\android-sdk-windows\platform-tools\adb.exe' with args: ["-P",5037,"-s","emulator-5554","shell","ps"]
[ADB] No uiautomator process found to kill, continuing...
[debug] [UiAutomator] Moving to state 'stopped'
[debug] [Logcat] Stopping logcat capture
[debug] [ADB] Getting connected devices...
[debug] [ADB] 1 device(s) connected
[debug] [ADB] Running 'E:\Android\android-sdk-windows\platform-tools\adb.exe' with args: ["-P",5037,"-s","emulator-5554","shell","am","force-stop","io.appium.unlock"]
[debug] [AndroidDriver] Not cleaning generated files. Add `clearSystemFiles` capability if wanted.
[debug] [BaseDriver] Event 'quitSessionFinished' logged at 1507357344458 (14:22:24 GMT+0800 (Malay Peninsula Standard Time))
[debug] [MJSONWP] Received response: null
[debug] [MJSONWP] But deleting session, so not returning
[debug] [MJSONWP] Responding to client with driver.deleteSession() result: null
[HTTP] <-- DELETE /wd/hub/session/a103dc64-f731-4686-a1fe-f17fc0c05f3c 200 3308 ms - 76 
[HTTP] --> POST /wd/hub/session/505dc4d9-7162-4cc6-baad-1fb5211c87e0/timeouts {"type":"implicit","ms":0}
[debug] [MJSONWP] Calling AppiumDriver.timeouts() with args: ["implicit",0,"505dc4d9-7162-4cc6-baad-1fb5211c87e0"]
[debug] [BaseDriver] Set implicit wait to 0ms
[debug] [MJSONWP] Responding to client with driver.timeouts() result: null
[HTTP] <-- POST /wd/hub/session/505dc4d9-7162-4cc6-baad-1fb5211c87e0/timeouts 200 6 ms - 76 
[HTTP] --> GET /wd/hub/session/505dc4d9-7162-4cc6-baad-1fb5211c87e0/context {}
[debug] [MJSONWP] Calling AppiumDriver.getCurrentContext() with args: ["505dc4d9-7162-4cc6-baad-1fb5211c87e0"]
[debug] [MJSONWP] Responding to client with driver.getCurrentContext() result: "NATIVE_APP"
[HTTP] <-- GET /wd/hub/session/505dc4d9-7162-4cc6-baad-1fb5211c87e0/context 200 5 ms - 84 
[HTTP] --> POST /wd/hub/session/505dc4d9-7162-4cc6-baad-1fb5211c87e0/element {"using":"xpath","value":"//android.widget.TextView[@text='Login']"}
[debug] [MJSONWP] Calling AppiumDriver.findElement() with args: ["xpath","//android.widget.TextView[@text='Login']","505dc4d9-7162-4cc6-baad-1fb5211c87e0"]
[debug] [BaseDriver] Valid locator strategies for this request: xpath, id, class name, accessibility id, -android uiautomator
[debug] [BaseDriver] Valid locator strategies for this request: xpath, id, class name, accessibility id, -android uiautomator
[debug] [BaseDriver] Waiting up to 0 ms for condition
[debug] [AndroidBootstrap] Sending command to android: {"cmd":"action","action":"find","params":{"strategy":"xpath","selector":"//android.widget.TextView[@text='Login']","context":"","multiple":false}}
[debug] [AndroidBootstrap] [BOOTSTRAP LOG] [debug] Got data from client: {"cmd":"action","action":"find","params":{"strategy":"xpath","selector":"//android.widget.TextView[@text='Login']","context":"","multiple":false}}
[debug] [AndroidBootstrap] [BOOTSTRAP LOG] [debug] Got command of type ACTION
[debug] [AndroidBootstrap] [BOOTSTRAP LOG] [debug] Got command action: find
[debug] [AndroidBootstrap] [BOOTSTRAP LOG] [debug] Finding '//android.widget.TextView[@text='Login']' using 'XPATH' with the contextId: '' multiple: false
[debug] [AndroidBootstrap] [BOOTSTRAP LOG] [debug] Using: UiSelector[CLASS=android.widget.TextView, INSTANCE=22]
[debug] [AndroidBootstrap] [BOOTSTRAP LOG] [debug] Returning result: {"status":0,"value":{"ELEMENT":"2"}}
[debug] [AndroidBootstrap] Received command result from bootstrap
[debug] [MJSONWP] Responding to client with driver.findElement() result: {"ELEMENT":"2"}
[HTTP] <-- POST /wd/hub/session/505dc4d9-7162-4cc6-baad-1fb5211c87e0/element 200 252 ms - 87 
[HTTP] --> POST /wd/hub/session/505dc4d9-7162-4cc6-baad-1fb5211c87e0/timeouts {"type":"implicit","ms":1000}
[debug] [MJSONWP] Calling AppiumDriver.timeouts() with args: ["implicit",1000,"505dc4d9-7162-4cc6-baad-1fb5211c87e0"]
[debug] [BaseDriver] Set implicit wait to 1000ms
[debug] [MJSONWP] Responding to client with driver.timeouts() result: null
[HTTP] <-- POST /wd/hub/session/505dc4d9-7162-4cc6-baad-1fb5211c87e0/timeouts 200 3 ms - 76 
[HTTP] --> POST /wd/hub/session/505dc4d9-7162-4cc6-baad-1fb5211c87e0/element/2/click {"id":"2"}
[debug] [MJSONWP] Calling AppiumDriver.click() with args: ["2","505dc4d9-7162-4cc6-baad-1fb5211c87e0"]
[debug] [AndroidBootstrap] Sending command to android: {"cmd":"action","action":"element:click","params":{"elementId":"2"}}
[debug] [AndroidBootstrap] [BOOTSTRAP LOG] [debug] Got data from client: {"cmd":"action","action":"element:click","params":{"elementId":"2"}}
[debug] [AndroidBootstrap] [BOOTSTRAP LOG] [debug] Got command of type ACTION
[debug] [AndroidBootstrap] [BOOTSTRAP LOG] [debug] Got command action: click
[debug] [AndroidBootstrap] [BOOTSTRAP LOG] [debug] Returning result: {"status":0,"value":true}
[debug] [AndroidBootstrap] Received command result from bootstrap
[debug] [MJSONWP] Responding to client with driver.click() result: true
[HTTP] <-- POST /wd/hub/session/505dc4d9-7162-4cc6-baad-1fb5211c87e0/element/2/click 200 246 ms - 76 
[HTTP] --> POST /wd/hub/session/505dc4d9-7162-4cc6-baad-1fb5211c87e0/elements {"using":"xpath","value":"//*[@text='My Orders']"}
[debug] [MJSONWP] Calling AppiumDriver.findElements() with args: ["xpath","//*[@text='My Orders']","505dc4d9-7162-4cc6-baad-1fb5211c87e0"]
[debug] [BaseDriver] Valid locator strategies for this request: xpath, id, class name, accessibility id, -android uiautomator
[debug] [BaseDriver] Valid locator strategies for this request: xpath, id, class name, accessibility id, -android uiautomator
[debug] [BaseDriver] Waiting up to 1000 ms for condition
[debug] [AndroidBootstrap] Sending command to android: {"cmd":"action","action":"find","params":{"strategy":"xpath","selector":"//*[@text='My Orders']","context":"","multiple":true}}
[debug] [AndroidBootstrap] [BOOTSTRAP LOG] [debug] Got data from client: {"cmd":"action","action":"find","params":{"strategy":"xpath","selector":"//*[@text='My Orders']","context":"","multiple":true}}
[debug] [AndroidBootstrap] [BOOTSTRAP LOG] [debug] Got command of type ACTION
[debug] [AndroidBootstrap] [BOOTSTRAP LOG] [debug] Got command action: find
[debug] [AndroidBootstrap] [BOOTSTRAP LOG] [debug] Finding '//*[@text='My Orders']' using 'XPATH' with the contextId: '' multiple: true
[debug] [AndroidBootstrap] [BOOTSTRAP LOG] [debug] Using: UiSelector[CLASS=android.widget.TextView, INSTANCE=2]
[debug] [AndroidBootstrap] [BOOTSTRAP LOG] [debug] getElements selector:UiSelector[CLASS=android.widget.TextView, INSTANCE=2]
[debug] [AndroidBootstrap] [BOOTSTRAP LOG] [debug] Selector ends with instance.
[debug] [AndroidBootstrap] [BOOTSTRAP LOG] [debug] Returning result: {"status":0,"value":[{"ELEMENT":"3"}]}
[debug] [AndroidBootstrap] Received command result from bootstrap
[debug] [MJSONWP] Responding to client with driver.findElements() result: [{"ELEMENT":"3"}]
[HTTP] <-- POST /wd/hub/session/505dc4d9-7162-4cc6-baad-1fb5211c87e0/elements 200 75 ms - 89 
[HTTP] --> POST /wd/hub/session/505dc4d9-7162-4cc6-baad-1fb5211c87e0/timeouts {"type":"implicit","ms":0}
[debug] [MJSONWP] Calling AppiumDriver.timeouts() with args: ["implicit",0,"505dc4d9-7162-4cc6-baad-1fb5211c87e0"]
[debug] [BaseDriver] Set implicit wait to 0ms
[debug] [MJSONWP] Responding to client with driver.timeouts() result: null
[HTTP] <-- POST /wd/hub/session/505dc4d9-7162-4cc6-baad-1fb5211c87e0/timeouts 200 3 ms - 76 
[HTTP] --> GET /wd/hub/session/505dc4d9-7162-4cc6-baad-1fb5211c87e0/context {}
[debug] [MJSONWP] Calling AppiumDriver.getCurrentContext() with args: ["505dc4d9-7162-4cc6-baad-1fb5211c87e0"]
[debug] [MJSONWP] Responding to client with driver.getCurrentContext() result: "NATIVE_APP"
[HTTP] <-- GET /wd/hub/session/505dc4d9-7162-4cc6-baad-1fb5211c87e0/context 200 2 ms - 84 
[HTTP] --> POST /wd/hub/session/505dc4d9-7162-4cc6-baad-1fb5211c87e0/element {"using":"id","value":"net.one97.paytm:id/profile_signup"}
[debug] [MJSONWP] Calling AppiumDriver.findElement() with args: ["id","net.one97.paytm:id/profile_signup","505dc4d9-7162-4cc6-baad-1fb5211c87e0"]
[debug] [BaseDriver] Valid locator strategies for this request: xpath, id, class name, accessibility id, -android uiautomator
[debug] [BaseDriver] Valid locator strategies for this request: xpath, id, class name, accessibility id, -android uiautomator
[debug] [BaseDriver] Waiting up to 0 ms for condition
[debug] [AndroidBootstrap] Sending command to android: {"cmd":"action","action":"find","params":{"strategy":"id","selector":"net.one97.paytm:id/profile_signup","context":"","multiple":false}}
[debug] [AndroidBootstrap] [BOOTSTRAP LOG] [debug] Got data from client: {"cmd":"action","action":"find","params":{"strategy":"id","selector":"net.one97.paytm:id/profile_signup","context":"","multiple":false}}
[debug] [AndroidBootstrap] [BOOTSTRAP LOG] [debug] Got command of type ACTION
[debug] [AndroidBootstrap] [BOOTSTRAP LOG] [debug] Got command action: find
[debug] [AndroidBootstrap] [BOOTSTRAP LOG] [debug] Finding 'net.one97.paytm:id/profile_signup' using 'ID' with the contextId: '' multiple: false
[debug] [AndroidBootstrap] [BOOTSTRAP LOG] [debug] Using: UiSelector[INSTANCE=0, RESOURCE_ID=net.one97.paytm:id/profile_signup]
[debug] [AndroidBootstrap] [BOOTSTRAP LOG] [debug] Returning result: {"status":0,"value":{"ELEMENT":"4"}}
[debug] [AndroidBootstrap] Received command result from bootstrap
[debug] [MJSONWP] Responding to client with driver.findElement() result: {"ELEMENT":"4"}
[HTTP] <-- POST /wd/hub/session/505dc4d9-7162-4cc6-baad-1fb5211c87e0/element 200 28 ms - 87 
[HTTP] --> POST /wd/hub/session/505dc4d9-7162-4cc6-baad-1fb5211c87e0/timeouts {"type":"implicit","ms":1000}
[debug] [MJSONWP] Calling AppiumDriver.timeouts() with args: ["implicit",1000,"505dc4d9-7162-4cc6-baad-1fb5211c87e0"]
[debug] [BaseDriver] Set implicit wait to 1000ms
[debug] [MJSONWP] Responding to client with driver.timeouts() result: null
[HTTP] <-- POST /wd/hub/session/505dc4d9-7162-4cc6-baad-1fb5211c87e0/timeouts 200 2 ms - 76 
[HTTP] --> POST /wd/hub/session/505dc4d9-7162-4cc6-baad-1fb5211c87e0/element/4/click {"id":"4"}
[debug] [MJSONWP] Calling AppiumDriver.click() with args: ["4","505dc4d9-7162-4cc6-baad-1fb5211c87e0"]
[debug] [AndroidBootstrap] Sending command to android: {"cmd":"action","action":"element:click","params":{"elementId":"4"}}
[debug] [AndroidBootstrap] [BOOTSTRAP LOG] [debug] Got data from client: {"cmd":"action","action":"element:click","params":{"elementId":"4"}}
[debug] [AndroidBootstrap] [BOOTSTRAP LOG] [debug] Got command of type ACTION
[debug] [AndroidBootstrap] [BOOTSTRAP LOG] [debug] Got command action: click
[debug] [AndroidBootstrap] Received command result from bootstrap
[debug] [MJSONWP] Responding to client with driver.click() result: true
[HTTP] <-- POST /wd/hub/session/505dc4d9-7162-4cc6-baad-1fb5211c87e0/element/4/click 200 135 ms - 76 
[debug] [AndroidBootstrap] [BOOTSTRAP LOG] [debug] Returning result: {"status":0,"value":true}
[HTTP] --> POST /wd/hub/session/505dc4d9-7162-4cc6-baad-1fb5211c87e0/appium/device/hide_keyboard {}
[debug] [MJSONWP] Calling AppiumDriver.hideKeyboard() with args: [null,null,null,null,"505dc4d9-7162-4cc6-baad-1fb5211c87e0"]
[debug] [ADB] Getting connected devices...
[debug] [ADB] 1 device(s) connected
[debug] [ADB] Running 'E:\Android\android-sdk-windows\platform-tools\adb.exe' with args: ["-P",5037,"-s","emulator-5554","shell","dumpsys","input_method"]
[MJSONWP] Encountered internal error running command: Error: Soft keyboard not present, cannot hide keyboard
    at AndroidDriver.callee$0$0$ (../../../lib/commands/general.js:58:11)
    at tryCatch (C:\Users\vinayak\AppData\Roaming\npm\node_modules\appium\node_modules\babel-runtime\regenerator\runtime.js:67:40)
    at GeneratorFunctionPrototype.invoke [as _invoke] (C:\Users\vinayak\AppData\Roaming\npm\node_modules\appium\node_modules\babel-runtime\regenerator\runtime.js:315:22)
    at GeneratorFunctionPrototype.prototype.(anonymous function) [as next] (C:\Users\vinayak\AppData\Roaming\npm\node_modules\appium\node_modules\babel-runtime\regenerator\runtime.js:100:21)
    at GeneratorFunctionPrototype.invoke (C:\Users\vinayak\AppData\Roaming\npm\node_modules\appium\node_modules\babel-runtime\regenerator\runtime.js:136:37)
    at process._tickCallback (internal/process/next_tick.js:103:7)
[HTTP] <-- POST /wd/hub/session/505dc4d9-7162-4cc6-baad-1fb5211c87e0/appium/device/hide_keyboard 500 1268 ms - 218 
Keyboard is not present

  Background:                                       ?[90m# Signup.feature:6?[0m
    ?[32mGiven ?[0m?[32muser is on application homepage?[0m           ?[90m# SignUp_stepdefs.user_is_on_application_homepage()?[0m
    ?[32mWhen ?[0m?[32muser clicks on login icon?[0m                  ?[90m# SignUp_stepdefs.user_clicks_on_login_icon()?[0m
    ?[32mAnd ?[0m?[32muser wait for few seconds?[0m                   ?[90m# Predefined_stepDefs.user_should_wait_for_fewseconds()?[0m
    ?[32mThen ?[0m?[32muser should see "?[0m?[32m?[1mMy Orders?[0m?[32m"?[0m                ?[90m# Predefined_stepDefs.user_should_see(String)?[0m
    ?[32mWhen ?[0m?[32muser click on create a new account button1?[0m ?[90m# SignUp_stepdefs.user_click_on_create_a_new_account()?[0m
    ?[32mAnd ?[0m?[32muser wait for few seconds?[0m                   ?[90m# Predefined_stepDefs.user_should_wait_for_fewseconds()?[0m
    ?[32mAnd ?[0m?[32muser hide keyboard?[0m                          ?[90m# Predefined_stepDefs.user_hide_keyboard()?[0m
[HTTP] --> POST /wd/hub/session/505dc4d9-7162-4cc6-baad-1fb5211c87e0/timeouts {"type":"implicit","ms":0}
[debug] [MJSONWP] Calling AppiumDriver.timeouts() with args: ["implicit",0,"505dc4d9-7162-4cc6-baad-1fb5211c87e0"]
[debug] [BaseDriver] Set implicit wait to 0ms
[debug] [MJSONWP] Responding to client with driver.timeouts() result: null
[HTTP] <-- POST /wd/hub/session/505dc4d9-7162-4cc6-baad-1fb5211c87e0/timeouts 200 4 ms - 76 
[HTTP] --> GET /wd/hub/session/505dc4d9-7162-4cc6-baad-1fb5211c87e0/context {}
[debug] [MJSONWP] Calling AppiumDriver.getCurrentContext() with args: ["505dc4d9-7162-4cc6-baad-1fb5211c87e0"]
[debug] [MJSONWP] Responding to client with driver.getCurrentContext() result: "NATIVE_APP"
[HTTP] <-- GET /wd/hub/session/505dc4d9-7162-4cc6-baad-1fb5211c87e0/context 200 2 ms - 84 
[HTTP] --> POST /wd/hub/session/505dc4d9-7162-4cc6-baad-1fb5211c87e0/element {"using":"id","value":"net.one97.paytm:id/edit_mob_number"}
[debug] [MJSONWP] Calling AppiumDriver.findElement() with args: ["id","net.one97.paytm:id/edit_mob_number","505dc4d9-7162-4cc6-baad-1fb5211c87e0"]
[debug] [BaseDriver] Valid locator strategies for this request: xpath, id, class name, accessibility id, -android uiautomator
[debug] [BaseDriver] Valid locator strategies for this request: xpath, id, class name, accessibility id, -android uiautomator
[debug] [BaseDriver] Waiting up to 0 ms for condition
[debug] [AndroidBootstrap] Sending command to android: {"cmd":"action","action":"find","params":{"strategy":"id","selector":"net.one97.paytm:id/edit_mob_number","context":"","multiple":false}}
[debug] [AndroidBootstrap] [BOOTSTRAP LOG] [debug] Got data from client: {"cmd":"action","action":"find","params":{"strategy":"id","selector":"net.one97.paytm:id/edit_mob_number","context":"","multiple":false}}
[debug] [AndroidBootstrap] [BOOTSTRAP LOG] [debug] Got command of type ACTION
[debug] [AndroidBootstrap] [BOOTSTRAP LOG] [debug] Got command action: find
[debug] [AndroidBootstrap] [BOOTSTRAP LOG] [debug] Finding 'net.one97.paytm:id/edit_mob_number' using 'ID' with the contextId: '' multiple: false
[debug] [AndroidBootstrap] [BOOTSTRAP LOG] [debug] Using: UiSelector[INSTANCE=0, RESOURCE_ID=net.one97.paytm:id/edit_mob_number]
[debug] [AndroidBootstrap] [BOOTSTRAP LOG] [debug] Returning result: {"status":0,"value":{"ELEMENT":"5"}}
[debug] [AndroidBootstrap] Received command result from bootstrap
[debug] [MJSONWP] Responding to client with driver.findElement() result: {"ELEMENT":"5"}
[HTTP] <-- POST /wd/hub/session/505dc4d9-7162-4cc6-baad-1fb5211c87e0/element 200 825 ms - 87 
[HTTP] --> POST /wd/hub/session/505dc4d9-7162-4cc6-baad-1fb5211c87e0/timeouts {"type":"implicit","ms":1000}
[debug] [MJSONWP] Calling AppiumDriver.timeouts() with args: ["implicit",1000,"505dc4d9-7162-4cc6-baad-1fb5211c87e0"]
[debug] [BaseDriver] Set implicit wait to 1000ms
[debug] [MJSONWP] Responding to client with driver.timeouts() result: null
[HTTP] <-- POST /wd/hub/session/505dc4d9-7162-4cc6-baad-1fb5211c87e0/timeouts 200 2 ms - 76 
[HTTP] --> POST /wd/hub/session/505dc4d9-7162-4cc6-baad-1fb5211c87e0/element/5/click {"id":"5"}
[debug] [MJSONWP] Calling AppiumDriver.click() with args: ["5","505dc4d9-7162-4cc6-baad-1fb5211c87e0"]
[debug] [AndroidBootstrap] Sending command to android: {"cmd":"action","action":"element:click","params":{"elementId":"5"}}
[debug] [AndroidBootstrap] [BOOTSTRAP LOG] [debug] Got data from client: {"cmd":"action","action":"element:click","params":{"elementId":"5"}}
[debug] [AndroidBootstrap] [BOOTSTRAP LOG] [debug] Got command of type ACTION
[debug] [AndroidBootstrap] [BOOTSTRAP LOG] [debug] Got command action: click
[debug] [AndroidBootstrap] Received command result from bootstrap
[debug] [MJSONWP] Responding to client with driver.click() result: true
[HTTP] <-- POST /wd/hub/session/505dc4d9-7162-4cc6-baad-1fb5211c87e0/element/5/click 200 3151 ms - 76 
[debug] [AndroidBootstrap] [BOOTSTRAP LOG] [debug] Returning result: {"status":0,"value":true}
[HTTP] --> POST /wd/hub/session/505dc4d9-7162-4cc6-baad-1fb5211c87e0/timeouts {"type":"implicit","ms":0}
[debug] [MJSONWP] Calling AppiumDriver.timeouts() with args: ["implicit",0,"505dc4d9-7162-4cc6-baad-1fb5211c87e0"]
[debug] [BaseDriver] Set implicit wait to 0ms
[debug] [MJSONWP] Responding to client with driver.timeouts() result: null
[HTTP] <-- POST /wd/hub/session/505dc4d9-7162-4cc6-baad-1fb5211c87e0/timeouts 200 2 ms - 76 
[HTTP] --> GET /wd/hub/session/505dc4d9-7162-4cc6-baad-1fb5211c87e0/context {}
[debug] [MJSONWP] Calling AppiumDriver.getCurrentContext() with args: ["505dc4d9-7162-4cc6-baad-1fb5211c87e0"]
[debug] [MJSONWP] Responding to client with driver.getCurrentContext() result: "NATIVE_APP"
[HTTP] <-- GET /wd/hub/session/505dc4d9-7162-4cc6-baad-1fb5211c87e0/context 200 3 ms - 84 
[HTTP] --> POST /wd/hub/session/505dc4d9-7162-4cc6-baad-1fb5211c87e0/element {"using":"id","value":"net.one97.paytm:id/edit_mob_number"}
[debug] [MJSONWP] Calling AppiumDriver.findElement() with args: ["id","net.one97.paytm:id/edit_mob_number","505dc4d9-7162-4cc6-baad-1fb5211c87e0"]
[debug] [BaseDriver] Valid locator strategies for this request: xpath, id, class name, accessibility id, -android uiautomator
[debug] [BaseDriver] Valid locator strategies for this request: xpath, id, class name, accessibility id, -android uiautomator
[debug] [BaseDriver] Waiting up to 0 ms for condition
[debug] [AndroidBootstrap] Sending command to android: {"cmd":"action","action":"find","params":{"strategy":"id","selector":"net.one97.paytm:id/edit_mob_number","context":"","multiple":false}}
[debug] [AndroidBootstrap] [BOOTSTRAP LOG] [debug] Got data from client: {"cmd":"action","action":"find","params":{"strategy":"id","selector":"net.one97.paytm:id/edit_mob_number","context":"","multiple":false}}
[debug] [AndroidBootstrap] [BOOTSTRAP LOG] [debug] Got command of type ACTION
[debug] [AndroidBootstrap] [BOOTSTRAP LOG] [debug] Got command action: find
[debug] [AndroidBootstrap] [BOOTSTRAP LOG] [debug] Finding 'net.one97.paytm:id/edit_mob_number' using 'ID' with the contextId: '' multiple: false
[debug] [AndroidBootstrap] [BOOTSTRAP LOG] [debug] Using: UiSelector[INSTANCE=0, RESOURCE_ID=net.one97.paytm:id/edit_mob_number]
[debug] [AndroidBootstrap] Received command result from bootstrap
[debug] [MJSONWP] Responding to client with driver.findElement() result: {"ELEMENT":"6"}
[HTTP] <-- POST /wd/hub/session/505dc4d9-7162-4cc6-baad-1fb5211c87e0/element 200 15 ms - 87 
[debug] [AndroidBootstrap] [BOOTSTRAP LOG] [debug] Returning result: {"status":0,"value":{"ELEMENT":"6"}}
[HTTP] --> POST /wd/hub/session/505dc4d9-7162-4cc6-baad-1fb5211c87e0/timeouts {"type":"implicit","ms":1000}
[debug] [MJSONWP] Calling AppiumDriver.timeouts() with args: ["implicit",1000,"505dc4d9-7162-4cc6-baad-1fb5211c87e0"]
[debug] [BaseDriver] Set implicit wait to 1000ms
[debug] [MJSONWP] Responding to client with driver.timeouts() result: null
[HTTP] <-- POST /wd/hub/session/505dc4d9-7162-4cc6-baad-1fb5211c87e0/timeouts 200 2 ms - 76 
[HTTP] --> POST /wd/hub/session/505dc4d9-7162-4cc6-baad-1fb5211c87e0/element/6/clear {"id":"6"}
[debug] [MJSONWP] Calling AppiumDriver.clear() with args: ["6","505dc4d9-7162-4cc6-baad-1fb5211c87e0"]
[debug] [AndroidBootstrap] Sending command to android: {"cmd":"action","action":"element:getText","params":{"elementId":"6"}}
[debug] [AndroidBootstrap] [BOOTSTRAP LOG] [debug] Got data from client: {"cmd":"action","action":"element:getText","params":{"elementId":"6"}}
[debug] [AndroidBootstrap] [BOOTSTRAP LOG] [debug] Got command of type ACTION
[debug] [AndroidBootstrap] [BOOTSTRAP LOG] [debug] Got command action: getText
[debug] [AndroidBootstrap] [BOOTSTRAP LOG] [debug] Returning result: {"status":0,"value":""}
[debug] [AndroidBootstrap] Received command result from bootstrap
[debug] [AndroidBootstrap] Sending command to android: {"cmd":"action","action":"element:click","params":{"elementId":"6"}}
[debug] [AndroidBootstrap] [BOOTSTRAP LOG] [debug] Got data from client: {"cmd":"action","action":"element:click","params":{"elementId":"6"}}
[debug] [AndroidBootstrap] [BOOTSTRAP LOG] [debug] Got command of type ACTION
[debug] [AndroidBootstrap] [BOOTSTRAP LOG] [debug] Got command action: click
[debug] [AndroidBootstrap] Received command result from bootstrap
[debug] [AndroidDriver] Sending up to 100 clear characters to device
[debug] [AndroidDriver] Sending 50 clear characters to device
[debug] [ADB] Clearing up to 50 characters
[debug] [ADB] Getting connected devices...
[debug] [AndroidBootstrap] [BOOTSTRAP LOG] [debug] Returning result: {"status":0,"value":true}
[debug] [ADB] 1 device(s) connected
[debug] [ADB] Running 'E:\Android\android-sdk-windows\platform-tools\adb.exe' with args: ["-P",5037,"-s","emulator-5554","shell","input","keyevent","67","112","67","112","67","112","67","112","67","112","67","112","67","112","67","112","67","112","67","112","67","112","67","112","67","112","67","112","67","112","67","112","67","112","67","112","67","112","67","112","67","112","67","112","67","112","67","112","67","112","67","112","67","112","67","112","67","112","67","112","67","112","67","112","67","112","67","112","67","112","67","112","67","112","67","112","67","112","67","112","67","112","67","112","67","112","67","112","67","112","67","112","67","112","67","112","67","112","67","112"]
[debug] [AndroidDriver] Sending 50 clear characters to device
[debug] [ADB] Clearing up to 50 characters
[debug] [ADB] Getting connected devices...
[debug] [ADB] 1 device(s) connected
[debug] [ADB] Running 'E:\Android\android-sdk-windows\platform-tools\adb.exe' with args: ["-P",5037,"-s","emulator-5554","shell","input","keyevent","67","112","67","112","67","112","67","112","67","112","67","112","67","112","67","112","67","112","67","112","67","112","67","112","67","112","67","112","67","112","67","112","67","112","67","112","67","112","67","112","67","112","67","112","67","112","67","112","67","112","67","112","67","112","67","112","67","112","67","112","67","112","67","112","67","112","67","112","67","112","67","112","67","112","67","112","67","112","67","112","67","112","67","112","67","112","67","112","67","112","67","112","67","112","67","112","67","112","67","112"]
[debug] [MJSONWP] Responding to client with driver.clear() result: null
[HTTP] <-- POST /wd/hub/session/505dc4d9-7162-4cc6-baad-1fb5211c87e0/element/6/clear 200 6007 ms - 76 
[HTTP] --> POST /wd/hub/session/505dc4d9-7162-4cc6-baad-1fb5211c87e0/timeouts {"type":"implicit","ms":0}
[debug] [MJSONWP] Calling AppiumDriver.timeouts() with args: ["implicit",0,"505dc4d9-7162-4cc6-baad-1fb5211c87e0"]
[debug] [BaseDriver] Set implicit wait to 0ms
[debug] [MJSONWP] Responding to client with driver.timeouts() result: null
[HTTP] <-- POST /wd/hub/session/505dc4d9-7162-4cc6-baad-1fb5211c87e0/timeouts 200 6 ms - 76 
[HTTP] --> GET /wd/hub/session/505dc4d9-7162-4cc6-baad-1fb5211c87e0/context {}
[debug] [MJSONWP] Calling AppiumDriver.getCurrentContext() with args: ["505dc4d9-7162-4cc6-baad-1fb5211c87e0"]
[debug] [MJSONWP] Responding to client with driver.getCurrentContext() result: "NATIVE_APP"
[HTTP] <-- GET /wd/hub/session/505dc4d9-7162-4cc6-baad-1fb5211c87e0/context 200 3 ms - 84 
[HTTP] --> POST /wd/hub/session/505dc4d9-7162-4cc6-baad-1fb5211c87e0/element {"using":"id","value":"net.one97.paytm:id/edit_mob_number"}
[debug] [MJSONWP] Calling AppiumDriver.findElement() with args: ["id","net.one97.paytm:id/edit_mob_number","505dc4d9-7162-4cc6-baad-1fb5211c87e0"]
[debug] [BaseDriver] Valid locator strategies for this request: xpath, id, class name, accessibility id, -android uiautomator
[debug] [BaseDriver] Valid locator strategies for this request: xpath, id, class name, accessibility id, -android uiautomator
[debug] [BaseDriver] Waiting up to 0 ms for condition
[debug] [AndroidBootstrap] Sending command to android: {"cmd":"action","action":"find","params":{"strategy":"id","selector":"net.one97.paytm:id/edit_mob_number","context":"","multiple":false}}
[debug] [AndroidBootstrap] [BOOTSTRAP LOG] [debug] Got data from client: {"cmd":"action","action":"find","params":{"strategy":"id","selector":"net.one97.paytm:id/edit_mob_number","context":"","multiple":false}}
[debug] [AndroidBootstrap] [BOOTSTRAP LOG] [debug] Got command of type ACTION
[debug] [AndroidBootstrap] [BOOTSTRAP LOG] [debug] Got command action: find
[debug] [AndroidBootstrap] [BOOTSTRAP LOG] [debug] Finding 'net.one97.paytm:id/edit_mob_number' using 'ID' with the contextId: '' multiple: false
[debug] [AndroidBootstrap] [BOOTSTRAP LOG] [debug] Using: UiSelector[INSTANCE=0, RESOURCE_ID=net.one97.paytm:id/edit_mob_number]
[debug] [AndroidBootstrap] Received command result from bootstrap
[debug] [MJSONWP] Responding to client with driver.findElement() result: {"ELEMENT":"7"}
[HTTP] <-- POST /wd/hub/session/505dc4d9-7162-4cc6-baad-1fb5211c87e0/element 200 13 ms - 87 
[debug] [AndroidBootstrap] [BOOTSTRAP LOG] [debug] Returning result: {"status":0,"value":{"ELEMENT":"7"}}
[HTTP] --> POST /wd/hub/session/505dc4d9-7162-4cc6-baad-1fb5211c87e0/timeouts {"type":"implicit","ms":1000}
[debug] [MJSONWP] Calling AppiumDriver.timeouts() with args: ["implicit",1000,"505dc4d9-7162-4cc6-baad-1fb5211c87e0"]
[debug] [BaseDriver] Set implicit wait to 1000ms
[debug] [MJSONWP] Responding to client with driver.timeouts() result: null
[HTTP] <-- POST /wd/hub/session/505dc4d9-7162-4cc6-baad-1fb5211c87e0/timeouts 200 3 ms - 76 
[HTTP] --> POST /wd/hub/session/505dc4d9-7162-4cc6-baad-1fb5211c87e0/element/7/value {"id":"7","value":["9290927170"]}
[debug] [MJSONWP] Calling AppiumDriver.setValue() with args: [["9290927170"],"7","505dc4d9-7162-4cc6-baad-1fb5211c87e0"]
[debug] [AndroidBootstrap] Sending command to android: {"cmd":"action","action":"element:setText","params":{"elementId":"7","text":"9290927170","replace":false}}
[debug] [AndroidBootstrap] [BOOTSTRAP LOG] [debug] Got data from client: {"cmd":"action","action":"element:setText","params":{"elementId":"7","text":"9290927170","replace":false}}
[debug] [AndroidBootstrap] [BOOTSTRAP LOG] [debug] Got command of type ACTION
[debug] [AndroidBootstrap] [BOOTSTRAP LOG] [debug] Got command action: setText
[debug] [AndroidBootstrap] [BOOTSTRAP LOG] [debug] Using element passed in: 7
[debug] [AndroidBootstrap] [BOOTSTRAP LOG] [debug] Attempting to clear using UiObject.clearText().
[debug] [AndroidBootstrap] [BOOTSTRAP LOG] [debug] Sending plain text to element: 9290927170
[debug] [AndroidBootstrap] Received command result from bootstrap
[debug] [MJSONWP] Responding to client with driver.setValue() result: true
[HTTP] <-- POST /wd/hub/session/505dc4d9-7162-4cc6-baad-1fb5211c87e0/element/7/value 200 5198 ms - 76 
[debug] [AndroidBootstrap] [BOOTSTRAP LOG] [debug] Returning result: {"status":0,"value":true}
[HTTP] --> POST /wd/hub/session/505dc4d9-7162-4cc6-baad-1fb5211c87e0/timeouts {"type":"implicit","ms":0}
[debug] [MJSONWP] Calling AppiumDriver.timeouts() with args: ["implicit",0,"505dc4d9-7162-4cc6-baad-1fb5211c87e0"]
[debug] [BaseDriver] Set implicit wait to 0ms
[debug] [MJSONWP] Responding to client with driver.timeouts() result: null
[HTTP] <-- POST /wd/hub/session/505dc4d9-7162-4cc6-baad-1fb5211c87e0/timeouts 200 3 ms - 76 
[HTTP] --> GET /wd/hub/session/505dc4d9-7162-4cc6-baad-1fb5211c87e0/context {}
[debug] [MJSONWP] Calling AppiumDriver.getCurrentContext() with args: ["505dc4d9-7162-4cc6-baad-1fb5211c87e0"]
[debug] [MJSONWP] Responding to client with driver.getCurrentContext() result: "NATIVE_APP"
[HTTP] <-- GET /wd/hub/session/505dc4d9-7162-4cc6-baad-1fb5211c87e0/context 200 14 ms - 84 
[HTTP] --> POST /wd/hub/session/505dc4d9-7162-4cc6-baad-1fb5211c87e0/element {"using":"id","value":"net.one97.paytm:id/edit_mob_number"}
[debug] [MJSONWP] Calling AppiumDriver.findElement() with args: ["id","net.one97.paytm:id/edit_mob_number","505dc4d9-7162-4cc6-baad-1fb5211c87e0"]
[debug] [BaseDriver] Valid locator strategies for this request: xpath, id, class name, accessibility id, -android uiautomator
[debug] [BaseDriver] Valid locator strategies for this request: xpath, id, class name, accessibility id, -android uiautomator
[debug] [BaseDriver] Waiting up to 0 ms for condition
[debug] [AndroidBootstrap] Sending command to android: {"cmd":"action","action":"find","params":{"strategy":"id","selector":"net.one97.paytm:id/edit_mob_number","context":"","multiple":false}}
[debug] [AndroidBootstrap] [BOOTSTRAP LOG] [debug] Got data from client: {"cmd":"action","action":"find","params":{"strategy":"id","selector":"net.one97.paytm:id/edit_mob_number","context":"","multiple":false}}
[debug] [AndroidBootstrap] [BOOTSTRAP LOG] [debug] Got command of type ACTION
[debug] [AndroidBootstrap] [BOOTSTRAP LOG] [debug] Got command action: find
[debug] [AndroidBootstrap] [BOOTSTRAP LOG] [debug] Finding 'net.one97.paytm:id/edit_mob_number' using 'ID' with the contextId: '' multiple: false
[debug] [AndroidBootstrap] [BOOTSTRAP LOG] [debug] Using: UiSelector[INSTANCE=0, RESOURCE_ID=net.one97.paytm:id/edit_mob_number]
[debug] [AndroidBootstrap] Received command result from bootstrap
[debug] [MJSONWP] Responding to client with driver.findElement() result: {"ELEMENT":"8"}
[HTTP] <-- POST /wd/hub/session/505dc4d9-7162-4cc6-baad-1fb5211c87e0/element 200 471 ms - 87 
[debug] [AndroidBootstrap] [BOOTSTRAP LOG] [debug] Returning result: {"status":0,"value":{"ELEMENT":"8"}}
[HTTP] --> POST /wd/hub/session/505dc4d9-7162-4cc6-baad-1fb5211c87e0/timeouts {"type":"implicit","ms":1000}
[debug] [MJSONWP] Calling AppiumDriver.timeouts() with args: ["implicit",1000,"505dc4d9-7162-4cc6-baad-1fb5211c87e0"]
[debug] [BaseDriver] Set implicit wait to 1000ms
[debug] [MJSONWP] Responding to client with driver.timeouts() result: null
[HTTP] <-- POST /wd/hub/session/505dc4d9-7162-4cc6-baad-1fb5211c87e0/timeouts 200 1 ms - 76 
[HTTP] --> GET /wd/hub/session/505dc4d9-7162-4cc6-baad-1fb5211c87e0/element/8/text {}
[debug] [MJSONWP] Calling AppiumDriver.getText() with args: ["8","505dc4d9-7162-4cc6-baad-1fb5211c87e0"]
[debug] [AndroidBootstrap] Sending command to android: {"cmd":"action","action":"element:getText","params":{"elementId":"8"}}
[debug] [AndroidBootstrap] [BOOTSTRAP LOG] [debug] Got data from client: {"cmd":"action","action":"element:getText","params":{"elementId":"8"}}
[debug] [AndroidBootstrap] [BOOTSTRAP LOG] [debug] Got command of type ACTION
[debug] [AndroidBootstrap] [BOOTSTRAP LOG] [debug] Got command action: getText
[debug] [AndroidBootstrap] Received command result from bootstrap
[debug] [MJSONWP] Responding to client with driver.getText() result: "9290927170"
[HTTP] <-- GET /wd/hub/session/505dc4d9-7162-4cc6-baad-1fb5211c87e0/element/8/text 200 18 ms - 84 
[debug] [AndroidBootstrap] [BOOTSTRAP LOG] [debug] Returning result: {"status":0,"value":"9290927170"}
[HTTP] --> POST /wd/hub/session/505dc4d9-7162-4cc6-baad-1fb5211c87e0/timeouts {"type":"implicit","ms":0}
[debug] [MJSONWP] Calling AppiumDriver.timeouts() with args: ["implicit",0,"505dc4d9-7162-4cc6-baad-1fb5211c87e0"]
[debug] [BaseDriver] Set implicit wait to 0ms
[debug] [MJSONWP] Responding to client with driver.timeouts() result: null
[HTTP] <-- POST /wd/hub/session/505dc4d9-7162-4cc6-baad-1fb5211c87e0/timeouts 200 2 ms - 76 
[HTTP] --> GET /wd/hub/session/505dc4d9-7162-4cc6-baad-1fb5211c87e0/context {}
[debug] [MJSONWP] Calling AppiumDriver.getCurrentContext() with args: ["505dc4d9-7162-4cc6-baad-1fb5211c87e0"]
[debug] [MJSONWP] Responding to client with driver.getCurrentContext() result: "NATIVE_APP"
[HTTP] <-- GET /wd/hub/session/505dc4d9-7162-4cc6-baad-1fb5211c87e0/context 200 2 ms - 84 
[HTTP] --> POST /wd/hub/session/505dc4d9-7162-4cc6-baad-1fb5211c87e0/element {"using":"id","value":"net.one97.paytm:id/edit_password"}
[debug] [MJSONWP] Calling AppiumDriver.findElement() with args: ["id","net.one97.paytm:id/edit_password","505dc4d9-7162-4cc6-baad-1fb5211c87e0"]
[debug] [BaseDriver] Valid locator strategies for this request: xpath, id, class name, accessibility id, -android uiautomator
[debug] [BaseDriver] Valid locator strategies for this request: xpath, id, class name, accessibility id, -android uiautomator
[debug] [BaseDriver] Waiting up to 0 ms for condition
[debug] [AndroidBootstrap] Sending command to android: {"cmd":"action","action":"find","params":{"strategy":"id","selector":"net.one97.paytm:id/edit_password","context":"","multiple":false}}
[debug] [AndroidBootstrap] [BOOTSTRAP LOG] [debug] Got data from client: {"cmd":"action","action":"find","params":{"strategy":"id","selector":"net.one97.paytm:id/edit_password","context":"","multiple":false}}
[debug] [AndroidBootstrap] [BOOTSTRAP LOG] [debug] Got command of type ACTION
[debug] [AndroidBootstrap] [BOOTSTRAP LOG] [debug] Got command action: find
[debug] [AndroidBootstrap] [BOOTSTRAP LOG] [debug] Finding 'net.one97.paytm:id/edit_password' using 'ID' with the contextId: '' multiple: false
[debug] [AndroidBootstrap] [BOOTSTRAP LOG] [debug] Using: UiSelector[INSTANCE=0, RESOURCE_ID=net.one97.paytm:id/edit_password]
[debug] [AndroidBootstrap] [BOOTSTRAP LOG] [debug] Returning result: {"status":0,"value":{"ELEMENT":"9"}}
[debug] [AndroidBootstrap] Received command result from bootstrap
[debug] [MJSONWP] Responding to client with driver.findElement() result: {"ELEMENT":"9"}
[HTTP] <-- POST /wd/hub/session/505dc4d9-7162-4cc6-baad-1fb5211c87e0/element 200 14 ms - 87 
[HTTP] --> POST /wd/hub/session/505dc4d9-7162-4cc6-baad-1fb5211c87e0/timeouts {"type":"implicit","ms":1000}
[debug] [MJSONWP] Calling AppiumDriver.timeouts() with args: ["implicit",1000,"505dc4d9-7162-4cc6-baad-1fb5211c87e0"]
[debug] [BaseDriver] Set implicit wait to 1000ms
[debug] [MJSONWP] Responding to client with driver.timeouts() result: null
[HTTP] <-- POST /wd/hub/session/505dc4d9-7162-4cc6-baad-1fb5211c87e0/timeouts 200 2 ms - 76 
[HTTP] --> POST /wd/hub/session/505dc4d9-7162-4cc6-baad-1fb5211c87e0/element/9/clear {"id":"9"}
[debug] [MJSONWP] Calling AppiumDriver.clear() with args: ["9","505dc4d9-7162-4cc6-baad-1fb5211c87e0"]
[debug] [AndroidBootstrap] Sending command to android: {"cmd":"action","action":"element:getText","params":{"elementId":"9"}}
[debug] [AndroidBootstrap] [BOOTSTRAP LOG] [debug] Got data from client: {"cmd":"action","action":"element:getText","params":{"elementId":"9"}}
[debug] [AndroidBootstrap] [BOOTSTRAP LOG] [debug] Got command of type ACTION
[debug] [AndroidBootstrap] [BOOTSTRAP LOG] [debug] Got command action: getText
[debug] [AndroidBootstrap] Received command result from bootstrap
[debug] [AndroidBootstrap] Sending command to android: {"cmd":"action","action":"element:click","params":{"elementId":"9"}}
[debug] [AndroidBootstrap] [BOOTSTRAP LOG] [debug] Returning result: {"status":0,"value":""}
[debug] [AndroidBootstrap] [BOOTSTRAP LOG] [debug] Got data from client: {"cmd":"action","action":"element:click","params":{"elementId":"9"}}
[debug] [AndroidBootstrap] [BOOTSTRAP LOG] [debug] Got command of type ACTION
[debug] [AndroidBootstrap] [BOOTSTRAP LOG] [debug] Got command action: click
[debug] [AndroidBootstrap] Received command result from bootstrap
[debug] [AndroidDriver] Sending up to 100 clear characters to device
[debug] [AndroidDriver] Sending 50 clear characters to device
[debug] [ADB] Clearing up to 50 characters
[debug] [ADB] Getting connected devices...
[debug] [AndroidBootstrap] [BOOTSTRAP LOG] [debug] Returning result: {"status":0,"value":true}
[debug] [ADB] 1 device(s) connected
[debug] [ADB] Running 'E:\Android\android-sdk-windows\platform-tools\adb.exe' with args: ["-P",5037,"-s","emulator-5554","shell","input","keyevent","67","112","67","112","67","112","67","112","67","112","67","112","67","112","67","112","67","112","67","112","67","112","67","112","67","112","67","112","67","112","67","112","67","112","67","112","67","112","67","112","67","112","67","112","67","112","67","112","67","112","67","112","67","112","67","112","67","112","67","112","67","112","67","112","67","112","67","112","67","112","67","112","67","112","67","112","67","112","67","112","67","112","67","112","67","112","67","112","67","112","67","112","67","112","67","112","67","112","67","112"]
[debug] [AndroidDriver] Sending 50 clear characters to device
[debug] [ADB] Clearing up to 50 characters
[debug] [ADB] Getting connected devices...
[debug] [ADB] 1 device(s) connected
[debug] [ADB] Running 'E:\Android\android-sdk-windows\platform-tools\adb.exe' with args: ["-P",5037,"-s","emulator-5554","shell","input","keyevent","67","112","67","112","67","112","67","112","67","112","67","112","67","112","67","112","67","112","67","112","67","112","67","112","67","112","67","112","67","112","67","112","67","112","67","112","67","112","67","112","67","112","67","112","67","112","67","112","67","112","67","112","67","112","67","112","67","112","67","112","67","112","67","112","67","112","67","112","67","112","67","112","67","112","67","112","67","112","67","112","67","112","67","112","67","112","67","112","67","112","67","112","67","112","67","112","67","112","67","112"]
[debug] [MJSONWP] Responding to client with driver.clear() result: null
[HTTP] <-- POST /wd/hub/session/505dc4d9-7162-4cc6-baad-1fb5211c87e0/element/9/clear 200 2849 ms - 76 
[HTTP] --> POST /wd/hub/session/505dc4d9-7162-4cc6-baad-1fb5211c87e0/timeouts {"type":"implicit","ms":0}
[debug] [MJSONWP] Calling AppiumDriver.timeouts() with args: ["implicit",0,"505dc4d9-7162-4cc6-baad-1fb5211c87e0"]
[debug] [BaseDriver] Set implicit wait to 0ms
[debug] [MJSONWP] Responding to client with driver.timeouts() result: null
[HTTP] <-- POST /wd/hub/session/505dc4d9-7162-4cc6-baad-1fb5211c87e0/timeouts 200 2 ms - 76 
[HTTP] --> GET /wd/hub/session/505dc4d9-7162-4cc6-baad-1fb5211c87e0/context {}
[debug] [MJSONWP] Calling AppiumDriver.getCurrentContext() with args: ["505dc4d9-7162-4cc6-baad-1fb5211c87e0"]
[debug] [MJSONWP] Responding to client with driver.getCurrentContext() result: "NATIVE_APP"
[HTTP] <-- GET /wd/hub/session/505dc4d9-7162-4cc6-baad-1fb5211c87e0/context 200 1 ms - 84 
[HTTP] --> POST /wd/hub/session/505dc4d9-7162-4cc6-baad-1fb5211c87e0/element {"using":"id","value":"net.one97.paytm:id/edit_password"}
[debug] [MJSONWP] Calling AppiumDriver.findElement() with args: ["id","net.one97.paytm:id/edit_password","505dc4d9-7162-4cc6-baad-1fb5211c87e0"]
[debug] [BaseDriver] Valid locator strategies for this request: xpath, id, class name, accessibility id, -android uiautomator
[debug] [BaseDriver] Valid locator strategies for this request: xpath, id, class name, accessibility id, -android uiautomator
[debug] [BaseDriver] Waiting up to 0 ms for condition
[debug] [AndroidBootstrap] Sending command to android: {"cmd":"action","action":"find","params":{"strategy":"id","selector":"net.one97.paytm:id/edit_password","context":"","multiple":false}}
[debug] [AndroidBootstrap] [BOOTSTRAP LOG] [debug] Got data from client: {"cmd":"action","action":"find","params":{"strategy":"id","selector":"net.one97.paytm:id/edit_password","context":"","multiple":false}}
[debug] [AndroidBootstrap] [BOOTSTRAP LOG] [debug] Got command of type ACTION
[debug] [AndroidBootstrap] [BOOTSTRAP LOG] [debug] Got command action: find
[debug] [AndroidBootstrap] [BOOTSTRAP LOG] [debug] Finding 'net.one97.paytm:id/edit_password' using 'ID' with the contextId: '' multiple: false
[debug] [AndroidBootstrap] [BOOTSTRAP LOG] [debug] Using: UiSelector[INSTANCE=0, RESOURCE_ID=net.one97.paytm:id/edit_password]
[debug] [AndroidBootstrap] Received command result from bootstrap
[debug] [MJSONWP] Responding to client with driver.findElement() result: {"ELEMENT":"10"}
[HTTP] <-- POST /wd/hub/session/505dc4d9-7162-4cc6-baad-1fb5211c87e0/element 200 15 ms - 88 
[debug] [AndroidBootstrap] [BOOTSTRAP LOG] [debug] Returning result: {"status":0,"value":{"ELEMENT":"10"}}
[HTTP] --> POST /wd/hub/session/505dc4d9-7162-4cc6-baad-1fb5211c87e0/timeouts {"type":"implicit","ms":1000}
[debug] [MJSONWP] Calling AppiumDriver.timeouts() with args: ["implicit",1000,"505dc4d9-7162-4cc6-baad-1fb5211c87e0"]
[debug] [BaseDriver] Set implicit wait to 1000ms
[debug] [MJSONWP] Responding to client with driver.timeouts() result: null
[HTTP] <-- POST /wd/hub/session/505dc4d9-7162-4cc6-baad-1fb5211c87e0/timeouts 200 3 ms - 76 
[HTTP] --> POST /wd/hub/session/505dc4d9-7162-4cc6-baad-1fb5211c87e0/element/10/value {"id":"10","value":["12345"]}
[debug] [MJSONWP] Calling AppiumDriver.setValue() with args: [["12345"],"10","505dc4d9-7162-4cc6-baad-1fb5211c87e0"]
[debug] [AndroidBootstrap] Sending command to android: {"cmd":"action","action":"element:setText","params":{"elementId":"10","text":"12345","replace":false}}
[debug] [AndroidBootstrap] [BOOTSTRAP LOG] [debug] Got data from client: {"cmd":"action","action":"element:setText","params":{"elementId":"10","text":"12345","replace":false}}
[debug] [AndroidBootstrap] [BOOTSTRAP LOG] [debug] Got command of type ACTION
[debug] [AndroidBootstrap] [BOOTSTRAP LOG] [debug] Got command action: setText
[debug] [AndroidBootstrap] [BOOTSTRAP LOG] [debug] Using element passed in: 10
[debug] [AndroidBootstrap] [BOOTSTRAP LOG] [debug] Attempting to clear using UiObject.clearText().
[debug] [AndroidBootstrap] [BOOTSTRAP LOG] [debug] Sending plain text to element: 12345
[debug] [AndroidBootstrap] Received command result from bootstrap
[debug] [MJSONWP] Responding to client with driver.setValue() result: true
[HTTP] <-- POST /wd/hub/session/505dc4d9-7162-4cc6-baad-1fb5211c87e0/element/10/value 200 5066 ms - 76 
[debug] [AndroidBootstrap] [BOOTSTRAP LOG] [debug] Returning result: {"status":0,"value":true}
[HTTP] --> POST /wd/hub/session/505dc4d9-7162-4cc6-baad-1fb5211c87e0/timeouts {"type":"implicit","ms":0}
[debug] [MJSONWP] Calling AppiumDriver.timeouts() with args: ["implicit",0,"505dc4d9-7162-4cc6-baad-1fb5211c87e0"]
[debug] [BaseDriver] Set implicit wait to 0ms
[debug] [MJSONWP] Responding to client with driver.timeouts() result: null
[HTTP] <-- POST /wd/hub/session/505dc4d9-7162-4cc6-baad-1fb5211c87e0/timeouts 200 3 ms - 76 
[HTTP] --> GET /wd/hub/session/505dc4d9-7162-4cc6-baad-1fb5211c87e0/context {}
[debug] [MJSONWP] Calling AppiumDriver.getCurrentContext() with args: ["505dc4d9-7162-4cc6-baad-1fb5211c87e0"]
[debug] [MJSONWP] Responding to client with driver.getCurrentContext() result: "NATIVE_APP"
[HTTP] <-- GET /wd/hub/session/505dc4d9-7162-4cc6-baad-1fb5211c87e0/context 200 3 ms - 84 
[HTTP] --> POST /wd/hub/session/505dc4d9-7162-4cc6-baad-1fb5211c87e0/element {"using":"id","value":"net.one97.paytm:id/edit_password"}
[debug] [MJSONWP] Calling AppiumDriver.findElement() with args: ["id","net.one97.paytm:id/edit_password","505dc4d9-7162-4cc6-baad-1fb5211c87e0"]
[debug] [BaseDriver] Valid locator strategies for this request: xpath, id, class name, accessibility id, -android uiautomator
[debug] [BaseDriver] Valid locator strategies for this request: xpath, id, class name, accessibility id, -android uiautomator
[debug] [BaseDriver] Waiting up to 0 ms for condition
[debug] [AndroidBootstrap] Sending command to android: {"cmd":"action","action":"find","params":{"strategy":"id","selector":"net.one97.paytm:id/edit_password","context":"","multiple":false}}
[debug] [AndroidBootstrap] [BOOTSTRAP LOG] [debug] Got data from client: {"cmd":"action","action":"find","params":{"strategy":"id","selector":"net.one97.paytm:id/edit_password","context":"","multiple":false}}
[debug] [AndroidBootstrap] [BOOTSTRAP LOG] [debug] Got command of type ACTION
[debug] [AndroidBootstrap] [BOOTSTRAP LOG] [debug] Got command action: find
[debug] [AndroidBootstrap] [BOOTSTRAP LOG] [debug] Finding 'net.one97.paytm:id/edit_password' using 'ID' with the contextId: '' multiple: false
[debug] [AndroidBootstrap] [BOOTSTRAP LOG] [debug] Using: UiSelector[INSTANCE=0, RESOURCE_ID=net.one97.paytm:id/edit_password]
[debug] [AndroidBootstrap] [BOOTSTRAP LOG] [debug] Returning result: {"status":0,"value":{"ELEMENT":"11"}}
[debug] [AndroidBootstrap] Received command result from bootstrap
[debug] [MJSONWP] Responding to client with driver.findElement() result: {"ELEMENT":"11"}
[HTTP] <-- POST /wd/hub/session/505dc4d9-7162-4cc6-baad-1fb5211c87e0/element 200 456 ms - 88 
[HTTP] --> POST /wd/hub/session/505dc4d9-7162-4cc6-baad-1fb5211c87e0/timeouts {"type":"implicit","ms":1000}
[debug] [MJSONWP] Calling AppiumDriver.timeouts() with args: ["implicit",1000,"505dc4d9-7162-4cc6-baad-1fb5211c87e0"]
[debug] [BaseDriver] Set implicit wait to 1000ms
[debug] [MJSONWP] Responding to client with driver.timeouts() result: null
[HTTP] <-- POST /wd/hub/session/505dc4d9-7162-4cc6-baad-1fb5211c87e0/timeouts 200 2 ms - 76 
[HTTP] --> GET /wd/hub/session/505dc4d9-7162-4cc6-baad-1fb5211c87e0/element/11/text {}
[debug] [MJSONWP] Calling AppiumDriver.getText() with args: ["11","505dc4d9-7162-4cc6-baad-1fb5211c87e0"]
[debug] [AndroidBootstrap] Sending command to android: {"cmd":"action","action":"element:getText","params":{"elementId":"11"}}
[debug] [AndroidBootstrap] [BOOTSTRAP LOG] [debug] Got data from client: {"cmd":"action","action":"element:getText","params":{"elementId":"11"}}
[debug] [AndroidBootstrap] [BOOTSTRAP LOG] [debug] Got command of type ACTION
[debug] [AndroidBootstrap] [BOOTSTRAP LOG] [debug] Got command action: getText
[debug] [AndroidBootstrap] [BOOTSTRAP LOG] [debug] Returning result: {"status":0,"value":"12345"}
[debug] [AndroidBootstrap] Received command result from bootstrap
[debug] [MJSONWP] Responding to client with driver.getText() result: "12345"
[HTTP] <-- GET /wd/hub/session/505dc4d9-7162-4cc6-baad-1fb5211c87e0/element/11/text 200 18 ms - 79 
[HTTP] --> POST /wd/hub/session/505dc4d9-7162-4cc6-baad-1fb5211c87e0/appium/device/hide_keyboard {}
[debug] [MJSONWP] Calling AppiumDriver.hideKeyboard() with args: [null,null,null,null,"505dc4d9-7162-4cc6-baad-1fb5211c87e0"]
[debug] [ADB] Getting connected devices...
[debug] [ADB] 1 device(s) connected
[debug] [ADB] Running 'E:\Android\android-sdk-windows\platform-tools\adb.exe' with args: ["-P",5037,"-s","emulator-5554","shell","dumpsys","input_method"]
[debug] [AndroidBootstrap] Sending command to android: {"cmd":"action","action":"pressBack","params":{}}
[debug] [AndroidBootstrap] [BOOTSTRAP LOG] [debug] Got data from client: {"cmd":"action","action":"pressBack","params":{}}
[debug] [AndroidBootstrap] [BOOTSTRAP LOG] [debug] Got command of type ACTION
[debug] [AndroidBootstrap] [BOOTSTRAP LOG] [debug] Got command action: pressBack
[debug] [AndroidBootstrap] Received command result from bootstrap
[debug] [MJSONWP] Responding to client with driver.hideKeyboard() result: true
[HTTP] <-- POST /wd/hub/session/505dc4d9-7162-4cc6-baad-1fb5211c87e0/appium/device/hide_keyboard 200 313 ms - 76 
[debug] [AndroidBootstrap] [BOOTSTRAP LOG] [debug] Returning result: {"status":0,"value":true}
[HTTP] --> POST /wd/hub/session/505dc4d9-7162-4cc6-baad-1fb5211c87e0/timeouts {"type":"implicit","ms":0}
[debug] [MJSONWP] Calling AppiumDriver.timeouts() with args: ["implicit",0,"505dc4d9-7162-4cc6-baad-1fb5211c87e0"]
[debug] [BaseDriver] Set implicit wait to 0ms
[debug] [MJSONWP] Responding to client with driver.timeouts() result: null
[HTTP] <-- POST /wd/hub/session/505dc4d9-7162-4cc6-baad-1fb5211c87e0/timeouts 200 2 ms - 76 
[HTTP] --> GET /wd/hub/session/505dc4d9-7162-4cc6-baad-1fb5211c87e0/context {}
[debug] [MJSONWP] Calling AppiumDriver.getCurrentContext() with args: ["505dc4d9-7162-4cc6-baad-1fb5211c87e0"]
[debug] [MJSONWP] Responding to client with driver.getCurrentContext() result: "NATIVE_APP"
[HTTP] <-- GET /wd/hub/session/505dc4d9-7162-4cc6-baad-1fb5211c87e0/context 200 8 ms - 84 
[HTTP] --> POST /wd/hub/session/505dc4d9-7162-4cc6-baad-1fb5211c87e0/element {"using":"id","value":"net.one97.paytm:id/sign_up_btn"}
[debug] [MJSONWP] Calling AppiumDriver.findElement() with args: ["id","net.one97.paytm:id/sign_up_btn","505dc4d9-7162-4cc6-baad-1fb5211c87e0"]
[debug] [BaseDriver] Valid locator strategies for this request: xpath, id, class name, accessibility id, -android uiautomator
[debug] [BaseDriver] Valid locator strategies for this request: xpath, id, class name, accessibility id, -android uiautomator
[debug] [BaseDriver] Waiting up to 0 ms for condition
[debug] [AndroidBootstrap] Sending command to android: {"cmd":"action","action":"find","params":{"strategy":"id","selector":"net.one97.paytm:id/sign_up_btn","context":"","multiple":false}}
[debug] [AndroidBootstrap] [BOOTSTRAP LOG] [debug] Got data from client: {"cmd":"action","action":"find","params":{"strategy":"id","selector":"net.one97.paytm:id/sign_up_btn","context":"","multiple":false}}
[debug] [AndroidBootstrap] [BOOTSTRAP LOG] [debug] Got command of type ACTION
[debug] [AndroidBootstrap] [BOOTSTRAP LOG] [debug] Got command action: find
[debug] [AndroidBootstrap] [BOOTSTRAP LOG] [debug] Finding 'net.one97.paytm:id/sign_up_btn' using 'ID' with the contextId: '' multiple: false
[debug] [AndroidBootstrap] [BOOTSTRAP LOG] [debug] Using: UiSelector[INSTANCE=0, RESOURCE_ID=net.one97.paytm:id/sign_up_btn]
[debug] [AndroidBootstrap] [BOOTSTRAP LOG] [debug] Returning result: {"status":0,"value":{"ELEMENT":"12"}}
[debug] [AndroidBootstrap] Received command result from bootstrap
[debug] [MJSONWP] Responding to client with driver.findElement() result: {"ELEMENT":"12"}
[HTTP] <-- POST /wd/hub/session/505dc4d9-7162-4cc6-baad-1fb5211c87e0/element 200 686 ms - 88 
[HTTP] --> POST /wd/hub/session/505dc4d9-7162-4cc6-baad-1fb5211c87e0/timeouts {"type":"implicit","ms":1000}
[debug] [MJSONWP] Calling AppiumDriver.timeouts() with args: ["implicit",1000,"505dc4d9-7162-4cc6-baad-1fb5211c87e0"]
[debug] [BaseDriver] Set implicit wait to 1000ms
[debug] [MJSONWP] Responding to client with driver.timeouts() result: null
[HTTP] <-- POST /wd/hub/session/505dc4d9-7162-4cc6-baad-1fb5211c87e0/timeouts 200 1 ms - 76 
[HTTP] --> POST /wd/hub/session/505dc4d9-7162-4cc6-baad-1fb5211c87e0/element/12/click {"id":"12"}
[debug] [MJSONWP] Calling AppiumDriver.click() with args: ["12","505dc4d9-7162-4cc6-baad-1fb5211c87e0"]
[debug] [AndroidBootstrap] Sending command to android: {"cmd":"action","action":"element:click","params":{"elementId":"12"}}
[debug] [AndroidBootstrap] [BOOTSTRAP LOG] [debug] Got data from client: {"cmd":"action","action":"element:click","params":{"elementId":"12"}}
[debug] [AndroidBootstrap] [BOOTSTRAP LOG] [debug] Got command of type ACTION
[debug] [AndroidBootstrap] [BOOTSTRAP LOG] [debug] Got command action: click
[debug] [AndroidBootstrap] Received command result from bootstrap
[debug] [MJSONWP] Responding to client with driver.click() result: true
[HTTP] <-- POST /wd/hub/session/505dc4d9-7162-4cc6-baad-1fb5211c87e0/element/12/click 200 422 ms - 76 
[debug] [AndroidBootstrap] [BOOTSTRAP LOG] [debug] Returning result: {"status":0,"value":true}
[HTTP] --> POST /wd/hub/session/505dc4d9-7162-4cc6-baad-1fb5211c87e0/timeouts {"type":"implicit","ms":0}
[debug] [MJSONWP] Calling AppiumDriver.timeouts() with args: ["implicit",0,"505dc4d9-7162-4cc6-baad-1fb5211c87e0"]
[debug] [BaseDriver] Set implicit wait to 0ms
[debug] [MJSONWP] Responding to client with driver.timeouts() result: null
[HTTP] <-- POST /wd/hub/session/505dc4d9-7162-4cc6-baad-1fb5211c87e0/timeouts 200 2 ms - 76 
[HTTP] --> GET /wd/hub/session/505dc4d9-7162-4cc6-baad-1fb5211c87e0/context {}
[debug] [MJSONWP] Calling AppiumDriver.getCurrentContext() with args: ["505dc4d9-7162-4cc6-baad-1fb5211c87e0"]
[debug] [MJSONWP] Responding to client with driver.getCurrentContext() result: "NATIVE_APP"
[HTTP] <-- GET /wd/hub/session/505dc4d9-7162-4cc6-baad-1fb5211c87e0/context 200 3 ms - 84 
[HTTP] --> POST /wd/hub/session/505dc4d9-7162-4cc6-baad-1fb5211c87e0/element {"using":"id","value":"net.one97.paytm:id/w_custom_dialog_message"}
[debug] [MJSONWP] Calling AppiumDriver.findElement() with args: ["id","net.one97.paytm:id/w_custom_dialog_message","505dc4d9-7162-4cc6-baad-1fb5211c87e0"]
[debug] [BaseDriver] Valid locator strategies for this request: xpath, id, class name, accessibility id, -android uiautomator
[debug] [BaseDriver] Valid locator strategies for this request: xpath, id, class name, accessibility id, -android uiautomator
[debug] [BaseDriver] Waiting up to 0 ms for condition
[debug] [AndroidBootstrap] Sending command to android: {"cmd":"action","action":"find","params":{"strategy":"id","selector":"net.one97.paytm:id/w_custom_dialog_message","context":"","multiple":false}}
[debug] [AndroidBootstrap] [BOOTSTRAP LOG] [debug] Got data from client: {"cmd":"action","action":"find","params":{"strategy":"id","selector":"net.one97.paytm:id/w_custom_dialog_message","context":"","multiple":false}}
[debug] [AndroidBootstrap] [BOOTSTRAP LOG] [debug] Got command of type ACTION
[debug] [AndroidBootstrap] [BOOTSTRAP LOG] [debug] Got command action: find
[debug] [AndroidBootstrap] [BOOTSTRAP LOG] [debug] Finding 'net.one97.paytm:id/w_custom_dialog_message' using 'ID' with the contextId: '' multiple: false
[debug] [AndroidBootstrap] [BOOTSTRAP LOG] [debug] Using: UiSelector[INSTANCE=0, RESOURCE_ID=net.one97.paytm:id/w_custom_dialog_message]
[debug] [AndroidBootstrap] Received command result from bootstrap
[debug] [MJSONWP] Responding to client with driver.findElement() result: {"ELEMENT":"13"}
[HTTP] <-- POST /wd/hub/session/505dc4d9-7162-4cc6-baad-1fb5211c87e0/element 200 17 ms - 88 
[debug] [AndroidBootstrap] [BOOTSTRAP LOG] [debug] Returning result: {"status":0,"value":{"ELEMENT":"13"}}
[HTTP] --> POST /wd/hub/session/505dc4d9-7162-4cc6-baad-1fb5211c87e0/timeouts {"type":"implicit","ms":1000}
[debug] [MJSONWP] Calling AppiumDriver.timeouts() with args: ["implicit",1000,"505dc4d9-7162-4cc6-baad-1fb5211c87e0"]
[debug] [BaseDriver] Set implicit wait to 1000ms
[debug] [MJSONWP] Responding to client with driver.timeouts() result: null
[HTTP] <-- POST /wd/hub/session/505dc4d9-7162-4cc6-baad-1fb5211c87e0/timeouts 200 2 ms - 76 
[HTTP] --> GET /wd/hub/session/505dc4d9-7162-4cc6-baad-1fb5211c87e0/element/13/text {}
[debug] [MJSONWP] Calling AppiumDriver.getText() with args: ["13","505dc4d9-7162-4cc6-baad-1fb5211c87e0"]
[debug] [AndroidBootstrap] Sending command to android: {"cmd":"action","action":"element:getText","params":{"elementId":"13"}}
[debug] [AndroidBootstrap] [BOOTSTRAP LOG] [debug] Got data from client: {"cmd":"action","action":"element:getText","params":{"elementId":"13"}}
[debug] [AndroidBootstrap] [BOOTSTRAP LOG] [debug] Got command of type ACTION
[debug] [AndroidBootstrap] [BOOTSTRAP LOG] [debug] Got command action: getText
[debug] [AndroidBootstrap] [BOOTSTRAP LOG] [debug] Returning result: {"status":0,"value":"Such common passwords are not allowed."}
[debug] [AndroidBootstrap] Received command result from bootstrap
[debug] [MJSONWP] Responding to client with driver.getText() result: "Such common passwords are not allowed."
[HTTP] <-- GET /wd/hub/session/505dc4d9-7162-4cc6-baad-1fb5211c87e0/element/13/text 200 8 ms - 112 
After Method Execution Starts
?[34mCurrent Page is null?[0m
[HTTP] --> GET /wd/hub/session/505dc4d9-7162-4cc6-baad-1fb5211c87e0/screenshot {}
[debug] [MJSONWP] Calling AppiumDriver.getScreenshot() with args: ["505dc4d9-7162-4cc6-baad-1fb5211c87e0"]
[debug] [ADB] Device API level: 25
[debug] [MJSONWP] Responding to client with driver.getScreenshot() result: "iVBORw0KGgoAAAANSUhEUgAABaAAAAoACAYAAABH9IXPAACAAElEQVR4AezBCXjUhaHv7+/8mKyQBcgCBIKMgbAkISgYF2qQulC9kWDVumBFbF1KLXjaaqXF9WortlXp8bicY9Wj4q2tR0FxQZTFCIyyJIRgEsIASchCFiaZLDOZyeT/8NzH5/qfJytkyCR+3tekkWkdAgAAAAAAAACgnxkCAAAAAAAAAMAPDAEAAAAAAAAA4AeGAAAAAAAAAADwA0MAAAAAAAAAAPiBIQAAAAAAAAAA/MAQAAAAAAAAAAB+YAgAAAAAAAAAAD8wBAAAAAAAAACAHxgCAAAAAAAAAMAPDAEAAAAAAAAA4AeGAAAAAAAAAADwA0MAAAAAAAAAAPiBIQAAAAAAAAAA/MAQAAAAAAAAAAB+YAgAAAAAAAAAAD8wCwAAAAAAAEBAe2LVr3TeOSk6VW+/t1H/Wv+p6k80CDiTzBriQkNCtHRxtp57aqX6k9Pl0qebd2r1mle0J+8btbQ6BQAAAAAA0B+ioyI0MyVZ6anJio6KUHRkhNJTp6o7ufmFsjc6ZG9wKDe/SHn7i2RvcAi9l56arNz8IgWi885J0Q8zM3SqDhTZ9MEnWwWcaWYNcXfedq0eW7lM/S00JERZCzJ1xfwLtXrNK/rj0y+rpdUpAAAAAACAvkpPTdbCKy9Rekqy5s2do+ioCPXVvLmz5cve4NCWnK+15ctd2vrlLuXmFwmdS09N1oSEMcrNLxKA/mPWELbkpoV65on75E/BwUG671e36ZPPtytn514BAAAAAAD0xsIrL1H2lZco+6r5io6KkD9ER0Uo+6r5yr5qvk6yNzj03obP9d6Hm7Xuw83C/5WemqwJCWMEoP+ZNQSFhoToztuu1TNP3KczITg4SPcvX6qcnfcIAAAAAACgK/PmztatN1yt7KvmKzoqQmdadFSElty0UEtuWih7g0Pvbfhcr/2f9dqSs0vfV+mpyZqQMEYA/MOsIWjp4mw9tnKZzqRL52UI...
[HTTP] <-- GET /wd/hub/session/505dc4d9-7162-4cc6-baad-1fb5211c87e0/screenshot 200 1822 ms - 206534 
[HTTP] --> GET /wd/hub/session/505dc4d9-7162-4cc6-baad-1fb5211c87e0/screenshot {}
[debug] [MJSONWP] Calling AppiumDriver.getScreenshot() with args: ["505dc4d9-7162-4cc6-baad-1fb5211c87e0"]
[debug] [ADB] Device API level: 25
[debug] [MJSONWP] Responding to client with driver.getScreenshot() result: "iVBORw0KGgoAAAANSUhEUgAABaAAAAoACAYAAABH9IXPAACAAElEQVR4AezBCXjUhaHv7+/8mKyQBcgCBIKMgbAkISgYF2qQulC9kWDVumBFbF1KLXjaaqXF9WortlXp8bicY9Wj4q2tR0FxQZTFCIyyJIRgEsIASchCFiaZLDOZyeT/8NzH5/qfJytkyCR+3tekkWkdAgAAAAAAAACgnxkCAAAAAAAAAMAPDAEAAAAAAAAA4AeGAAAAAAAAAADwA0MAAAAAAAAAAPiBIQAAAAAAAAAA/MAQAAAAAAAAAAB+YAgAAAAAAAAAAD8wBAAAAAAAAACAHxgCAAAAAAAAAMAPDAEAAAAAAAAA4AeGAAAAAAAAAADwA0MAAAAAAAAAAPiBIQAAAAAAAAAA/MAQAAAAAAAAAAB+YAgAAAAAAAAAAD8wCwAAAAAAAEBAe2LVr3TeOSk6VW+/t1H/Wv+p6k80CDiTzBriQkNCtHRxtp57aqX6k9Pl0qebd2r1mle0J+8btbQ6BQAAAAAA0B+ioyI0MyVZ6anJio6KUHRkhNJTp6o7ufmFsjc6ZG9wKDe/SHn7i2RvcAi9l56arNz8IgWi885J0Q8zM3SqDhTZ9MEnWwWcaWYNcXfedq0eW7lM/S00JERZCzJ1xfwLtXrNK/rj0y+rpdUpAAAAAACAvkpPTdbCKy9Rekqy5s2do+ioCPXVvLmz5cve4NCWnK+15ctd2vrlLuXmFwmdS09N1oSEMcrNLxKA/mPWELbkpoV65on75E/BwUG671e36ZPPtytn514BAAAAAAD0xsIrL1H2lZco+6r5io6KkD9ER0Uo+6r5yr5qvk6yNzj03obP9d6Hm7Xuw83C/5WemqwJCWMEoP+ZNQSFhoToztuu1TNP3KczITg4SPcvX6qcnfcIAAAAAACgK/PmztatN1yt7KvmKzoqQmdadFSElty0UEtuWih7g0Pvbfhcr/2f9dqSs0vfV+mpyZqQMEYA/MOsIWjp4mw9tnKZzqRL52UI...
[HTTP] <-- GET /wd/hub/session/505dc4d9-7162-4cc6-baad-1fb5211c87e0/screenshot 200 1754 ms - 206534 
Screenshot taken forcheck validation message for Invalid Passwordtest case
[HTTP] --> DELETE /wd/hub/session/505dc4d9-7162-4cc6-baad-1fb5211c87e0 {}
[debug] [MJSONWP] Calling AppiumDriver.deleteSession() with args: ["505dc4d9-7162-4cc6-baad-1fb5211c87e0"]
[debug] [BaseDriver] Event 'quitSessionRequested' logged at 1507357410596 (14:23:30 GMT+0800 (Malay Peninsula Standard Time))
[Appium] Removing session 505dc4d9-7162-4cc6-baad-1fb5211c87e0 from our master session list
[debug] [AndroidDriver] Shutting down Android driver
[debug] [ADB] Getting connected devices...
[debug] [ADB] 1 device(s) connected
[debug] [ADB] Running 'E:\Android\android-sdk-windows\platform-tools\adb.exe' with args: ["-P",5037,"-s","emulator-5554","shell","am","force-stop","net.one97.paytm"]
[debug] [ADB] Pressing the HOME button
[debug] [ADB] Getting connected devices...
[debug] [ADB] 1 device(s) connected
[debug] [ADB] Running 'E:\Android\android-sdk-windows\platform-tools\adb.exe' with args: ["-P",5037,"-s","emulator-5554","shell","input","keyevent",3]
[debug] [AndroidBootstrap] Sending command to android: {"cmd":"shutdown"}
[debug] [AndroidBootstrap] Received command result from bootstrap
[debug] [UiAutomator] Shutting down UiAutomator
[debug] [UiAutomator] Moving to state 'stopping'
[debug] [AndroidBootstrap] [BOOTSTRAP LOG] [debug] Got data from client: {"cmd":"shutdown"}
[debug] [AndroidBootstrap] [BOOTSTRAP LOG] [debug] Got command of type SHUTDOWN
[debug] [AndroidBootstrap] [BOOTSTRAP LOG] [debug] Returning result: {"status":0,"value":"OK, shutting down"}
[debug] [AndroidBootstrap] [BOOTSTRAP LOG] [debug] Closed client connection
[debug] [UiAutomator] UiAutomator shut down normally
[debug] [UiAutomator] Moving to state 'stopped'
[debug] [ADB] Attempting to kill all uiautomator processes
[debug] [ADB] Getting all processes with uiautomator
[debug] [ADB] Getting connected devices...
[debug] [ADB] 1 device(s) connected
[debug] [ADB] Running 'E:\Android\android-sdk-windows\platform-tools\adb.exe' with args: ["-P",5037,"-s","emulator-5554","shell","ps"]
[ADB] No uiautomator process found to kill, continuing...
[debug] [UiAutomator] Moving to state 'stopped'
[debug] [Logcat] Stopping logcat capture
[debug] [ADB] Getting connected devices...
[debug] [ADB] 1 device(s) connected
[debug] [ADB] Running 'E:\Android\android-sdk-windows\platform-tools\adb.exe' with args: ["-P",5037,"-s","emulator-5554","shell","am","force-stop","io.appium.unlock"]
[debug] [AndroidDriver] Not cleaning generated files. Add `clearSystemFiles` capability if wanted.
[debug] [BaseDriver] Event 'quitSessionFinished' logged at 1507357413537 (14:23:33 GMT+0800 (Malay Peninsula Standard Time))
[debug] [MJSONWP] Received response: null
[debug] [MJSONWP] But deleting session, so not returning
[debug] [MJSONWP] Responding to client with driver.deleteSession() result: null
[HTTP] <-- DELETE /wd/hub/session/505dc4d9-7162-4cc6-baad-1fb5211c87e0 200 2942 ms - 76 
[HTTP] --> POST /wd/hub/session/d81a6222-71b7-42c5-964a-91d22cc4b361/timeouts {"type":"implicit","ms":0}
[debug] [MJSONWP] Calling AppiumDriver.timeouts() with args: ["implicit",0,"d81a6222-71b7-42c5-964a-91d22cc4b361"]
[debug] [BaseDriver] Set implicit wait to 0ms
[debug] [MJSONWP] Responding to client with driver.timeouts() result: null
[HTTP] <-- POST /wd/hub/session/d81a6222-71b7-42c5-964a-91d22cc4b361/timeouts 200 2 ms - 76 
[HTTP] --> GET /wd/hub/session/d81a6222-71b7-42c5-964a-91d22cc4b361/context {}
[debug] [MJSONWP] Calling AppiumDriver.getCurrentContext() with args: ["d81a6222-71b7-42c5-964a-91d22cc4b361"]
[debug] [MJSONWP] Responding to client with driver.getCurrentContext() result: "NATIVE_APP"
[HTTP] <-- GET /wd/hub/session/d81a6222-71b7-42c5-964a-91d22cc4b361/context 200 10 ms - 84 
[HTTP] --> POST /wd/hub/session/d81a6222-71b7-42c5-964a-91d22cc4b361/element {"using":"xpath","value":"//android.widget.TextView[@text='Login']"}
[debug] [MJSONWP] Calling AppiumDriver.findElement() with args: ["xpath","//android.widget.TextView[@text='Login']","d81a6222-71b7-42c5-964a-91d22cc4b361"]
[debug] [BaseDriver] Valid locator strategies for this request: xpath, id, class name, accessibility id, -android uiautomator
[debug] [BaseDriver] Valid locator strategies for this request: xpath, id, class name, accessibility id, -android uiautomator
[debug] [BaseDriver] Waiting up to 0 ms for condition
[debug] [AndroidBootstrap] Sending command to android: {"cmd":"action","action":"find","params":{"strategy":"xpath","selector":"//android.widget.TextView[@text='Login']","context":"","multiple":false}}
[debug] [AndroidBootstrap] [BOOTSTRAP LOG] [debug] Got data from client: {"cmd":"action","action":"find","params":{"strategy":"xpath","selector":"//android.widget.TextView[@text='Login']","context":"","multiple":false}}
[debug] [AndroidBootstrap] [BOOTSTRAP LOG] [debug] Got command of type ACTION
[debug] [AndroidBootstrap] [BOOTSTRAP LOG] [debug] Got command action: find
[debug] [AndroidBootstrap] [BOOTSTRAP LOG] [debug] Finding '//android.widget.TextView[@text='Login']' using 'XPATH' with the contextId: '' multiple: false
[debug] [AndroidBootstrap] [BOOTSTRAP LOG] [debug] Using: UiSelector[CLASS=android.widget.TextView, INSTANCE=22]
[debug] [AndroidBootstrap] Received command result from bootstrap
[debug] [MJSONWP] Responding to client with driver.findElement() result: {"ELEMENT":"2"}
[HTTP] <-- POST /wd/hub/session/d81a6222-71b7-42c5-964a-91d22cc4b361/element 200 369 ms - 87 
[debug] [AndroidBootstrap] [BOOTSTRAP LOG] [debug] Returning result: {"status":0,"value":{"ELEMENT":"2"}}
[HTTP] --> POST /wd/hub/session/d81a6222-71b7-42c5-964a-91d22cc4b361/timeouts {"type":"implicit","ms":1000}
[debug] [MJSONWP] Calling AppiumDriver.timeouts() with args: ["implicit",1000,"d81a6222-71b7-42c5-964a-91d22cc4b361"]
[debug] [BaseDriver] Set implicit wait to 1000ms
[debug] [MJSONWP] Responding to client with driver.timeouts() result: null
[HTTP] <-- POST /wd/hub/session/d81a6222-71b7-42c5-964a-91d22cc4b361/timeouts 200 3 ms - 76 
[HTTP] --> POST /wd/hub/session/d81a6222-71b7-42c5-964a-91d22cc4b361/element/2/click {"id":"2"}
[debug] [MJSONWP] Calling AppiumDriver.click() with args: ["2","d81a6222-71b7-42c5-964a-91d22cc4b361"]
[debug] [AndroidBootstrap] Sending command to android: {"cmd":"action","action":"element:click","params":{"elementId":"2"}}
[debug] [AndroidBootstrap] [BOOTSTRAP LOG] [debug] Got data from client: {"cmd":"action","action":"element:click","params":{"elementId":"2"}}
[debug] [AndroidBootstrap] [BOOTSTRAP LOG] [debug] Got command of type ACTION
[debug] [AndroidBootstrap] [BOOTSTRAP LOG] [debug] Got command action: click
[debug] [AndroidBootstrap] Received command result from bootstrap
[debug] [MJSONWP] Responding to client with driver.click() result: true
[HTTP] <-- POST /wd/hub/session/d81a6222-71b7-42c5-964a-91d22cc4b361/element/2/click 200 462 ms - 76 
[debug] [AndroidBootstrap] [BOOTSTRAP LOG] [debug] Returning result: {"status":0,"value":true}
[HTTP] --> POST /wd/hub/session/d81a6222-71b7-42c5-964a-91d22cc4b361/elements {"using":"xpath","value":"//*[@text='My Orders']"}
[debug] [MJSONWP] Calling AppiumDriver.findElements() with args: ["xpath","//*[@text='My Orders']","d81a6222-71b7-42c5-964a-91d22cc4b361"]
[debug] [BaseDriver] Valid locator strategies for this request: xpath, id, class name, accessibility id, -android uiautomator
[debug] [BaseDriver] Valid locator strategies for this request: xpath, id, class name, accessibility id, -android uiautomator
[debug] [BaseDriver] Waiting up to 1000 ms for condition
[debug] [AndroidBootstrap] Sending command to android: {"cmd":"action","action":"find","params":{"strategy":"xpath","selector":"//*[@text='My Orders']","context":"","multiple":true}}
[debug] [AndroidBootstrap] [BOOTSTRAP LOG] [debug] Got data from client: {"cmd":"action","action":"find","params":{"strategy":"xpath","selector":"//*[@text='My Orders']","context":"","multiple":true}}
[debug] [AndroidBootstrap] [BOOTSTRAP LOG] [debug] Got command of type ACTION
[debug] [AndroidBootstrap] [BOOTSTRAP LOG] [debug] Got command action: find
[debug] [AndroidBootstrap] [BOOTSTRAP LOG] [debug] Finding '//*[@text='My Orders']' using 'XPATH' with the contextId: '' multiple: true
[debug] [AndroidBootstrap] [BOOTSTRAP LOG] [debug] Using: UiSelector[CLASS=android.widget.TextView, INSTANCE=2]
[debug] [AndroidBootstrap] [BOOTSTRAP LOG] [debug] getElements selector:UiSelector[CLASS=android.widget.TextView, INSTANCE=2]
[debug] [AndroidBootstrap] [BOOTSTRAP LOG] [debug] Selector ends with instance.
[debug] [AndroidBootstrap] Received command result from bootstrap
[debug] [MJSONWP] Responding to client with driver.findElements() result: [{"ELEMENT":"3"}]
[HTTP] <-- POST /wd/hub/session/d81a6222-71b7-42c5-964a-91d22cc4b361/elements 200 122 ms - 89 
[debug] [AndroidBootstrap] [BOOTSTRAP LOG] [debug] Returning result: {"status":0,"value":[{"ELEMENT":"3"}]}
[HTTP] --> POST /wd/hub/session/d81a6222-71b7-42c5-964a-91d22cc4b361/timeouts {"type":"implicit","ms":0}
[debug] [MJSONWP] Calling AppiumDriver.timeouts() with args: ["implicit",0,"d81a6222-71b7-42c5-964a-91d22cc4b361"]
[debug] [BaseDriver] Set implicit wait to 0ms
[debug] [MJSONWP] Responding to client with driver.timeouts() result: null
[HTTP] <-- POST /wd/hub/session/d81a6222-71b7-42c5-964a-91d22cc4b361/timeouts 200 4 ms - 76 
[HTTP] --> GET /wd/hub/session/d81a6222-71b7-42c5-964a-91d22cc4b361/context {}
[debug] [MJSONWP] Calling AppiumDriver.getCurrentContext() with args: ["d81a6222-71b7-42c5-964a-91d22cc4b361"]
[debug] [MJSONWP] Responding to client with driver.getCurrentContext() result: "NATIVE_APP"
[HTTP] <-- GET /wd/hub/session/d81a6222-71b7-42c5-964a-91d22cc4b361/context 200 2 ms - 84 
[HTTP] --> POST /wd/hub/session/d81a6222-71b7-42c5-964a-91d22cc4b361/element {"using":"id","value":"net.one97.paytm:id/profile_signup"}
[debug] [MJSONWP] Calling AppiumDriver.findElement() with args: ["id","net.one97.paytm:id/profile_signup","d81a6222-71b7-42c5-964a-91d22cc4b361"]
[debug] [BaseDriver] Valid locator strategies for this request: xpath, id, class name, accessibility id, -android uiautomator
[debug] [BaseDriver] Valid locator strategies for this request: xpath, id, class name, accessibility id, -android uiautomator
[debug] [BaseDriver] Waiting up to 0 ms for condition
[debug] [AndroidBootstrap] Sending command to android: {"cmd":"action","action":"find","params":{"strategy":"id","selector":"net.one97.paytm:id/profile_signup","context":"","multiple":false}}
[debug] [AndroidBootstrap] [BOOTSTRAP LOG] [debug] Got data from client: {"cmd":"action","action":"find","params":{"strategy":"id","selector":"net.one97.paytm:id/profile_signup","context":"","multiple":false}}
[debug] [AndroidBootstrap] [BOOTSTRAP LOG] [debug] Got command of type ACTION
[debug] [AndroidBootstrap] [BOOTSTRAP LOG] [debug] Got command action: find
[debug] [AndroidBootstrap] [BOOTSTRAP LOG] [debug] Finding 'net.one97.paytm:id/profile_signup' using 'ID' with the contextId: '' multiple: false
[debug] [AndroidBootstrap] [BOOTSTRAP LOG] [debug] Using: UiSelector[INSTANCE=0, RESOURCE_ID=net.one97.paytm:id/profile_signup]
[debug] [AndroidBootstrap] [BOOTSTRAP LOG] [debug] Returning result: {"status":0,"value":{"ELEMENT":"4"}}
[debug] [AndroidBootstrap] Received command result from bootstrap
[debug] [MJSONWP] Responding to client with driver.findElement() result: {"ELEMENT":"4"}
[HTTP] <-- POST /wd/hub/session/d81a6222-71b7-42c5-964a-91d22cc4b361/element 200 28 ms - 87 
[HTTP] --> POST /wd/hub/session/d81a6222-71b7-42c5-964a-91d22cc4b361/timeouts {"type":"implicit","ms":1000}
[debug] [MJSONWP] Calling AppiumDriver.timeouts() with args: ["implicit",1000,"d81a6222-71b7-42c5-964a-91d22cc4b361"]
[debug] [BaseDriver] Set implicit wait to 1000ms
[debug] [MJSONWP] Responding to client with driver.timeouts() result: null
[HTTP] <-- POST /wd/hub/session/d81a6222-71b7-42c5-964a-91d22cc4b361/timeouts 200 3 ms - 76 
[HTTP] --> POST /wd/hub/session/d81a6222-71b7-42c5-964a-91d22cc4b361/element/4/click {"id":"4"}
[debug] [MJSONWP] Calling AppiumDriver.click() with args: ["4","d81a6222-71b7-42c5-964a-91d22cc4b361"]
[debug] [AndroidBootstrap] Sending command to android: {"cmd":"action","action":"element:click","params":{"elementId":"4"}}
[debug] [AndroidBootstrap] [BOOTSTRAP LOG] [debug] Got data from client: {"cmd":"action","action":"element:click","params":{"elementId":"4"}}
[debug] [AndroidBootstrap] [BOOTSTRAP LOG] [debug] Got command of type ACTION
[debug] [AndroidBootstrap] [BOOTSTRAP LOG] [debug] Got command action: click
[debug] [AndroidBootstrap] Received command result from bootstrap
[debug] [MJSONWP] Responding to client with driver.click() result: true
[HTTP] <-- POST /wd/hub/session/d81a6222-71b7-42c5-964a-91d22cc4b361/element/4/click 200 136 ms - 76 
[debug] [AndroidBootstrap] [BOOTSTRAP LOG] [debug] Returning result: {"status":0,"value":true}
[HTTP] --> POST /wd/hub/session/d81a6222-71b7-42c5-964a-91d22cc4b361/appium/device/hide_keyboard {}
[debug] [MJSONWP] Calling AppiumDriver.hideKeyboard() with args: [null,null,null,null,"d81a6222-71b7-42c5-964a-91d22cc4b361"]
[debug] [ADB] Getting connected devices...
[debug] [ADB] 1 device(s) connected
[debug] [ADB] Running 'E:\Android\android-sdk-windows\platform-tools\adb.exe' with args: ["-P",5037,"-s","emulator-5554","shell","dumpsys","input_method"]
[MJSONWP] Encountered internal error running command: Error: Soft keyboard not present, cannot hide keyboard
    at AndroidDriver.callee$0$0$ (../../../lib/commands/general.js:58:11)
    at tryCatch (C:\Users\vinayak\AppData\Roaming\npm\node_modules\appium\node_modules\babel-runtime\regenerator\runtime.js:67:40)
    at GeneratorFunctionPrototype.invoke [as _invoke] (C:\Users\vinayak\AppData\Roaming\npm\node_modules\appium\node_modules\babel-runtime\regenerator\runtime.js:315:22)
    at GeneratorFunctionPrototype.prototype.(anonymous function) [as next] (C:\Users\vinayak\AppData\Roaming\npm\node_modules\appium\node_modules\babel-runtime\regenerator\runtime.js:100:21)
    at GeneratorFunctionPrototype.invoke (C:\Users\vinayak\AppData\Roaming\npm\node_modules\appium\node_modules\babel-runtime\regenerator\runtime.js:136:37)
    at process._tickCallback (internal/process/next_tick.js:103:7)
[HTTP] <-- POST /wd/hub/session/d81a6222-71b7-42c5-964a-91d22cc4b361/appium/device/hide_keyboard 500 1453 ms - 218 
Keyboard is not present

  Background:                                       ?[90m# Signup.feature:6?[0m
    ?[32mGiven ?[0m?[32muser is on application homepage?[0m           ?[90m# SignUp_stepdefs.user_is_on_application_homepage()?[0m
    ?[32mWhen ?[0m?[32muser clicks on login icon?[0m                  ?[90m# SignUp_stepdefs.user_clicks_on_login_icon()?[0m
    ?[32mAnd ?[0m?[32muser wait for few seconds?[0m                   ?[90m# Predefined_stepDefs.user_should_wait_for_fewseconds()?[0m
    ?[32mThen ?[0m?[32muser should see "?[0m?[32m?[1mMy Orders?[0m?[32m"?[0m                ?[90m# Predefined_stepDefs.user_should_see(String)?[0m
    ?[32mWhen ?[0m?[32muser click on create a new account button1?[0m ?[90m# SignUp_stepdefs.user_click_on_create_a_new_account()?[0m
    ?[32mAnd ?[0m?[32muser wait for few seconds?[0m                   ?[90m# Predefined_stepDefs.user_should_wait_for_fewseconds()?[0m
    ?[32mAnd ?[0m?[32muser hide keyboard?[0m                          ?[90m# Predefined_stepDefs.user_hide_keyboard()?[0m
[HTTP] --> POST /wd/hub/session/d81a6222-71b7-42c5-964a-91d22cc4b361/timeouts {"type":"implicit","ms":0}
[debug] [MJSONWP] Calling AppiumDriver.timeouts() with args: ["implicit",0,"d81a6222-71b7-42c5-964a-91d22cc4b361"]
[debug] [BaseDriver] Set implicit wait to 0ms
[debug] [MJSONWP] Responding to client with driver.timeouts() result: null
[HTTP] <-- POST /wd/hub/session/d81a6222-71b7-42c5-964a-91d22cc4b361/timeouts 200 9 ms - 76 
[HTTP] --> GET /wd/hub/session/d81a6222-71b7-42c5-964a-91d22cc4b361/context {}
[debug] [MJSONWP] Calling AppiumDriver.getCurrentContext() with args: ["d81a6222-71b7-42c5-964a-91d22cc4b361"]
[debug] [MJSONWP] Responding to client with driver.getCurrentContext() result: "NATIVE_APP"
[HTTP] <-- GET /wd/hub/session/d81a6222-71b7-42c5-964a-91d22cc4b361/context 200 2 ms - 84 
[HTTP] --> POST /wd/hub/session/d81a6222-71b7-42c5-964a-91d22cc4b361/element {"using":"id","value":"net.one97.paytm:id/edit_mob_number"}
[debug] [MJSONWP] Calling AppiumDriver.findElement() with args: ["id","net.one97.paytm:id/edit_mob_number","d81a6222-71b7-42c5-964a-91d22cc4b361"]
[debug] [BaseDriver] Valid locator strategies for this request: xpath, id, class name, accessibility id, -android uiautomator
[debug] [BaseDriver] Valid locator strategies for this request: xpath, id, class name, accessibility id, -android uiautomator
[debug] [BaseDriver] Waiting up to 0 ms for condition
[debug] [AndroidBootstrap] Sending command to android: {"cmd":"action","action":"find","params":{"strategy":"id","selector":"net.one97.paytm:id/edit_mob_number","context":"","multiple":false}}
[debug] [AndroidBootstrap] [BOOTSTRAP LOG] [debug] Got data from client: {"cmd":"action","action":"find","params":{"strategy":"id","selector":"net.one97.paytm:id/edit_mob_number","context":"","multiple":false}}
[debug] [AndroidBootstrap] [BOOTSTRAP LOG] [debug] Got command of type ACTION
[debug] [AndroidBootstrap] [BOOTSTRAP LOG] [debug] Got command action: find
[debug] [AndroidBootstrap] [BOOTSTRAP LOG] [debug] Finding 'net.one97.paytm:id/edit_mob_number' using 'ID' with the contextId: '' multiple: false
[debug] [AndroidBootstrap] [BOOTSTRAP LOG] [debug] Using: UiSelector[INSTANCE=0, RESOURCE_ID=net.one97.paytm:id/edit_mob_number]
[debug] [AndroidBootstrap] Received command result from bootstrap
[debug] [MJSONWP] Responding to client with driver.findElement() result: {"ELEMENT":"5"}
[HTTP] <-- POST /wd/hub/session/d81a6222-71b7-42c5-964a-91d22cc4b361/element 200 802 ms - 87 
[debug] [AndroidBootstrap] [BOOTSTRAP LOG] [debug] Returning result: {"status":0,"value":{"ELEMENT":"5"}}
[HTTP] --> POST /wd/hub/session/d81a6222-71b7-42c5-964a-91d22cc4b361/timeouts {"type":"implicit","ms":1000}
[debug] [MJSONWP] Calling AppiumDriver.timeouts() with args: ["implicit",1000,"d81a6222-71b7-42c5-964a-91d22cc4b361"]
[debug] [BaseDriver] Set implicit wait to 1000ms
[debug] [MJSONWP] Responding to client with driver.timeouts() result: null
[HTTP] <-- POST /wd/hub/session/d81a6222-71b7-42c5-964a-91d22cc4b361/timeouts 200 1 ms - 76 
[HTTP] --> POST /wd/hub/session/d81a6222-71b7-42c5-964a-91d22cc4b361/element/5/click {"id":"5"}
[debug] [MJSONWP] Calling AppiumDriver.click() with args: ["5","d81a6222-71b7-42c5-964a-91d22cc4b361"]
[debug] [AndroidBootstrap] Sending command to android: {"cmd":"action","action":"element:click","params":{"elementId":"5"}}
[debug] [AndroidBootstrap] [BOOTSTRAP LOG] [debug] Got data from client: {"cmd":"action","action":"element:click","params":{"elementId":"5"}}
[debug] [AndroidBootstrap] [BOOTSTRAP LOG] [debug] Got command of type ACTION
[debug] [AndroidBootstrap] [BOOTSTRAP LOG] [debug] Got command action: click
[debug] [AndroidBootstrap] Received command result from bootstrap
[debug] [MJSONWP] Responding to client with driver.click() result: true
[HTTP] <-- POST /wd/hub/session/d81a6222-71b7-42c5-964a-91d22cc4b361/element/5/click 200 3169 ms - 76 
[debug] [AndroidBootstrap] [BOOTSTRAP LOG] [debug] Returning result: {"status":0,"value":true}
[HTTP] --> POST /wd/hub/session/d81a6222-71b7-42c5-964a-91d22cc4b361/timeouts {"type":"implicit","ms":0}
[debug] [MJSONWP] Calling AppiumDriver.timeouts() with args: ["implicit",0,"d81a6222-71b7-42c5-964a-91d22cc4b361"]
[debug] [BaseDriver] Set implicit wait to 0ms
[debug] [MJSONWP] Responding to client with driver.timeouts() result: null
[HTTP] <-- POST /wd/hub/session/d81a6222-71b7-42c5-964a-91d22cc4b361/timeouts 200 2 ms - 76 
[HTTP] --> GET /wd/hub/session/d81a6222-71b7-42c5-964a-91d22cc4b361/context {}
[debug] [MJSONWP] Calling AppiumDriver.getCurrentContext() with args: ["d81a6222-71b7-42c5-964a-91d22cc4b361"]
[debug] [MJSONWP] Responding to client with driver.getCurrentContext() result: "NATIVE_APP"
[HTTP] <-- GET /wd/hub/session/d81a6222-71b7-42c5-964a-91d22cc4b361/context 200 2 ms - 84 
[HTTP] --> POST /wd/hub/session/d81a6222-71b7-42c5-964a-91d22cc4b361/element {"using":"id","value":"net.one97.paytm:id/edit_mob_number"}
[debug] [MJSONWP] Calling AppiumDriver.findElement() with args: ["id","net.one97.paytm:id/edit_mob_number","d81a6222-71b7-42c5-964a-91d22cc4b361"]
[debug] [BaseDriver] Valid locator strategies for this request: xpath, id, class name, accessibility id, -android uiautomator
[debug] [BaseDriver] Valid locator strategies for this request: xpath, id, class name, accessibility id, -android uiautomator
[debug] [BaseDriver] Waiting up to 0 ms for condition
[debug] [AndroidBootstrap] Sending command to android: {"cmd":"action","action":"find","params":{"strategy":"id","selector":"net.one97.paytm:id/edit_mob_number","context":"","multiple":false}}
[debug] [AndroidBootstrap] [BOOTSTRAP LOG] [debug] Got data from client: {"cmd":"action","action":"find","params":{"strategy":"id","selector":"net.one97.paytm:id/edit_mob_number","context":"","multiple":false}}
[debug] [AndroidBootstrap] [BOOTSTRAP LOG] [debug] Got command of type ACTION
[debug] [AndroidBootstrap] [BOOTSTRAP LOG] [debug] Got command action: find
[debug] [AndroidBootstrap] [BOOTSTRAP LOG] [debug] Finding 'net.one97.paytm:id/edit_mob_number' using 'ID' with the contextId: '' multiple: false
[debug] [AndroidBootstrap] [BOOTSTRAP LOG] [debug] Using: UiSelector[INSTANCE=0, RESOURCE_ID=net.one97.paytm:id/edit_mob_number]
[debug] [AndroidBootstrap] [BOOTSTRAP LOG] [debug] Returning result: {"status":0,"value":{"ELEMENT":"6"}}
[debug] [AndroidBootstrap] Received command result from bootstrap
[debug] [MJSONWP] Responding to client with driver.findElement() result: {"ELEMENT":"6"}
[HTTP] <-- POST /wd/hub/session/d81a6222-71b7-42c5-964a-91d22cc4b361/element 200 15 ms - 87 
[HTTP] --> POST /wd/hub/session/d81a6222-71b7-42c5-964a-91d22cc4b361/timeouts {"type":"implicit","ms":1000}
[debug] [MJSONWP] Calling AppiumDriver.timeouts() with args: ["implicit",1000,"d81a6222-71b7-42c5-964a-91d22cc4b361"]
[debug] [BaseDriver] Set implicit wait to 1000ms
[debug] [MJSONWP] Responding to client with driver.timeouts() result: null
[HTTP] <-- POST /wd/hub/session/d81a6222-71b7-42c5-964a-91d22cc4b361/timeouts 200 2 ms - 76 
[HTTP] --> POST /wd/hub/session/d81a6222-71b7-42c5-964a-91d22cc4b361/element/6/clear {"id":"6"}
[debug] [MJSONWP] Calling AppiumDriver.clear() with args: ["6","d81a6222-71b7-42c5-964a-91d22cc4b361"]
[debug] [AndroidBootstrap] Sending command to android: {"cmd":"action","action":"element:getText","params":{"elementId":"6"}}
[debug] [AndroidBootstrap] [BOOTSTRAP LOG] [debug] Got data from client: {"cmd":"action","action":"element:getText","params":{"elementId":"6"}}
[debug] [AndroidBootstrap] [BOOTSTRAP LOG] [debug] Got command of type ACTION
[debug] [AndroidBootstrap] [BOOTSTRAP LOG] [debug] Got command action: getText
[debug] [AndroidBootstrap] Received command result from bootstrap
[debug] [AndroidBootstrap] Sending command to android: {"cmd":"action","action":"element:click","params":{"elementId":"6"}}
[debug] [AndroidBootstrap] [BOOTSTRAP LOG] [debug] Returning result: {"status":0,"value":""}
[debug] [AndroidBootstrap] [BOOTSTRAP LOG] [debug] Got data from client: {"cmd":"action","action":"element:click","params":{"elementId":"6"}}
[debug] [AndroidBootstrap] [BOOTSTRAP LOG] [debug] Got command of type ACTION
[debug] [AndroidBootstrap] [BOOTSTRAP LOG] [debug] Got command action: click
[debug] [AndroidBootstrap] Received command result from bootstrap
[debug] [AndroidDriver] Sending up to 100 clear characters to device
[debug] [AndroidDriver] Sending 50 clear characters to device
[debug] [ADB] Clearing up to 50 characters
[debug] [ADB] Getting connected devices...
[debug] [AndroidBootstrap] [BOOTSTRAP LOG] [debug] Returning result: {"status":0,"value":true}
[debug] [ADB] 1 device(s) connected
[debug] [ADB] Running 'E:\Android\android-sdk-windows\platform-tools\adb.exe' with args: ["-P",5037,"-s","emulator-5554","shell","input","keyevent","67","112","67","112","67","112","67","112","67","112","67","112","67","112","67","112","67","112","67","112","67","112","67","112","67","112","67","112","67","112","67","112","67","112","67","112","67","112","67","112","67","112","67","112","67","112","67","112","67","112","67","112","67","112","67","112","67","112","67","112","67","112","67","112","67","112","67","112","67","112","67","112","67","112","67","112","67","112","67","112","67","112","67","112","67","112","67","112","67","112","67","112","67","112","67","112","67","112","67","112"]
[debug] [AndroidDriver] Sending 50 clear characters to device
[debug] [ADB] Clearing up to 50 characters
[debug] [ADB] Getting connected devices...
[debug] [ADB] 1 device(s) connected
[debug] [ADB] Running 'E:\Android\android-sdk-windows\platform-tools\adb.exe' with args: ["-P",5037,"-s","emulator-5554","shell","input","keyevent","67","112","67","112","67","112","67","112","67","112","67","112","67","112","67","112","67","112","67","112","67","112","67","112","67","112","67","112","67","112","67","112","67","112","67","112","67","112","67","112","67","112","67","112","67","112","67","112","67","112","67","112","67","112","67","112","67","112","67","112","67","112","67","112","67","112","67","112","67","112","67","112","67","112","67","112","67","112","67","112","67","112","67","112","67","112","67","112","67","112","67","112","67","112","67","112","67","112","67","112"]
[debug] [MJSONWP] Responding to client with driver.clear() result: null
[HTTP] <-- POST /wd/hub/session/d81a6222-71b7-42c5-964a-91d22cc4b361/element/6/clear 200 5890 ms - 76 
[HTTP] --> POST /wd/hub/session/d81a6222-71b7-42c5-964a-91d22cc4b361/timeouts {"type":"implicit","ms":0}
[debug] [MJSONWP] Calling AppiumDriver.timeouts() with args: ["implicit",0,"d81a6222-71b7-42c5-964a-91d22cc4b361"]
[debug] [BaseDriver] Set implicit wait to 0ms
[debug] [MJSONWP] Responding to client with driver.timeouts() result: null
[HTTP] <-- POST /wd/hub/session/d81a6222-71b7-42c5-964a-91d22cc4b361/timeouts 200 5 ms - 76 
[HTTP] --> GET /wd/hub/session/d81a6222-71b7-42c5-964a-91d22cc4b361/context {}
[debug] [MJSONWP] Calling AppiumDriver.getCurrentContext() with args: ["d81a6222-71b7-42c5-964a-91d22cc4b361"]
[debug] [MJSONWP] Responding to client with driver.getCurrentContext() result: "NATIVE_APP"
[HTTP] <-- GET /wd/hub/session/d81a6222-71b7-42c5-964a-91d22cc4b361/context 200 3 ms - 84 
[HTTP] --> POST /wd/hub/session/d81a6222-71b7-42c5-964a-91d22cc4b361/element {"using":"id","value":"net.one97.paytm:id/edit_mob_number"}
[debug] [MJSONWP] Calling AppiumDriver.findElement() with args: ["id","net.one97.paytm:id/edit_mob_number","d81a6222-71b7-42c5-964a-91d22cc4b361"]
[debug] [BaseDriver] Valid locator strategies for this request: xpath, id, class name, accessibility id, -android uiautomator
[debug] [BaseDriver] Valid locator strategies for this request: xpath, id, class name, accessibility id, -android uiautomator
[debug] [BaseDriver] Waiting up to 0 ms for condition
[debug] [AndroidBootstrap] Sending command to android: {"cmd":"action","action":"find","params":{"strategy":"id","selector":"net.one97.paytm:id/edit_mob_number","context":"","multiple":false}}
[debug] [AndroidBootstrap] [BOOTSTRAP LOG] [debug] Got data from client: {"cmd":"action","action":"find","params":{"strategy":"id","selector":"net.one97.paytm:id/edit_mob_number","context":"","multiple":false}}
[debug] [AndroidBootstrap] [BOOTSTRAP LOG] [debug] Got command of type ACTION
[debug] [AndroidBootstrap] [BOOTSTRAP LOG] [debug] Got command action: find
[debug] [AndroidBootstrap] [BOOTSTRAP LOG] [debug] Finding 'net.one97.paytm:id/edit_mob_number' using 'ID' with the contextId: '' multiple: false
[debug] [AndroidBootstrap] [BOOTSTRAP LOG] [debug] Using: UiSelector[INSTANCE=0, RESOURCE_ID=net.one97.paytm:id/edit_mob_number]
[debug] [AndroidBootstrap] [BOOTSTRAP LOG] [debug] Returning result: {"status":0,"value":{"ELEMENT":"7"}}
[debug] [AndroidBootstrap] Received command result from bootstrap
[debug] [MJSONWP] Responding to client with driver.findElement() result: {"ELEMENT":"7"}
[HTTP] <-- POST /wd/hub/session/d81a6222-71b7-42c5-964a-91d22cc4b361/element 200 13 ms - 87 
[HTTP] --> POST /wd/hub/session/d81a6222-71b7-42c5-964a-91d22cc4b361/timeouts {"type":"implicit","ms":1000}
[debug] [MJSONWP] Calling AppiumDriver.timeouts() with args: ["implicit",1000,"d81a6222-71b7-42c5-964a-91d22cc4b361"]
[debug] [BaseDriver] Set implicit wait to 1000ms
[debug] [MJSONWP] Responding to client with driver.timeouts() result: null
[HTTP] <-- POST /wd/hub/session/d81a6222-71b7-42c5-964a-91d22cc4b361/timeouts 200 1 ms - 76 
[HTTP] --> POST /wd/hub/session/d81a6222-71b7-42c5-964a-91d22cc4b361/element/7/value {"id":"7","value":["9290927170"]}
[debug] [MJSONWP] Calling AppiumDriver.setValue() with args: [["9290927170"],"7","d81a6222-71b7-42c5-964a-91d22cc4b361"]
[debug] [AndroidBootstrap] Sending command to android: {"cmd":"action","action":"element:setText","params":{"elementId":"7","text":"9290927170","replace":false}}
[debug] [AndroidBootstrap] [BOOTSTRAP LOG] [debug] Got data from client: {"cmd":"action","action":"element:setText","params":{"elementId":"7","text":"9290927170","replace":false}}
[debug] [AndroidBootstrap] [BOOTSTRAP LOG] [debug] Got command of type ACTION
[debug] [AndroidBootstrap] [BOOTSTRAP LOG] [debug] Got command action: setText
[debug] [AndroidBootstrap] [BOOTSTRAP LOG] [debug] Using element passed in: 7
[debug] [AndroidBootstrap] [BOOTSTRAP LOG] [debug] Attempting to clear using UiObject.clearText().
[debug] [AndroidBootstrap] [BOOTSTRAP LOG] [debug] Sending plain text to element: 9290927170
[debug] [AndroidBootstrap] Received command result from bootstrap
[debug] [MJSONWP] Responding to client with driver.setValue() result: true
[HTTP] <-- POST /wd/hub/session/d81a6222-71b7-42c5-964a-91d22cc4b361/element/7/value 200 5603 ms - 76 
[debug] [AndroidBootstrap] [BOOTSTRAP LOG] [debug] Returning result: {"status":0,"value":true}
[HTTP] --> POST /wd/hub/session/d81a6222-71b7-42c5-964a-91d22cc4b361/timeouts {"type":"implicit","ms":0}
[debug] [MJSONWP] Calling AppiumDriver.timeouts() with args: ["implicit",0,"d81a6222-71b7-42c5-964a-91d22cc4b361"]
[debug] [BaseDriver] Set implicit wait to 0ms
[debug] [MJSONWP] Responding to client with driver.timeouts() result: null
[HTTP] <-- POST /wd/hub/session/d81a6222-71b7-42c5-964a-91d22cc4b361/timeouts 200 2 ms - 76 
[HTTP] --> GET /wd/hub/session/d81a6222-71b7-42c5-964a-91d22cc4b361/context {}
[debug] [MJSONWP] Calling AppiumDriver.getCurrentContext() with args: ["d81a6222-71b7-42c5-964a-91d22cc4b361"]
[debug] [MJSONWP] Responding to client with driver.getCurrentContext() result: "NATIVE_APP"
[HTTP] <-- GET /wd/hub/session/d81a6222-71b7-42c5-964a-91d22cc4b361/context 200 7 ms - 84 
[HTTP] --> POST /wd/hub/session/d81a6222-71b7-42c5-964a-91d22cc4b361/element {"using":"id","value":"net.one97.paytm:id/edit_mob_number"}
[debug] [MJSONWP] Calling AppiumDriver.findElement() with args: ["id","net.one97.paytm:id/edit_mob_number","d81a6222-71b7-42c5-964a-91d22cc4b361"]
[debug] [BaseDriver] Valid locator strategies for this request: xpath, id, class name, accessibility id, -android uiautomator
[debug] [BaseDriver] Valid locator strategies for this request: xpath, id, class name, accessibility id, -android uiautomator
[debug] [BaseDriver] Waiting up to 0 ms for condition
[debug] [AndroidBootstrap] Sending command to android: {"cmd":"action","action":"find","params":{"strategy":"id","selector":"net.one97.paytm:id/edit_mob_number","context":"","multiple":false}}
[debug] [AndroidBootstrap] [BOOTSTRAP LOG] [debug] Got data from client: {"cmd":"action","action":"find","params":{"strategy":"id","selector":"net.one97.paytm:id/edit_mob_number","context":"","multiple":false}}
[debug] [AndroidBootstrap] [BOOTSTRAP LOG] [debug] Got command of type ACTION
[debug] [AndroidBootstrap] [BOOTSTRAP LOG] [debug] Got command action: find
[debug] [AndroidBootstrap] [BOOTSTRAP LOG] [debug] Finding 'net.one97.paytm:id/edit_mob_number' using 'ID' with the contextId: '' multiple: false
[debug] [AndroidBootstrap] [BOOTSTRAP LOG] [debug] Using: UiSelector[INSTANCE=0, RESOURCE_ID=net.one97.paytm:id/edit_mob_number]
[debug] [AndroidBootstrap] Received command result from bootstrap
[debug] [MJSONWP] Responding to client with driver.findElement() result: {"ELEMENT":"8"}
[HTTP] <-- POST /wd/hub/session/d81a6222-71b7-42c5-964a-91d22cc4b361/element 200 639 ms - 87 
[debug] [AndroidBootstrap] [BOOTSTRAP LOG] [debug] Returning result: {"status":0,"value":{"ELEMENT":"8"}}
[HTTP] --> POST /wd/hub/session/d81a6222-71b7-42c5-964a-91d22cc4b361/timeouts {"type":"implicit","ms":1000}
[debug] [MJSONWP] Calling AppiumDriver.timeouts() with args: ["implicit",1000,"d81a6222-71b7-42c5-964a-91d22cc4b361"]
[debug] [BaseDriver] Set implicit wait to 1000ms
[debug] [MJSONWP] Responding to client with driver.timeouts() result: null
[HTTP] <-- POST /wd/hub/session/d81a6222-71b7-42c5-964a-91d22cc4b361/timeouts 200 8 ms - 76 
[HTTP] --> GET /wd/hub/session/d81a6222-71b7-42c5-964a-91d22cc4b361/element/8/text {}
[debug] [MJSONWP] Calling AppiumDriver.getText() with args: ["8","d81a6222-71b7-42c5-964a-91d22cc4b361"]
[debug] [AndroidBootstrap] Sending command to android: {"cmd":"action","action":"element:getText","params":{"elementId":"8"}}
[debug] [AndroidBootstrap] [BOOTSTRAP LOG] [debug] Got data from client: {"cmd":"action","action":"element:getText","params":{"elementId":"8"}}
[debug] [AndroidBootstrap] [BOOTSTRAP LOG] [debug] Got command of type ACTION
[debug] [AndroidBootstrap] [BOOTSTRAP LOG] [debug] Got command action: getText
[debug] [AndroidBootstrap] [BOOTSTRAP LOG] [debug] Returning result: {"status":0,"value":"9290927170"}
[debug] [AndroidBootstrap] Received command result from bootstrap
[debug] [MJSONWP] Responding to client with driver.getText() result: "9290927170"
[HTTP] <-- GET /wd/hub/session/d81a6222-71b7-42c5-964a-91d22cc4b361/element/8/text 200 32 ms - 84 
[HTTP] --> POST /wd/hub/session/d81a6222-71b7-42c5-964a-91d22cc4b361/timeouts {"type":"implicit","ms":0}
[debug] [MJSONWP] Calling AppiumDriver.timeouts() with args: ["implicit",0,"d81a6222-71b7-42c5-964a-91d22cc4b361"]
[debug] [BaseDriver] Set implicit wait to 0ms
[debug] [MJSONWP] Responding to client with driver.timeouts() result: null
[HTTP] <-- POST /wd/hub/session/d81a6222-71b7-42c5-964a-91d22cc4b361/timeouts 200 2 ms - 76 
[HTTP] --> GET /wd/hub/session/d81a6222-71b7-42c5-964a-91d22cc4b361/context {}
[debug] [MJSONWP] Calling AppiumDriver.getCurrentContext() with args: ["d81a6222-71b7-42c5-964a-91d22cc4b361"]
[debug] [MJSONWP] Responding to client with driver.getCurrentContext() result: "NATIVE_APP"
[HTTP] <-- GET /wd/hub/session/d81a6222-71b7-42c5-964a-91d22cc4b361/context 200 3 ms - 84 
[HTTP] --> POST /wd/hub/session/d81a6222-71b7-42c5-964a-91d22cc4b361/element {"using":"id","value":"net.one97.paytm:id/edit_password"}
[debug] [MJSONWP] Calling AppiumDriver.findElement() with args: ["id","net.one97.paytm:id/edit_password","d81a6222-71b7-42c5-964a-91d22cc4b361"]
[debug] [BaseDriver] Valid locator strategies for this request: xpath, id, class name, accessibility id, -android uiautomator
[debug] [BaseDriver] Valid locator strategies for this request: xpath, id, class name, accessibility id, -android uiautomator
[debug] [BaseDriver] Waiting up to 0 ms for condition
[debug] [AndroidBootstrap] Sending command to android: {"cmd":"action","action":"find","params":{"strategy":"id","selector":"net.one97.paytm:id/edit_password","context":"","multiple":false}}
[debug] [AndroidBootstrap] [BOOTSTRAP LOG] [debug] Got data from client: {"cmd":"action","action":"find","params":{"strategy":"id","selector":"net.one97.paytm:id/edit_password","context":"","multiple":false}}
[debug] [AndroidBootstrap] [BOOTSTRAP LOG] [debug] Got command of type ACTION
[debug] [AndroidBootstrap] [BOOTSTRAP LOG] [debug] Got command action: find
[debug] [AndroidBootstrap] [BOOTSTRAP LOG] [debug] Finding 'net.one97.paytm:id/edit_password' using 'ID' with the contextId: '' multiple: false
[debug] [AndroidBootstrap] [BOOTSTRAP LOG] [debug] Using: UiSelector[INSTANCE=0, RESOURCE_ID=net.one97.paytm:id/edit_password]
[debug] [AndroidBootstrap] Received command result from bootstrap
[debug] [MJSONWP] Responding to client with driver.findElement() result: {"ELEMENT":"9"}
[HTTP] <-- POST /wd/hub/session/d81a6222-71b7-42c5-964a-91d22cc4b361/element 200 39 ms - 87 
[debug] [AndroidBootstrap] [BOOTSTRAP LOG] [debug] Returning result: {"status":0,"value":{"ELEMENT":"9"}}
[HTTP] --> POST /wd/hub/session/d81a6222-71b7-42c5-964a-91d22cc4b361/timeouts {"type":"implicit","ms":1000}
[debug] [MJSONWP] Calling AppiumDriver.timeouts() with args: ["implicit",1000,"d81a6222-71b7-42c5-964a-91d22cc4b361"]
[debug] [BaseDriver] Set implicit wait to 1000ms
[debug] [MJSONWP] Responding to client with driver.timeouts() result: null
[HTTP] <-- POST /wd/hub/session/d81a6222-71b7-42c5-964a-91d22cc4b361/timeouts 200 6 ms - 76 
[HTTP] --> POST /wd/hub/session/d81a6222-71b7-42c5-964a-91d22cc4b361/element/9/clear {"id":"9"}
[debug] [MJSONWP] Calling AppiumDriver.clear() with args: ["9","d81a6222-71b7-42c5-964a-91d22cc4b361"]
[debug] [AndroidBootstrap] Sending command to android: {"cmd":"action","action":"element:getText","params":{"elementId":"9"}}
[debug] [AndroidBootstrap] [BOOTSTRAP LOG] [debug] Got data from client: {"cmd":"action","action":"element:getText","params":{"elementId":"9"}}
[debug] [AndroidBootstrap] [BOOTSTRAP LOG] [debug] Got command of type ACTION
[debug] [AndroidBootstrap] [BOOTSTRAP LOG] [debug] Got command action: getText
[debug] [AndroidBootstrap] [BOOTSTRAP LOG] [debug] Returning result: {"status":0,"value":""}
[debug] [AndroidBootstrap] Received command result from bootstrap
[debug] [AndroidBootstrap] Sending command to android: {"cmd":"action","action":"element:click","params":{"elementId":"9"}}
[debug] [AndroidBootstrap] [BOOTSTRAP LOG] [debug] Got data from client: {"cmd":"action","action":"element:click","params":{"elementId":"9"}}
[debug] [AndroidBootstrap] [BOOTSTRAP LOG] [debug] Got command of type ACTION
[debug] [AndroidBootstrap] [BOOTSTRAP LOG] [debug] Got command action: click
[debug] [AndroidBootstrap] Received command result from bootstrap
[debug] [AndroidDriver] Sending up to 100 clear characters to device
[debug] [AndroidDriver] Sending 50 clear characters to device
[debug] [ADB] Clearing up to 50 characters
[debug] [ADB] Getting connected devices...
[debug] [AndroidBootstrap] [BOOTSTRAP LOG] [debug] Returning result: {"status":0,"value":true}
[debug] [ADB] 1 device(s) connected
[debug] [ADB] Running 'E:\Android\android-sdk-windows\platform-tools\adb.exe' with args: ["-P",5037,"-s","emulator-5554","shell","input","keyevent","67","112","67","112","67","112","67","112","67","112","67","112","67","112","67","112","67","112","67","112","67","112","67","112","67","112","67","112","67","112","67","112","67","112","67","112","67","112","67","112","67","112","67","112","67","112","67","112","67","112","67","112","67","112","67","112","67","112","67","112","67","112","67","112","67","112","67","112","67","112","67","112","67","112","67","112","67","112","67","112","67","112","67","112","67","112","67","112","67","112","67","112","67","112","67","112","67","112","67","112"]
[debug] [AndroidDriver] Sending 50 clear characters to device
[debug] [ADB] Clearing up to 50 characters
[debug] [ADB] Getting connected devices...
[debug] [ADB] 1 device(s) connected
[debug] [ADB] Running 'E:\Android\android-sdk-windows\platform-tools\adb.exe' with args: ["-P",5037,"-s","emulator-5554","shell","input","keyevent","67","112","67","112","67","112","67","112","67","112","67","112","67","112","67","112","67","112","67","112","67","112","67","112","67","112","67","112","67","112","67","112","67","112","67","112","67","112","67","112","67","112","67","112","67","112","67","112","67","112","67","112","67","112","67","112","67","112","67","112","67","112","67","112","67","112","67","112","67","112","67","112","67","112","67","112","67","112","67","112","67","112","67","112","67","112","67","112","67","112","67","112","67","112","67","112","67","112","67","112"]
[debug] [MJSONWP] Responding to client with driver.clear() result: null
[HTTP] <-- POST /wd/hub/session/d81a6222-71b7-42c5-964a-91d22cc4b361/element/9/clear 200 3391 ms - 76 
[HTTP] --> POST /wd/hub/session/d81a6222-71b7-42c5-964a-91d22cc4b361/timeouts {"type":"implicit","ms":0}
[debug] [MJSONWP] Calling AppiumDriver.timeouts() with args: ["implicit",0,"d81a6222-71b7-42c5-964a-91d22cc4b361"]
[debug] [BaseDriver] Set implicit wait to 0ms
[debug] [MJSONWP] Responding to client with driver.timeouts() result: null
[HTTP] <-- POST /wd/hub/session/d81a6222-71b7-42c5-964a-91d22cc4b361/timeouts 200 1 ms - 76 
[HTTP] --> GET /wd/hub/session/d81a6222-71b7-42c5-964a-91d22cc4b361/context {}
[debug] [MJSONWP] Calling AppiumDriver.getCurrentContext() with args: ["d81a6222-71b7-42c5-964a-91d22cc4b361"]
[debug] [MJSONWP] Responding to client with driver.getCurrentContext() result: "NATIVE_APP"
[HTTP] <-- GET /wd/hub/session/d81a6222-71b7-42c5-964a-91d22cc4b361/context 200 2 ms - 84 
[HTTP] --> POST /wd/hub/session/d81a6222-71b7-42c5-964a-91d22cc4b361/element {"using":"id","value":"net.one97.paytm:id/edit_password"}
[debug] [MJSONWP] Calling AppiumDriver.findElement() with args: ["id","net.one97.paytm:id/edit_password","d81a6222-71b7-42c5-964a-91d22cc4b361"]
[debug] [BaseDriver] Valid locator strategies for this request: xpath, id, class name, accessibility id, -android uiautomator
[debug] [BaseDriver] Valid locator strategies for this request: xpath, id, class name, accessibility id, -android uiautomator
[debug] [BaseDriver] Waiting up to 0 ms for condition
[debug] [AndroidBootstrap] Sending command to android: {"cmd":"action","action":"find","params":{"strategy":"id","selector":"net.one97.paytm:id/edit_password","context":"","multiple":false}}
[debug] [AndroidBootstrap] [BOOTSTRAP LOG] [debug] Got data from client: {"cmd":"action","action":"find","params":{"strategy":"id","selector":"net.one97.paytm:id/edit_password","context":"","multiple":false}}
[debug] [AndroidBootstrap] [BOOTSTRAP LOG] [debug] Got command of type ACTION
[debug] [AndroidBootstrap] [BOOTSTRAP LOG] [debug] Got command action: find
[debug] [AndroidBootstrap] [BOOTSTRAP LOG] [debug] Finding 'net.one97.paytm:id/edit_password' using 'ID' with the contextId: '' multiple: false
[debug] [AndroidBootstrap] [BOOTSTRAP LOG] [debug] Using: UiSelector[INSTANCE=0, RESOURCE_ID=net.one97.paytm:id/edit_password]
[debug] [AndroidBootstrap] Received command result from bootstrap
[debug] [MJSONWP] Responding to client with driver.findElement() result: {"ELEMENT":"10"}
[HTTP] <-- POST /wd/hub/session/d81a6222-71b7-42c5-964a-91d22cc4b361/element 200 17 ms - 88 
[debug] [AndroidBootstrap] [BOOTSTRAP LOG] [debug] Returning result: {"status":0,"value":{"ELEMENT":"10"}}
[HTTP] --> POST /wd/hub/session/d81a6222-71b7-42c5-964a-91d22cc4b361/timeouts {"type":"implicit","ms":1000}
[debug] [MJSONWP] Calling AppiumDriver.timeouts() with args: ["implicit",1000,"d81a6222-71b7-42c5-964a-91d22cc4b361"]
[debug] [BaseDriver] Set implicit wait to 1000ms
[debug] [MJSONWP] Responding to client with driver.timeouts() result: null
[HTTP] <-- POST /wd/hub/session/d81a6222-71b7-42c5-964a-91d22cc4b361/timeouts 200 3 ms - 76 
[HTTP] --> POST /wd/hub/session/d81a6222-71b7-42c5-964a-91d22cc4b361/element/10/value {"id":"10","value":["testprime"]}
[debug] [MJSONWP] Calling AppiumDriver.setValue() with args: [["testprime"],"10","d81a6222-71b7-42c5-964a-91d22cc4b361"]
[debug] [AndroidBootstrap] Sending command to android: {"cmd":"action","action":"element:setText","params":{"elementId":"10","text":"testprime","replace":false}}
[debug] [AndroidBootstrap] [BOOTSTRAP LOG] [debug] Got data from client: {"cmd":"action","action":"element:setText","params":{"elementId":"10","text":"testprime","replace":false}}
[debug] [AndroidBootstrap] [BOOTSTRAP LOG] [debug] Got command of type ACTION
[debug] [AndroidBootstrap] [BOOTSTRAP LOG] [debug] Got command action: setText
[debug] [AndroidBootstrap] [BOOTSTRAP LOG] [debug] Using element passed in: 10
[debug] [AndroidBootstrap] [BOOTSTRAP LOG] [debug] Attempting to clear using UiObject.clearText().
[debug] [AndroidBootstrap] [BOOTSTRAP LOG] [debug] Sending plain text to element: testprime
[debug] [AndroidBootstrap] Received command result from bootstrap
[debug] [MJSONWP] Responding to client with driver.setValue() result: true
[HTTP] <-- POST /wd/hub/session/d81a6222-71b7-42c5-964a-91d22cc4b361/element/10/value 200 5901 ms - 76 
[debug] [AndroidBootstrap] [BOOTSTRAP LOG] [debug] Returning result: {"status":0,"value":true}
[HTTP] --> POST /wd/hub/session/d81a6222-71b7-42c5-964a-91d22cc4b361/timeouts {"type":"implicit","ms":0}
[debug] [MJSONWP] Calling AppiumDriver.timeouts() with args: ["implicit",0,"d81a6222-71b7-42c5-964a-91d22cc4b361"]
[debug] [BaseDriver] Set implicit wait to 0ms
[debug] [MJSONWP] Responding to client with driver.timeouts() result: null
[HTTP] <-- POST /wd/hub/session/d81a6222-71b7-42c5-964a-91d22cc4b361/timeouts 200 2 ms - 76 
[HTTP] --> GET /wd/hub/session/d81a6222-71b7-42c5-964a-91d22cc4b361/context {}
[debug] [MJSONWP] Calling AppiumDriver.getCurrentContext() with args: ["d81a6222-71b7-42c5-964a-91d22cc4b361"]
[debug] [MJSONWP] Responding to client with driver.getCurrentContext() result: "NATIVE_APP"
[HTTP] <-- GET /wd/hub/session/d81a6222-71b7-42c5-964a-91d22cc4b361/context 200 2 ms - 84 
[HTTP] --> POST /wd/hub/session/d81a6222-71b7-42c5-964a-91d22cc4b361/element {"using":"id","value":"net.one97.paytm:id/edit_password"}
[debug] [MJSONWP] Calling AppiumDriver.findElement() with args: ["id","net.one97.paytm:id/edit_password","d81a6222-71b7-42c5-964a-91d22cc4b361"]
[debug] [BaseDriver] Valid locator strategies for this request: xpath, id, class name, accessibility id, -android uiautomator
[debug] [BaseDriver] Valid locator strategies for this request: xpath, id, class name, accessibility id, -android uiautomator
[debug] [BaseDriver] Waiting up to 0 ms for condition
[debug] [AndroidBootstrap] Sending command to android: {"cmd":"action","action":"find","params":{"strategy":"id","selector":"net.one97.paytm:id/edit_password","context":"","multiple":false}}
[debug] [AndroidBootstrap] [BOOTSTRAP LOG] [debug] Got data from client: {"cmd":"action","action":"find","params":{"strategy":"id","selector":"net.one97.paytm:id/edit_password","context":"","multiple":false}}
[debug] [AndroidBootstrap] [BOOTSTRAP LOG] [debug] Got command of type ACTION
[debug] [AndroidBootstrap] [BOOTSTRAP LOG] [debug] Got command action: find
[debug] [AndroidBootstrap] [BOOTSTRAP LOG] [debug] Finding 'net.one97.paytm:id/edit_password' using 'ID' with the contextId: '' multiple: false
[debug] [AndroidBootstrap] [BOOTSTRAP LOG] [debug] Using: UiSelector[INSTANCE=0, RESOURCE_ID=net.one97.paytm:id/edit_password]
[debug] [AndroidBootstrap] [BOOTSTRAP LOG] [debug] Returning result: {"status":0,"value":{"ELEMENT":"11"}}
[debug] [AndroidBootstrap] Received command result from bootstrap
[debug] [MJSONWP] Responding to client with driver.findElement() result: {"ELEMENT":"11"}
[HTTP] <-- POST /wd/hub/session/d81a6222-71b7-42c5-964a-91d22cc4b361/element 200 472 ms - 88 
[HTTP] --> POST /wd/hub/session/d81a6222-71b7-42c5-964a-91d22cc4b361/timeouts {"type":"implicit","ms":1000}
[debug] [MJSONWP] Calling AppiumDriver.timeouts() with args: ["implicit",1000,"d81a6222-71b7-42c5-964a-91d22cc4b361"]
[debug] [BaseDriver] Set implicit wait to 1000ms
[debug] [MJSONWP] Responding to client with driver.timeouts() result: null
[HTTP] <-- POST /wd/hub/session/d81a6222-71b7-42c5-964a-91d22cc4b361/timeouts 200 5 ms - 76 
[HTTP] --> GET /wd/hub/session/d81a6222-71b7-42c5-964a-91d22cc4b361/element/11/text {}
[debug] [MJSONWP] Calling AppiumDriver.getText() with args: ["11","d81a6222-71b7-42c5-964a-91d22cc4b361"]
[debug] [AndroidBootstrap] Sending command to android: {"cmd":"action","action":"element:getText","params":{"elementId":"11"}}
[debug] [AndroidBootstrap] [BOOTSTRAP LOG] [debug] Got data from client: {"cmd":"action","action":"element:getText","params":{"elementId":"11"}}
[debug] [AndroidBootstrap] [BOOTSTRAP LOG] [debug] Got command of type ACTION
[debug] [AndroidBootstrap] [BOOTSTRAP LOG] [debug] Got command action: getText
[debug] [AndroidBootstrap] [BOOTSTRAP LOG] [debug] Returning result: {"status":0,"value":"testprime"}
[debug] [AndroidBootstrap] Received command result from bootstrap
[debug] [MJSONWP] Responding to client with driver.getText() result: "testprime"
[HTTP] <-- GET /wd/hub/session/d81a6222-71b7-42c5-964a-91d22cc4b361/element/11/text 200 35 ms - 83 
[HTTP] --> POST /wd/hub/session/d81a6222-71b7-42c5-964a-91d22cc4b361/appium/device/hide_keyboard {}
[debug] [MJSONWP] Calling AppiumDriver.hideKeyboard() with args: [null,null,null,null,"d81a6222-71b7-42c5-964a-91d22cc4b361"]
[debug] [ADB] Getting connected devices...
[debug] [ADB] 1 device(s) connected
[debug] [ADB] Running 'E:\Android\android-sdk-windows\platform-tools\adb.exe' with args: ["-P",5037,"-s","emulator-5554","shell","dumpsys","input_method"]
[debug] [AndroidBootstrap] Sending command to android: {"cmd":"action","action":"pressBack","params":{}}
[debug] [AndroidBootstrap] [BOOTSTRAP LOG] [debug] Got data from client: {"cmd":"action","action":"pressBack","params":{}}
[debug] [AndroidBootstrap] [BOOTSTRAP LOG] [debug] Got command of type ACTION
[debug] [AndroidBootstrap] [BOOTSTRAP LOG] [debug] Got command action: pressBack
[debug] [AndroidBootstrap] Received command result from bootstrap
[debug] [MJSONWP] Responding to client with driver.hideKeyboard() result: true
[HTTP] <-- POST /wd/hub/session/d81a6222-71b7-42c5-964a-91d22cc4b361/appium/device/hide_keyboard 200 364 ms - 76 
[debug] [AndroidBootstrap] [BOOTSTRAP LOG] [debug] Returning result: {"status":0,"value":true}
[HTTP] --> POST /wd/hub/session/d81a6222-71b7-42c5-964a-91d22cc4b361/timeouts {"type":"implicit","ms":0}
[debug] [MJSONWP] Calling AppiumDriver.timeouts() with args: ["implicit",0,"d81a6222-71b7-42c5-964a-91d22cc4b361"]
[debug] [BaseDriver] Set implicit wait to 0ms
[debug] [MJSONWP] Responding to client with driver.timeouts() result: null
[HTTP] <-- POST /wd/hub/session/d81a6222-71b7-42c5-964a-91d22cc4b361/timeouts 200 2 ms - 76 
[HTTP] --> GET /wd/hub/session/d81a6222-71b7-42c5-964a-91d22cc4b361/context {}
[debug] [MJSONWP] Calling AppiumDriver.getCurrentContext() with args: ["d81a6222-71b7-42c5-964a-91d22cc4b361"]
[debug] [MJSONWP] Responding to client with driver.getCurrentContext() result: "NATIVE_APP"
[HTTP] <-- GET /wd/hub/session/d81a6222-71b7-42c5-964a-91d22cc4b361/context 200 7 ms - 84 
[HTTP] --> POST /wd/hub/session/d81a6222-71b7-42c5-964a-91d22cc4b361/element {"using":"id","value":"net.one97.paytm:id/sign_up_btn"}
[debug] [MJSONWP] Calling AppiumDriver.findElement() with args: ["id","net.one97.paytm:id/sign_up_btn","d81a6222-71b7-42c5-964a-91d22cc4b361"]
[debug] [BaseDriver] Valid locator strategies for this request: xpath, id, class name, accessibility id, -android uiautomator
[debug] [BaseDriver] Valid locator strategies for this request: xpath, id, class name, accessibility id, -android uiautomator
[debug] [BaseDriver] Waiting up to 0 ms for condition
[debug] [AndroidBootstrap] Sending command to android: {"cmd":"action","action":"find","params":{"strategy":"id","selector":"net.one97.paytm:id/sign_up_btn","context":"","multiple":false}}
[debug] [AndroidBootstrap] [BOOTSTRAP LOG] [debug] Got data from client: {"cmd":"action","action":"find","params":{"strategy":"id","selector":"net.one97.paytm:id/sign_up_btn","context":"","multiple":false}}
[debug] [AndroidBootstrap] [BOOTSTRAP LOG] [debug] Got command of type ACTION
[debug] [AndroidBootstrap] [BOOTSTRAP LOG] [debug] Got command action: find
[debug] [AndroidBootstrap] [BOOTSTRAP LOG] [debug] Finding 'net.one97.paytm:id/sign_up_btn' using 'ID' with the contextId: '' multiple: false
[debug] [AndroidBootstrap] [BOOTSTRAP LOG] [debug] Using: UiSelector[INSTANCE=0, RESOURCE_ID=net.one97.paytm:id/sign_up_btn]
[debug] [AndroidBootstrap] [BOOTSTRAP LOG] [debug] Returning result: {"status":0,"value":{"ELEMENT":"12"}}
[debug] [AndroidBootstrap] Received command result from bootstrap
[debug] [MJSONWP] Responding to client with driver.findElement() result: {"ELEMENT":"12"}
[HTTP] <-- POST /wd/hub/session/d81a6222-71b7-42c5-964a-91d22cc4b361/element 200 739 ms - 88 
[HTTP] --> POST /wd/hub/session/d81a6222-71b7-42c5-964a-91d22cc4b361/timeouts {"type":"implicit","ms":1000}
[debug] [MJSONWP] Calling AppiumDriver.timeouts() with args: ["implicit",1000,"d81a6222-71b7-42c5-964a-91d22cc4b361"]
[debug] [BaseDriver] Set implicit wait to 1000ms
[debug] [MJSONWP] Responding to client with driver.timeouts() result: null
[HTTP] <-- POST /wd/hub/session/d81a6222-71b7-42c5-964a-91d22cc4b361/timeouts 200 1 ms - 76 
[HTTP] --> POST /wd/hub/session/d81a6222-71b7-42c5-964a-91d22cc4b361/element/12/click {"id":"12"}
[debug] [MJSONWP] Calling AppiumDriver.click() with args: ["12","d81a6222-71b7-42c5-964a-91d22cc4b361"]
[debug] [AndroidBootstrap] Sending command to android: {"cmd":"action","action":"element:click","params":{"elementId":"12"}}
[debug] [AndroidBootstrap] [BOOTSTRAP LOG] [debug] Got data from client: {"cmd":"action","action":"element:click","params":{"elementId":"12"}}
[debug] [AndroidBootstrap] [BOOTSTRAP LOG] [debug] Got command of type ACTION
[debug] [AndroidBootstrap] [BOOTSTRAP LOG] [debug] Got command action: click
[debug] [AndroidBootstrap] Received command result from bootstrap
[debug] [MJSONWP] Responding to client with driver.click() result: true
[HTTP] <-- POST /wd/hub/session/d81a6222-71b7-42c5-964a-91d22cc4b361/element/12/click 200 515 ms - 76 
[debug] [AndroidBootstrap] [BOOTSTRAP LOG] [debug] Returning result: {"status":0,"value":true}
[HTTP] --> POST /wd/hub/session/d81a6222-71b7-42c5-964a-91d22cc4b361/timeouts {"type":"implicit","ms":0}
[debug] [MJSONWP] Calling AppiumDriver.timeouts() with args: ["implicit",0,"d81a6222-71b7-42c5-964a-91d22cc4b361"]
[debug] [BaseDriver] Set implicit wait to 0ms
[debug] [MJSONWP] Responding to client with driver.timeouts() result: null
[HTTP] <-- POST /wd/hub/session/d81a6222-71b7-42c5-964a-91d22cc4b361/timeouts 200 2 ms - 76 
[HTTP] --> GET /wd/hub/session/d81a6222-71b7-42c5-964a-91d22cc4b361/context {}
[debug] [MJSONWP] Calling AppiumDriver.getCurrentContext() with args: ["d81a6222-71b7-42c5-964a-91d22cc4b361"]
[debug] [MJSONWP] Responding to client with driver.getCurrentContext() result: "NATIVE_APP"
[HTTP] <-- GET /wd/hub/session/d81a6222-71b7-42c5-964a-91d22cc4b361/context 200 4 ms - 84 
[HTTP] --> POST /wd/hub/session/d81a6222-71b7-42c5-964a-91d22cc4b361/element {"using":"id","value":"net.one97.paytm:id/w_custom_dialog_message"}
[debug] [MJSONWP] Calling AppiumDriver.findElement() with args: ["id","net.one97.paytm:id/w_custom_dialog_message","d81a6222-71b7-42c5-964a-91d22cc4b361"]
[debug] [BaseDriver] Valid locator strategies for this request: xpath, id, class name, accessibility id, -android uiautomator
[debug] [BaseDriver] Valid locator strategies for this request: xpath, id, class name, accessibility id, -android uiautomator
[debug] [BaseDriver] Waiting up to 0 ms for condition
[debug] [AndroidBootstrap] Sending command to android: {"cmd":"action","action":"find","params":{"strategy":"id","selector":"net.one97.paytm:id/w_custom_dialog_message","context":"","multiple":false}}
[debug] [AndroidBootstrap] [BOOTSTRAP LOG] [debug] Got data from client: {"cmd":"action","action":"find","params":{"strategy":"id","selector":"net.one97.paytm:id/w_custom_dialog_message","context":"","multiple":false}}
[debug] [AndroidBootstrap] [BOOTSTRAP LOG] [debug] Got command of type ACTION
[debug] [AndroidBootstrap] [BOOTSTRAP LOG] [debug] Got command action: find
[debug] [AndroidBootstrap] [BOOTSTRAP LOG] [debug] Finding 'net.one97.paytm:id/w_custom_dialog_message' using 'ID' with the contextId: '' multiple: false
[debug] [AndroidBootstrap] [BOOTSTRAP LOG] [debug] Using: UiSelector[INSTANCE=0, RESOURCE_ID=net.one97.paytm:id/w_custom_dialog_message]
[debug] [AndroidBootstrap] Received command result from bootstrap
[debug] [MJSONWP] Responding to client with driver.findElement() result: {"ELEMENT":"13"}
[HTTP] <-- POST /wd/hub/session/d81a6222-71b7-42c5-964a-91d22cc4b361/element 200 17 ms - 88 
[debug] [AndroidBootstrap] [BOOTSTRAP LOG] [debug] Returning result: {"status":0,"value":{"ELEMENT":"13"}}
[HTTP] --> POST /wd/hub/session/d81a6222-71b7-42c5-964a-91d22cc4b361/timeouts {"type":"implicit","ms":1000}
[debug] [MJSONWP] Calling AppiumDriver.timeouts() with args: ["implicit",1000,"d81a6222-71b7-42c5-964a-91d22cc4b361"]
[debug] [BaseDriver] Set implicit wait to 1000ms
[debug] [MJSONWP] Responding to client with driver.timeouts() result: null
[HTTP] <-- POST /wd/hub/session/d81a6222-71b7-42c5-964a-91d22cc4b361/timeouts 200 2 ms - 76 
[HTTP] --> GET /wd/hub/session/d81a6222-71b7-42c5-964a-91d22cc4b361/element/13/text {}
[debug] [MJSONWP] Calling AppiumDriver.getText() with args: ["13","d81a6222-71b7-42c5-964a-91d22cc4b361"]
[debug] [AndroidBootstrap] Sending command to android: {"cmd":"action","action":"element:getText","params":{"elementId":"13"}}
[debug] [AndroidBootstrap] [BOOTSTRAP LOG] [debug] Got data from client: {"cmd":"action","action":"element:getText","params":{"elementId":"13"}}
[debug] [AndroidBootstrap] [BOOTSTRAP LOG] [debug] Got command of type ACTION
[debug] [AndroidBootstrap] [BOOTSTRAP LOG] [debug] Got command action: getText
[debug] [AndroidBootstrap] Received command result from bootstrap
[debug] [MJSONWP] Responding to client with driver.getText() result: "Password should be 5-15 length, atleast 1 number/1 alphabet"
[HTTP] <-- GET /wd/hub/session/d81a6222-71b7-42c5-964a-91d22cc4b361/element/13/text 200 23 ms - 133 
[debug] [AndroidBootstrap] [BOOTSTRAP LOG] [debug] Returning result: {"status":0,"value":"Password should be 5-15 length, atleast 1 number\/1 alphabet"}
[HTTP] --> POST /wd/hub/session/d81a6222-71b7-42c5-964a-91d22cc4b361/timeouts {"type":"implicit","ms":0}
[debug] [MJSONWP] Calling AppiumDriver.timeouts() with args: ["implicit",0,"d81a6222-71b7-42c5-964a-91d22cc4b361"]
[debug] [BaseDriver] Set implicit wait to 0ms
[debug] [MJSONWP] Responding to client with driver.timeouts() result: null
[HTTP] <-- POST /wd/hub/session/d81a6222-71b7-42c5-964a-91d22cc4b361/timeouts 200 6 ms - 76 
[HTTP] --> GET /wd/hub/session/d81a6222-71b7-42c5-964a-91d22cc4b361/context {}
[debug] [MJSONWP] Calling AppiumDriver.getCurrentContext() with args: ["d81a6222-71b7-42c5-964a-91d22cc4b361"]
[debug] [MJSONWP] Responding to client with driver.getCurrentContext() result: "NATIVE_APP"
[HTTP] <-- GET /wd/hub/session/d81a6222-71b7-42c5-964a-91d22cc4b361/context 200 5 ms - 84 
[HTTP] --> POST /wd/hub/session/d81a6222-71b7-42c5-964a-91d22cc4b361/element {"using":"id","value":"net.one97.paytm:id/w_custom_dialog_btn_positive"}
[debug] [MJSONWP] Calling AppiumDriver.findElement() with args: ["id","net.one97.paytm:id/w_custom_dialog_btn_positive","d81a6222-71b7-42c5-964a-91d22cc4b361"]
[debug] [BaseDriver] Valid locator strategies for this request: xpath, id, class name, accessibility id, -android uiautomator
[debug] [BaseDriver] Valid locator strategies for this request: xpath, id, class name, accessibility id, -android uiautomator
[debug] [BaseDriver] Waiting up to 0 ms for condition
[debug] [AndroidBootstrap] Sending command to android: {"cmd":"action","action":"find","params":{"strategy":"id","selector":"net.one97.paytm:id/w_custom_dialog_btn_positive","context":"","multiple":false}}
[debug] [AndroidBootstrap] [BOOTSTRAP LOG] [debug] Got data from client: {"cmd":"action","action":"find","params":{"strategy":"id","selector":"net.one97.paytm:id/w_custom_dialog_btn_positive","context":"","multiple":false}}
[debug] [AndroidBootstrap] [BOOTSTRAP LOG] [debug] Got command of type ACTION
[debug] [AndroidBootstrap] [BOOTSTRAP LOG] [debug] Got command action: find
[debug] [AndroidBootstrap] [BOOTSTRAP LOG] [debug] Finding 'net.one97.paytm:id/w_custom_dialog_btn_positive' using 'ID' with the contextId: '' multiple: false
[debug] [AndroidBootstrap] [BOOTSTRAP LOG] [debug] Using: UiSelector[INSTANCE=0, RESOURCE_ID=net.one97.paytm:id/w_custom_dialog_btn_positive]
[debug] [AndroidBootstrap] Received command result from bootstrap
[debug] [MJSONWP] Responding to client with driver.findElement() result: {"ELEMENT":"14"}
[HTTP] <-- POST /wd/hub/session/d81a6222-71b7-42c5-964a-91d22cc4b361/element 200 13 ms - 88 
[debug] [AndroidBootstrap] [BOOTSTRAP LOG] [debug] Returning result: {"status":0,"value":{"ELEMENT":"14"}}
[HTTP] --> POST /wd/hub/session/d81a6222-71b7-42c5-964a-91d22cc4b361/timeouts {"type":"implicit","ms":1000}
[debug] [MJSONWP] Calling AppiumDriver.timeouts() with args: ["implicit",1000,"d81a6222-71b7-42c5-964a-91d22cc4b361"]
[debug] [BaseDriver] Set implicit wait to 1000ms
[debug] [MJSONWP] Responding to client with driver.timeouts() result: null
[HTTP] <-- POST /wd/hub/session/d81a6222-71b7-42c5-964a-91d22cc4b361/timeouts 200 4 ms - 76 
[HTTP] --> POST /wd/hub/session/d81a6222-71b7-42c5-964a-91d22cc4b361/element/14/click {"id":"14"}
[debug] [MJSONWP] Calling AppiumDriver.click() with args: ["14","d81a6222-71b7-42c5-964a-91d22cc4b361"]
[debug] [AndroidBootstrap] Sending command to android: {"cmd":"action","action":"element:click","params":{"elementId":"14"}}
[debug] [AndroidBootstrap] [BOOTSTRAP LOG] [debug] Got data from client: {"cmd":"action","action":"element:click","params":{"elementId":"14"}}
[debug] [AndroidBootstrap] [BOOTSTRAP LOG] [debug] Got command of type ACTION
[debug] [AndroidBootstrap] [BOOTSTRAP LOG] [debug] Got command action: click
[debug] [AndroidBootstrap] Received command result from bootstrap
[debug] [MJSONWP] Responding to client with driver.click() result: true
After Method Execution Starts
[HTTP] <-- POST /wd/hub/session/d81a6222-71b7-42c5-964a-91d22cc4b361/element/14/click 200 3121 ms - 76 
[debug] [AndroidBootstrap] [BOOTSTRAP LOG] [debug] Returning result: {"status":0,"value":true}
[HTTP] --> DELETE /wd/hub/session/d81a6222-71b7-42c5-964a-91d22cc4b361 {}
[debug] [MJSONWP] Calling AppiumDriver.deleteSession() with args: ["d81a6222-71b7-42c5-964a-91d22cc4b361"]
[debug] [BaseDriver] Event 'quitSessionRequested' logged at 1507357481137 (14:24:41 GMT+0800 (Malay Peninsula Standard Time))
[Appium] Removing session d81a6222-71b7-42c5-964a-91d22cc4b361 from our master session list
[debug] [AndroidDriver] Shutting down Android driver
[debug] [ADB] Getting connected devices...
[debug] [ADB] 1 device(s) connected
[debug] [ADB] Running 'E:\Android\android-sdk-windows\platform-tools\adb.exe' with args: ["-P",5037,"-s","emulator-5554","shell","am","force-stop","net.one97.paytm"]
[debug] [ADB] Pressing the HOME button
[debug] [ADB] Getting connected devices...
[debug] [ADB] 1 device(s) connected
[debug] [ADB] Running 'E:\Android\android-sdk-windows\platform-tools\adb.exe' with args: ["-P",5037,"-s","emulator-5554","shell","input","keyevent",3]
[debug] [AndroidBootstrap] Sending command to android: {"cmd":"shutdown"}
[debug] [AndroidBootstrap] Received command result from bootstrap
[debug] [UiAutomator] Shutting down UiAutomator
[debug] [UiAutomator] Moving to state 'stopping'
[debug] [AndroidBootstrap] [BOOTSTRAP LOG] [debug] Got data from client: {"cmd":"shutdown"}
[debug] [AndroidBootstrap] [BOOTSTRAP LOG] [debug] Got command of type SHUTDOWN
[debug] [AndroidBootstrap] [BOOTSTRAP LOG] [debug] Returning result: {"status":0,"value":"OK, shutting down"}
[debug] [UiAutomator] UiAutomator shut down normally
[debug] [UiAutomator] Moving to state 'stopped'
[debug] [ADB] Attempting to kill all uiautomator processes
[debug] [ADB] Getting all processes with uiautomator
[debug] [ADB] Getting connected devices...
[debug] [ADB] 1 device(s) connected
[debug] [ADB] Running 'E:\Android\android-sdk-windows\platform-tools\adb.exe' with args: ["-P",5037,"-s","emulator-5554","shell","ps"]
[ADB] No uiautomator process found to kill, continuing...
[debug] [UiAutomator] Moving to state 'stopped'
[debug] [Logcat] Stopping logcat capture
[debug] [ADB] Getting connected devices...
[debug] [ADB] 1 device(s) connected
[debug] [ADB] Running 'E:\Android\android-sdk-windows\platform-tools\adb.exe' with args: ["-P",5037,"-s","emulator-5554","shell","am","force-stop","io.appium.unlock"]
[debug] [AndroidDriver] Not cleaning generated files. Add `clearSystemFiles` capability if wanted.
[debug] [BaseDriver] Event 'quitSessionFinished' logged at 1507357484202 (14:24:44 GMT+0800 (Malay Peninsula Standard Time))
[debug] [MJSONWP] Received response: null
[debug] [MJSONWP] But deleting session, so not returning
[debug] [MJSONWP] Responding to client with driver.deleteSession() result: null
[HTTP] <-- DELETE /wd/hub/session/d81a6222-71b7-42c5-964a-91d22cc4b361 200 3066 ms - 76 

  @smoke @register
  Scenario Outline: check validation message for Invalid Password                                       ?[90m# Signup.feature:49?[0m
    ?[32mWhen ?[0m?[32muser enters mobile number "?[0m?[32m?[1m9290927170?[0m?[32m"?[0m                                                         ?[90m# SignUp_stepdefs.user_enters_mobile_number(String)?[0m
    ?[32mWhen ?[0m?[32muser enters password "?[0m?[32m?[1mtestprime?[0m?[32m"?[0m                                                               ?[90m# SignUp_stepdefs.user_enters_password(String)?[0m
    ?[32mAnd ?[0m?[32muser hide keyboard?[0m                                                                              ?[90m# Predefined_stepDefs.user_hide_keyboard()?[0m
    ?[32mAnd ?[0m?[32muser click on create new account button2?[0m                                                        ?[90m# SignUp_stepdefs.user_click_on_create_new_account()?[0m
    ?[32mAnd ?[0m?[32muser wait for few seconds?[0m                                                                       ?[90m# Predefined_stepDefs.user_should_wait_for_fewseconds()?[0m
    ?[32mThen ?[0m?[32mThe validation message should be "?[0m?[32m?[1mPassword should be 5-15 length, atleast 1 number/1 alphabet?[0m?[32m"?[0m ?[90m# SignUp_stepdefs.should_show_validation(String)?[0m
    ?[32mAnd ?[0m?[32muser click Ok button?[0m                                                                            ?[90m# SignUp_stepdefs.should_click_OK_button()?[0m

?[31mFailed scenarios:?[0m
?[31mSignup.feature:31 ?[0m# Scenario Outline: check validation message for Invalid mobile number
?[31mSignup.feature:47 ?[0m# Scenario Outline: check validation message for Invalid Password
?[31mSignup.feature:48 ?[0m# Scenario Outline: check validation message for Invalid Password

5 Scenarios (?[31m3 failed?[0m, ?[32m2 passed?[0m)
64 Steps (?[31m3 failed?[0m, ?[36m12 skipped?[0m, ?[32m49 passed?[0m)
5m22.018s

java.lang.AssertionError: Expected element not found on screen: Here is your new Paytm Payments Bank expected [true] but found [false]
	at org.testng.Assert.fail(Assert.java:93)
	at org.testng.Assert.failNotEquals(Assert.java:512)
	at org.testng.Assert.assertTrue(Assert.java:41)
	at utils.Assertion.checkElementExist(Assertion.java:16)
	at stepDefinitions.SignUp_stepdefs.user_is_on_application_homepage(SignUp_stepdefs.java:30)
	at ?.Given user is on application homepage(Signup.feature:7)

org.openqa.selenium.NoSuchElementException: Can't locate an element by this strategy: Locator map: 
- native content: "By.chained({By.id: net.one97.paytm:id/w_custom_dialog_message})" 
- html content: "by id or name "custom_dialog_validation""
	at io.appium.java_client.pagefactory.AppiumElementLocator.findElement(AppiumElementLocator.java:119)
	at io.appium.java_client.pagefactory.interceptors.InterceptorOfASingleElement.intercept(InterceptorOfASingleElement.java:61)
	at io.appium.java_client.android.AndroidElement$$EnhancerByCGLIB$$c0b591f0.getText(<generated>)
	at pageObjects.Signup_pageobjects.checkCustomDialogBoxValidation(Signup_pageobjects.java:101)
	at stepDefinitions.SignUp_stepdefs.should_show_validation(SignUp_stepdefs.java:71)
	at ?.Then The validation message should be "Such common passwords are not allowed."(Signup.feature:42)
Caused by: org.openqa.selenium.TimeoutException: Expected condition failed: waiting for io.appium.java_client.pagefactory.AppiumElementLocator$WaitingFunction@2b786275 (tried for 1 second(s) with 500 MILLISECONDS interval)
	at org.openqa.selenium.support.ui.FluentWait.timeoutException(FluentWait.java:264)
	at org.openqa.selenium.support.ui.FluentWait.until(FluentWait.java:232)
	at io.appium.java_client.pagefactory.AppiumElementLocator.waitFor(AppiumElementLocator.java:91)
	at io.appium.java_client.pagefactory.AppiumElementLocator.findElement(AppiumElementLocator.java:112)
	at io.appium.java_client.pagefactory.interceptors.InterceptorOfASingleElement.intercept(InterceptorOfASingleElement.java:61)
	at io.appium.java_client.android.AndroidElement$$EnhancerByCGLIB$$c0b591f0.getText(<generated>)
	at pageObjects.Signup_pageobjects.checkCustomDialogBoxValidation(Signup_pageobjects.java:101)
	at stepDefinitions.SignUp_stepdefs.should_show_validation(SignUp_stepdefs.java:71)
	at sun.reflect.NativeMethodAccessorImpl.invoke0(Native Method)
	at sun.reflect.NativeMethodAccessorImpl.invoke(NativeMethodAccessorImpl.java:62)
	at sun.reflect.DelegatingMethodAccessorImpl.invoke(DelegatingMethodAccessorImpl.java:43)
	at java.lang.reflect.Method.invoke(Method.java:498)
	at cucumber.runtime.Utils$1.call(Utils.java:40)
	at cucumber.runtime.Timeout.timeout(Timeout.java:16)
	at cucumber.runtime.Utils.invoke(Utils.java:34)
	at cucumber.runtime.java.JavaStepDefinition.execute(JavaStepDefinition.java:38)
	at cucumber.runtime.StepDefinitionMatch.runStep(StepDefinitionMatch.java:37)
	at cucumber.runtime.Runtime.runStep(Runtime.java:300)
	at cucumber.runtime.model.StepContainer.runStep(StepContainer.java:44)
	at cucumber.runtime.model.StepContainer.runSteps(StepContainer.java:39)
	at cucumber.runtime.model.CucumberScenario.run(CucumberScenario.java:44)
	at cucumber.runtime.junit.ExecutionUnitRunner.run(ExecutionUnitRunner.java:102)
	at org.junit.runners.Suite.runChild(Suite.java:128)
	at org.junit.runners.Suite.runChild(Suite.java:27)
	at org.junit.runners.ParentRunner$3.run(ParentRunner.java:290)
	at org.junit.runners.ParentRunner$1.schedule(ParentRunner.java:71)
	at org.junit.runners.ParentRunner.runChildren(ParentRunner.java:288)
	at org.junit.runners.ParentRunner.access$000(ParentRunner.java:58)
	at org.junit.runners.ParentRunner$2.evaluate(ParentRunner.java:268)
	at org.junit.runners.ParentRunner.run(ParentRunner.java:363)
	at cucumber.runtime.junit.ExamplesRunner.run(ExamplesRunner.java:59)
	at org.junit.runners.Suite.runChild(Suite.java:128)
	at org.junit.runners.Suite.runChild(Suite.java:27)
	at org.junit.runners.ParentRunner$3.run(ParentRunner.java:290)
	at org.junit.runners.ParentRunner$1.schedule(ParentRunner.java:71)
	at org.junit.runners.ParentRunner.runChildren(ParentRunner.java:288)
	at org.junit.runners.ParentRunner.access$000(ParentRunner.java:58)
	at org.junit.runners.ParentRunner$2.evaluate(ParentRunner.java:268)
	at org.junit.runners.ParentRunner.run(ParentRunner.java:363)
	at cucumber.runtime.junit.ScenarioOutlineRunner.run(ScenarioOutlineRunner.java:53)
	at cucumber.runtime.junit.FeatureRunner.runChild(FeatureRunner.java:63)
	at cucumber.runtime.junit.FeatureRunner.runChild(FeatureRunner.java:18)
	at org.junit.runners.ParentRunner$3.run(ParentRunner.java:290)
	at org.junit.runners.ParentRunner$1.schedule(ParentRunner.java:71)
	at org.junit.runners.ParentRunner.runChildren(ParentRunner.java:288)
	at org.junit.runners.ParentRunner.access$000(ParentRunner.java:58)
	at org.junit.runners.ParentRunner$2.evaluate(ParentRunner.java:268)
	at org.junit.runners.ParentRunner.run(ParentRunner.java:363)
	at cucumber.runtime.junit.FeatureRunner.run(FeatureRunner.java:70)
	at cucumber.api.junit.Cucumber.runChild(Cucumber.java:95)
	at cucumber.api.junit.Cucumber.runChild(Cucumber.java:38)
	at org.junit.runners.ParentRunner$3.run(ParentRunner.java:290)
	at org.junit.runners.ParentRunner$1.schedule(ParentRunner.java:71)
	at org.junit.runners.ParentRunner.runChildren(ParentRunner.java:288)
	at org.junit.runners.ParentRunner.access$000(ParentRunner.java:58)
	at org.junit.runners.ParentRunner$2.evaluate(ParentRunner.java:268)
	at org.junit.internal.runners.statements.RunBefores.evaluate(RunBefores.java:26)
	at org.junit.runners.ParentRunner.run(ParentRunner.java:363)
	at cucumber.api.junit.Cucumber.run(Cucumber.java:100)
	at org.gradle.api.internal.tasks.testing.junit.JUnitTestClassExecuter.runTestClass(JUnitTestClassExecuter.java:114)
	at org.gradle.api.internal.tasks.testing.junit.JUnitTestClassExecuter.execute(JUnitTestClassExecuter.java:57)
	at org.gradle.api.internal.tasks.testing.junit.JUnitTestClassProcessor.processTestClass(JUnitTestClassProcessor.java:66)
	at org.gradle.api.internal.tasks.testing.SuiteTestClassProcessor.processTestClass(SuiteTestClassProcessor.java:51)
	at sun.reflect.NativeMethodAccessorImpl.invoke0(Native Method)
	at sun.reflect.NativeMethodAccessorImpl.invoke(NativeMethodAccessorImpl.java:62)
	at sun.reflect.DelegatingMethodAccessorImpl.invoke(DelegatingMethodAccessorImpl.java:43)
	at java.lang.reflect.Method.invoke(Method.java:498)
	at org.gradle.internal.dispatch.ReflectionDispatch.dispatch(ReflectionDispatch.java:35)
	at org.gradle.internal.dispatch.ReflectionDispatch.dispatch(ReflectionDispatch.java:24)
	at org.gradle.internal.dispatch.ContextClassLoaderDispatch.dispatch(ContextClassLoaderDispatch.java:32)
	at org.gradle.internal.dispatch.ProxyDispatchAdapter$DispatchingInvocationHandler.invoke(ProxyDispatchAdapter.java:93)
	at com.sun.proxy.$Proxy1.processTestClass(Unknown Source)
	at org.gradle.api.internal.tasks.testing.worker.TestWorker.processTestClass(TestWorker.java:109)
	at sun.reflect.NativeMethodAccessorImpl.invoke0(Native Method)
	at sun.reflect.NativeMethodAccessorImpl.invoke(NativeMethodAccessorImpl.java:62)
	at sun.reflect.DelegatingMethodAccessorImpl.invoke(DelegatingMethodAccessorImpl.java:43)
	at java.lang.reflect.Method.invoke(Method.java:498)
	at org.gradle.internal.dispatch.ReflectionDispatch.dispatch(ReflectionDispatch.java:35)
	at org.gradle.internal.dispatch.ReflectionDispatch.dispatch(ReflectionDispatch.java:24)
	at org.gradle.internal.remote.internal.hub.MessageHubBackedObjectConnection$DispatchWrapper.dispatch(MessageHubBackedObjectConnection.java:146)
	at org.gradle.internal.remote.internal.hub.MessageHubBackedObjectConnection$DispatchWrapper.dispatch(MessageHubBackedObjectConnection.java:128)
	at org.gradle.internal.remote.internal.hub.MessageHub$Handler.run(MessageHub.java:404)
	at org.gradle.internal.concurrent.ExecutorPolicy$CatchAndRecordFailures.onExecute(ExecutorPolicy.java:63)
	at org.gradle.internal.concurrent.ManagedExecutorImpl$1.run(ManagedExecutorImpl.java:46)
	at java.util.concurrent.ThreadPoolExecutor.runWorker(ThreadPoolExecutor.java:1142)
	at java.util.concurrent.ThreadPoolExecutor$Worker.run(ThreadPoolExecutor.java:617)
	at org.gradle.internal.concurrent.ThreadFactoryImpl$ManagedThreadRunnable.run(ThreadFactoryImpl.java:55)
	at java.lang.Thread.run(Thread.java:745)
Caused by: org.openqa.selenium.NoSuchElementException: Cannot locate an element using By.chained({By.id: net.one97.paytm:id/w_custom_dialog_message})
For documentation on this error, please visit: http://seleniumhq.org/exceptions/no_such_element.html
Build info: version: '3.5.3', revision: 'a88d25fe6b', time: '2017-08-29T12:42:44.417Z'
System info: host: 'MYNB244-6074Z72', ip: '169.254.30.55', os.name: 'Windows 7', os.arch: 'amd64', os.version: '6.1', java.version: '1.8.0_74'
Driver info: driver.version: AndroidDriver
	at io.appium.java_client.pagefactory.bys.builder.ByChained.findElement(ByChained.java:72)
	at org.openqa.selenium.remote.RemoteWebDriver.findElement(RemoteWebDriver.java:408)
	at io.appium.java_client.DefaultGenericMobileDriver.findElement(DefaultGenericMobileDriver.java:58)
	at io.appium.java_client.AppiumDriver.findElement(AppiumDriver.java:1)
	at io.appium.java_client.android.AndroidDriver.findElement(AndroidDriver.java:1)
	at io.appium.java_client.pagefactory.bys.ContentMappedBy.findElement(ContentMappedBy.java:36)
	at org.openqa.selenium.remote.RemoteWebDriver.findElement(RemoteWebDriver.java:408)
	at io.appium.java_client.DefaultGenericMobileDriver.findElement(DefaultGenericMobileDriver.java:58)
	at io.appium.java_client.AppiumDriver.findElement(AppiumDriver.java:1)
	at io.appium.java_client.android.AndroidDriver.findElement(AndroidDriver.java:1)
	at io.appium.java_client.pagefactory.AppiumElementLocator.lambda$0(AppiumElementLocator.java:113)
	at io.appium.java_client.pagefactory.AppiumElementLocator$WaitingFunction.apply(AppiumElementLocator.java:167)
	at io.appium.java_client.pagefactory.AppiumElementLocator$WaitingFunction.apply(AppiumElementLocator.java:1)
	at org.openqa.selenium.support.ui.FluentWait.until(FluentWait.java:209)
	... 86 more

org.junit.ComparisonFailure: expected:<[Password should be 5-15 length, atleast 1 number/1 alphabet]> but was:<[Such common passwords are not allowed.]>
	at org.junit.Assert.assertEquals(Assert.java:115)
	at org.junit.Assert.assertEquals(Assert.java:144)
	at pageObjects.Signup_pageobjects.checkCustomDialogBoxValidation(Signup_pageobjects.java:101)
	at stepDefinitions.SignUp_stepdefs.should_show_validation(SignUp_stepdefs.java:71)
	at ?.Then The validation message should be "Password should be 5-15 length, atleast 1 number/1 alphabet"(Signup.feature:42)

]]></system-out>
  <system-err><![CDATA[]]></system-err>
</testsuite>
