<?xml version="1.0" encoding="UTF-8"?>
<testsuite name="com.example.vinayak.paytm.ExampleUnitTest" tests="1" skipped="0" failures="0" errors="0" timestamp="2017-10-07T06:19:21" hostname="MYNB244-6074Z72" time="0.002">
  <properties/>
  <testcase name="addition_isCorrect" classname="com.example.vinayak.paytm.ExampleUnitTest" time="0.002"/>
  <system-out><![CDATA[]]></system-out>
  <system-err><![CDATA[]]></system-err>
</testsuite>
